TN:
SF:C:\Repos\mpmahj\crates\mahjong_ai\src\context.rs
FN:36,VisibleTiles::new
FN:46,VisibleTiles::add_discard
FN:52,VisibleTiles::add_meld
FN:62,VisibleTiles::record_draw
FN:67,VisibleTiles::count_visible
FN:96,VisibleTiles::count_available
FN:122,VisibleTiles::is_dead
FN:129,VisibleTiles::wall_depletion
FN:144,<impl Default for VisibleTiles>::default
FN:197,GamePhaseContext::hand
FN:206,GamePhaseContext::visible
FNF:11
FNDA:5332261958806667264,VisibleTiles::new
FNDA:1873497444986126336,VisibleTiles::add_discard
FNDA:432345564227567616,VisibleTiles::add_meld
FNDA:0,VisibleTiles::record_draw
FNDA:8935141660703064064,VisibleTiles::count_visible
FNDA:16068843470457929727,VisibleTiles::count_available
FNDA:2449958197289549824,VisibleTiles::is_dead
FNDA:144115188075856288,VisibleTiles::wall_depletion
FNDA:0,<impl Default for VisibleTiles>::default
FNDA:0,GamePhaseContext::hand
FNDA:0,GamePhaseContext::visible
DA:36,5332261958806667264
DA:38,10664523917613334528
DA:39,5332261958806667264
DA:40,5332261958806667264
DA:46,1873497444986126336
DA:47,1873497444986126336
DA:48,5620492334958379008
DA:52,432345564227567616
DA:53,3026418949592973312
DA:54,2594073385365405696
DA:55,1297036692682702848
DA:58,2161727821137838080
DA:62,0
DA:63,0
DA:67,8935141660703064064
DA:68,8935141660703064064
DA:96,16068843470457929727
DA:97,720575940379279268
DA:98,12321848580485677464
DA:100,5044031582654955476
DA:102,6557241057451442171
DA:122,2449958197289549824
DA:123,4899916394579099648
DA:129,144115188075856288
DA:134,288230376151712576
DA:135,144115188075856288
DA:136,0
DA:138,144115188075856288
DA:144,0
DA:145,0
DA:197,0
DA:198,0
DA:199,0
DA:200,0
DA:201,0
DA:206,0
DA:207,0
DA:208,0
DA:209,0
DA:210,0
LF:40
LH:25
end_of_record
TN:
SF:C:\Repos\mpmahj\crates\mahjong_ai\src\evaluation.rs
FN:68,StrategicEvaluation::from_analysis
FN:104,StrategicEvaluation::classify_difficulty
FN:139,calculate_difficulty
FN:169,calculate_expected_value
FN:208,check_viability
FN:223,filter_dead_patterns
FN:237,calculate_tile_flexibility
FN:264,calculate_tile_utility
FNF:8
FNDA:5188146770730811390,StrategicEvaluation::from_analysis
FNDA:7854277750134145051,StrategicEvaluation::classify_difficulty
FNDA:5260204364768740510,calculate_difficulty
FNDA:0,calculate_expected_value
FNDA:5332261958806667262,check_viability
FNDA:72057594037928124,filter_dead_patterns
FNDA:216172782113783808,calculate_tile_flexibility
FNDA:216172782113783808,calculate_tile_utility
DA:68,5188146770730811390
DA:74,7493989779944505334
DA:75,7493989779944505334
DA:76,2305843009213693944
DA:78,10376293541461622780
DA:79,9079256848778919932
DA:81,12249790986447749092
DA:85,10376293541461622780
DA:86,10376293541461622780
DA:87,10376293541461622780
DA:92,10376293541461622780
DA:94,5188146770730811390
DA:98,5188146770730811390
DA:100,5188146770730811390
DA:104,7854277750134145051
DA:106,7854277750134145051
DA:107,4683743612465315832
DA:111,10448351135499550744
DA:112,1080863910568919040
DA:116,1945555039024054304
DA:117,9223372036854775803
DA:121,11096869481840902152
DA:139,5260204364768740510
DA:140,10520408729537481020
DA:143,5476377146882527646
DA:144,2882303761517117222
DA:146,1729382256910270440
DA:147,864691128455135487
DA:148,864691128455135487
DA:149,1441151880758559145
DA:154,864691128455135487
DA:156,288230376151711829
DA:160,5260204364768740510
DA:169,0
DA:170,0
DA:171,0
DA:174,0
DA:208,5332261958806667262
DA:209,15564440312192434178
DA:210,6341068275337658373
DA:211,5476377146882525550
DA:212,10952754293765051100
DA:214,11961560610296038583
DA:215,2377900603251621873
DA:219,9223372036854775802
DA:223,72057594037928124
DA:224,288230376151712496
DA:237,216172782113783808
DA:238,432345564227567616
DA:239,216172782113783808
DA:241,648518346341351424
DA:243,432345564227567616
DA:244,432345564227567616
DA:245,1297036692682702848
DA:264,216172782113783808
DA:265,432345564227567616
DA:266,1080863910568919040
DA:268,216172782113783808
DA:270,432345564227567624
DA:271,216172782113783816
DA:272,8
DA:276,1080863910568919040
DA:277,216172782113783808
DA:279,216172782113783808
LF:64
LH:60
end_of_record
TN:
SF:C:\Repos\mpmahj\crates\mahjong_ai\src\hint\mod.rs
FN:22,HintAdvisor::recommend_discard
FN:35,HintAdvisor::recommend_calls
FN:79,HintAdvisor::evaluate_defense
FN:108,HintAdvisor::is_genbutsu
FN:117,HintAdvisor::check_opponent_melds
FN:141,HintAdvisor::same_suit
FNF:6
FNDA:1801439850948198400,HintAdvisor::recommend_discard
FNDA:0,HintAdvisor::recommend_calls
FNDA:2305843009213693952,HintAdvisor::evaluate_defense
FNDA:2233785415175766016,HintAdvisor::is_genbutsu
FNDA:2089670227099910144,HintAdvisor::check_opponent_melds
FNDA:576460752303423488,HintAdvisor::same_suit
DA:22,1801439850948198400
DA:27,3602879701896396800
DA:28,9007199254740992000
DA:35,0
DA:44,0
DA:45,0
DA:47,0
DA:48,0
DA:49,0
DA:50,0
DA:51,0
DA:52,0
DA:53,0
DA:54,0
DA:55,0
DA:56,0
DA:59,0
DA:60,0
DA:61,0
DA:62,0
DA:63,0
DA:64,0
DA:69,0
DA:79,2305843009213693952
DA:81,6917529027641081856
DA:82,288230376151711744
DA:86,6701356245527298048
DA:87,576460752303423488
DA:91,4179340454199820288
DA:93,288230376151711744
DA:96,864691128455135232
DA:99,7205759403792793600
DA:108,2233785415175766016
DA:109,5044031582654955520
DA:117,2089670227099910144
DA:118,4179340454199820288
DA:120,4827858800541171712
DA:121,1873497444986126336
DA:123,3242591731706757120
DA:124,1297036692682702848
DA:126,648518346341351424
DA:127,72057594037927936
DA:130,2161727821137838080
DA:131,216172782113783808
DA:137,2017612633061982208
DA:141,576460752303423488
DA:142,1585267068834414592
DA:143,1152921504606846976
DA:144,1152921504606846976
DA:145,720575940379279360
DA:146,720575940379279360
LF:51
LH:31
end_of_record
TN:
SF:C:\Repos\mpmahj\crates\mahjong_ai\src\mcts\engine.rs
FN:132,MCTSEngine::new
FN:159,MCTSEngine::search
FN:210,MCTSEngine::mcts_iteration
FN:266,MCTSEngine::select_best_child_idx
FN:291,MCTSEngine::most_visited_child
FN:334,MCTSEngine::expand_node
FN:411,MCTSEngine::score_discard
FN:434,MCTSEngine::simulate
FN:467,MCTSEngine::evaluate_position
FNF:9
FNDA:576460752303423488,MCTSEngine::new
FNDA:144115188075855872,MCTSEngine::search
FNDA:576460752303423488,MCTSEngine::mcts_iteration
FNDA:576460752303423488,MCTSEngine::select_best_child_idx
FNDA:144115188075855872,MCTSEngine::most_visited_child
FNDA:360287970189639680,MCTSEngine::expand_node
FNDA:792633534417207296,MCTSEngine::score_discard
FNDA:864691128455135232,MCTSEngine::simulate
FNDA:72057594037927936,MCTSEngine::evaluate_position
DA:132,576460752303423488
DA:137,1152921504606846976
DA:139,576460752303423488
DA:159,144115188075855872
DA:166,288230376151711744
DA:167,720575940379279360
DA:168,432345564227567616
DA:169,288230376151711744
DA:172,576460752303423488
DA:174,288230376151711744
DA:177,144115188075855872
DA:179,1441151880758558720
DA:180,144115188075855872
DA:184,2882303761517117440
DA:188,432345564227567616
DA:189,288230376151711744
DA:190,288230376151711744
DA:210,576460752303423488
DA:217,1729382256910270464
DA:218,1152921504606846976
DA:221,2305843009213693952
DA:222,1152921504606846976
DA:223,576460752303423488
DA:226,2305843009213693952
DA:227,1729382256910270464
DA:228,576460752303423488
DA:230,0
DA:235,576460752303423488
DA:236,1152921504606846976
DA:237,576460752303423488
DA:240,576460752303423488
DA:241,0
DA:244,0
DA:245,0
DA:246,0
DA:251,3458764513820540928
DA:254,4035225266123964416
DA:255,2305843009213693952
DA:266,576460752303423488
DA:267,1152921504606846976
DA:268,1152921504606846976
DA:269,0
DA:272,1152921504606846976
DA:273,576460752303423488
DA:274,576460752303423488
DA:276,5764607523034234880
DA:277,5188146770730811392
DA:278,2305843009213693952
DA:279,5188146770730811392
DA:280,2305843009213693952
DA:281,5188146770730811392
DA:282,10376293541461622784
DA:283,10376293541461622784
DA:291,144115188075855872
DA:292,288230376151711744
DA:293,144115188075855872
DA:294,144115188075855872
DA:296,1585267068834414592
DA:334,360287970189639680
DA:336,1080863910568919040
DA:337,1441151880758558720
DA:338,360287970189639680
DA:339,720575940379279360
DA:342,9367487224930631680
DA:345,360287970189639680
DA:346,576460752303423488
DA:349,216172782113783808
DA:351,864691128455135232
DA:352,4755801206503243776
DA:353,792633534417207296
DA:358,14195346025471803392
DA:361,216172782113783808
DA:362,288230376151711744
DA:364,288230376151711744
DA:368,5692549928996306944
DA:369,7998392938210000896
DA:370,10664523917613334528
DA:371,13330654897016668160
DA:372,10664523917613334528
DA:373,10664523917613334528
DA:374,5332261958806667264
DA:411,792633534417207296
DA:412,2377900603251621888
DA:415,2377900603251621888
DA:416,0
DA:420,3170534137668829184
DA:422,792633534417207296
DA:423,1585267068834414592
DA:424,0
DA:434,864691128455135232
DA:440,1729382256910270464
DA:443,4323455642275676160
DA:447,864691128455135232
DA:448,864691128455135232
DA:449,864691128455135232
DA:450,864691128455135232
DA:451,864691128455135232
DA:452,864691128455135232
DA:467,72057594037927936
DA:474,144115188075855872
DA:475,360287970189639680
DA:476,216172782113783808
DA:477,144115188075855872
DA:479,144115188075855872
DA:481,72057594037927936
DA:482,720575940379279360
DA:483,72057594037927936
DA:486,1729382256910270464
DA:487,864691128455135232
DA:490,144115188075855872
LF:110
LH:102
end_of_record
TN:
SF:C:\Repos\mpmahj\crates\mahjong_ai\src\mcts\node.rs
FN:38,MCTSNode::new
FN:63,MCTSNode::ucb1_score
FN:79,MCTSNode::backpropagate
FN:85,MCTSNode::average_value
FNF:4
FNDA:3458764513820540928,MCTSNode::new
FNDA:10520408729537478656,MCTSNode::ucb1_score
FNDA:1585267068834414592,MCTSNode::backpropagate
FNDA:216172782113783808,MCTSNode::average_value
DA:38,3458764513820540928
DA:44,3458764513820540928
DA:63,10520408729537478656
DA:64,10520408729537478656
DA:65,9583660007044415488
DA:68,1873497444986126336
DA:69,936748722493063168
DA:70,2810246167479189504
DA:72,936748722493063168
DA:79,1585267068834414592
DA:80,1585267068834414592
DA:81,1585267068834414592
DA:85,216172782113783808
DA:86,216172782113783808
DA:87,72057594037927936
DA:89,144115188075855872
LF:16
LH:16
end_of_record
TN:
SF:C:\Repos\mpmahj\crates\mahjong_ai\src\mcts\simulation.rs
FN:25,determinize_wall
FN:64,simulate_playout
FN:102,select_random_discard
FN:127,evaluate_terminal_hand
FNF:4
FNDA:1080863910568919040,determinize_wall
FNDA:936748722493063177,simulate_playout
FNDA:360287970189639680,select_random_discard
FNDA:1008806316530991104,evaluate_terminal_hand
DA:25,1080863910568919040
DA:26,2161727821137838080
DA:29,2954361355555045376
DA:30,1873497444986126336
DA:31,3458764513820540924
DA:32,1080863910568919042
DA:34,18302628885633695742
DA:37,3746994889972252672
DA:38,3746994889972252672
DA:39,3746994889972252672
DA:41,15708555500268290048
DA:42,11096869481840902144
DA:47,2161727821137838080
DA:49,1080863910568919040
DA:64,936748722493063177
DA:72,2810246167479189531
DA:73,1873497444986126354
DA:75,1513209474796486657
DA:77,864691128455135235
DA:78,576460752303423490
DA:80,0
DA:84,864691128455135235
DA:85,1
DA:89,1152921504606846976
DA:90,864691128455135232
DA:91,9
DA:94,288230376151711735
DA:98,3746994889972252704
DA:102,360287970189639680
DA:104,1080863910568919040
DA:105,360287970189639680
DA:107,9007199254740992000
DA:111,360287970189639680
DA:112,720575940379279358
DA:115,4
DA:127,1008806316530991104
DA:128,4035225266123964416
DA:129,2017612633061982208
DA:130,0
DA:134,3026418949592973312
DA:136,4035225266123964430
DA:137,12105675798371893304
DA:138,6052837899185946652
DA:139,6052837899185946652
DA:140,6052837899185946652
DA:141,3026418949592973326
DA:142,3026418949592973326
DA:147,2017612633061982208
DA:148,0
DA:152,4035225266123964416
DA:153,2017612633061982208
DA:155,3026418949592973312
DA:156,2017612633061982208
DA:157,4035225266123964416
DA:158,4035225266123964416
DA:163,2017612633061982208
DA:166,3026418949592973312
DA:169,1008806316530991104
LF:58
LH:55
end_of_record
TN:
SF:C:\Repos\mpmahj\crates\mahjong_ai\src\probability.rs
FN:83,calculate_tile_probability
FN:169,calculate_probability
FN:224,collect_missing_tile_info
FN:281,calculate_hypergeometric_probability
FN:344,hypergeometric_at_least_k
FN:427,calculate_any_tile_probability
FNF:6
FNDA:360287970189639680,calculate_tile_probability
FNDA:5332261958806667262,calculate_probability
FNDA:3746994889972252672,collect_missing_tile_info
FNDA:1729382256910270464,calculate_hypergeometric_probability
FNDA:1801439850948198400,hypergeometric_at_least_k
FNDA:72057594037927936,calculate_any_tile_probability
DA:83,360287970189639680
DA:85,2161727821137838080
DA:86,72057594037927936
DA:88,288230376151711744
DA:92,1441151880758558720
DA:93,1441151880758558720
DA:94,720575940379279360
DA:97,1441151880758558720
DA:99,360287970189639680
DA:100,72057594037927936
DA:103,576460752303423488
DA:104,1152921504606846976
DA:106,288230376151711744
DA:107,0
DA:112,288230376151711744
DA:169,5332261958806667262
DA:171,10664523917613334524
DA:172,5764607523034234866
DA:173,2882303761517117434
DA:174,1729382256910270546
DA:175,288230376151711829
DA:179,5332261958806667262
DA:180,72057594037928124
DA:183,5260204364768739152
DA:184,5260204364768739326
DA:188,7493989779944505318
DA:189,14987979559889010636
DA:191,3746994889972252659
DA:192,34
DA:196,288230376151711679
DA:198,7493989779944505318
DA:199,0
DA:203,12249790986447749120
DA:204,9655717601082343424
DA:205,2017612633061982195
DA:210,6917529027641081856
DA:224,3746994889972252672
DA:229,7493989779944505344
DA:231,14987979559889010686
DA:232,18446744073709551614
DA:233,18446744073709551615
DA:234,4899916394579099660
DA:235,4899916394579099660
DA:238,7205759403792793636
DA:239,3746994889972252672
DA:241,7926335344172072966
DA:243,9799832789158199320
DA:244,4899916394579099660
DA:245,9799832789158199320
DA:247,9799832789158199320
DA:251,3746994889972252672
DA:281,1729382256910270464
DA:286,3458764513820540928
DA:287,0
DA:292,6917529027641081856
DA:294,1729382256910270464
DA:295,0
DA:299,10376293541461622784
DA:304,1729382256910270464
DA:305,1729382256910270464
DA:306,1729382256910270464
DA:307,1729382256910270464
DA:312,5188146770730811392
DA:313,3458764513820540928
DA:315,3458764513820540928
DA:317,0
DA:320,3458764513820540928
DA:344,1801439850948198400
DA:346,1801439850948198400
DA:347,0
DA:350,1801439850948198400
DA:351,0
DA:354,1801439850948198400
DA:355,0
DA:359,7205759403792793600
DA:362,7205759403792793600
DA:367,7205759403792793600
DA:368,3602879701896396800
DA:369,0
DA:373,3602879701896396800
DA:374,2233785415175766016
DA:375,432345564227567616
DA:379,3602879701896396800
DA:427,72057594037927936
DA:433,216172782113783808
DA:434,0
DA:438,144115188075855872
DA:439,288230376151711744
DA:441,72057594037927936
DA:442,0
DA:446,216172782113783808
DA:447,360287970189639680
DA:448,864691128455135232
DA:449,0
DA:451,144115188075855872
DA:453,576460752303423488
DA:454,576460752303423488
DA:455,432345564227567616
DA:458,72057594037927936
DA:459,0
DA:465,72057594037927936
DA:466,72057594037927936
DA:467,144115188075855872
LF:103
LH:90
end_of_record
TN:
SF:C:\Repos\mpmahj\crates\mahjong_ai\src\strategies\greedy.rs
FN:41,GreedyAI::new
FN:49,GreedyAI::evaluate_hand
FN:80,GreedyAI::calculate_max_ev
FN:102,GreedyAI::total_copies
FN:110,GreedyAI::opponent_interest_factor
FN:121,GreedyAI::discard_safety_factor
FN:127,GreedyAI::scarcity_factor
FN:133,GreedyAI::discard_risk_penalty
FN:142,GreedyAI::score_tile_for_charleston
FN:168,<impl MahjongAI for GreedyAI>::select_charleston_tiles
FN:207,<impl MahjongAI for GreedyAI>::vote_charleston
FN:227,<impl MahjongAI for GreedyAI>::select_discard
FN:276,<impl MahjongAI for GreedyAI>::should_call
FN:363,EvaluationCacheKey::new
FNF:14
FNDA:2594073385365405696,GreedyAI::new
FNDA:10592466323575406592,GreedyAI::evaluate_hand
FNDA:10376293541461622784,GreedyAI::calculate_max_ev
FNDA:16140901064495857663,GreedyAI::total_copies
FNDA:10376293541461622784,GreedyAI::opponent_interest_factor
FNDA:9799832789158199296,GreedyAI::discard_safety_factor
FNDA:9799832789158199296,GreedyAI::scarcity_factor
FNDA:8646911284551352320,GreedyAI::discard_risk_penalty
FNDA:1152921504606846976,GreedyAI::score_tile_for_charleston
FNDA:144115188075855872,<impl MahjongAI for GreedyAI>::select_charleston_tiles
FNDA:72057594037927936,<impl MahjongAI for GreedyAI>::vote_charleston
FNDA:2305843009213693952,<impl MahjongAI for GreedyAI>::select_discard
FNDA:1152921504606846976,<impl MahjongAI for GreedyAI>::should_call
FNDA:10592466323575406592,EvaluationCacheKey::new
DA:41,2594073385365405696
DA:43,5188146770730811392
DA:44,2594073385365405696
DA:49,10592466323575406592
DA:56,16068843470457929728
DA:57,7638104968020361216
DA:58,9799832789158199296
DA:61,10016005571271983104
DA:63,17077649786988920832
DA:65,3242591731706757118
DA:66,13546827679130451964
DA:67,13546827679130451964
DA:68,13546827679130451964
DA:70,6196953087261802486
DA:74,10016005571271983104
DA:76,5692549928996306944
DA:80,10376293541461622784
DA:81,2305843009213693952
DA:82,2305843009213693952
DA:84,1297036692682702841
DA:85,12970366926827028472
DA:86,12970366926827028472
DA:87,18446744073709551614
DA:89,5908722711110090754
DA:90,9799832789158199299
DA:91,9799832789158199299
DA:95,10376293541461622784
DA:96,10376293541461622784
DA:98,0
DA:102,16140901064495857663
DA:103,6917529027641081852
DA:104,1729382256910270464
DA:106,14987979559889010687
DA:110,10376293541461622784
DA:111,12682136550675316736
DA:112,10376293541461622784
DA:115,10376293541461622798
DA:118,10376293541461622784
DA:121,9799832789158199296
DA:122,10952754293765046272
DA:123,5764607523034234884
DA:124,1152921504606846976
DA:127,9799832789158199296
DA:128,10952754293765046272
DA:129,10952754293765046272
DA:130,1152921504606846976
DA:133,8646911284551352320
DA:134,16140901064495857664
DA:135,16140901064495857664
DA:136,6341068275337658368
DA:138,17293822569102704640
DA:142,1152921504606846976
DA:150,2305843009213693952
DA:151,0
DA:155,3458764513820540928
DA:156,6917529027641081856
DA:158,5764607523034234880
DA:159,5764607523034234880
DA:160,1152921504606846976
DA:161,4611686018427387904
DA:163,1152921504606846976
DA:168,144115188075855872
DA:175,288230376151711744
DA:178,864691128455135232
DA:181,432345564227567616
DA:182,3891110078048108544
DA:183,3746994889972252672
DA:184,288230376151711744
DA:187,7493989779944505344
DA:188,6917529027641081856
DA:193,720575940379279360
DA:194,1297036692682702848
DA:195,3026418949592973312
DA:196,2017612633061982208
DA:200,144115188075855872
DA:203,144115188075855872
DA:207,72057594037927936
DA:213,432345564227567616
DA:216,1008806316530991104
DA:220,72057594037927936
DA:221,0
DA:223,72057594037927936
DA:227,2305843009213693952
DA:233,4611686018427387904
DA:236,6917529027641081856
DA:238,0
DA:239,0
DA:240,0
DA:241,0
DA:242,0
DA:243,0
DA:246,4611686018427387904
DA:247,4611686018427387904
DA:250,4035225266123964416
DA:251,1729382256910270464
DA:252,1441151880758558720
DA:256,7493989779944505344
DA:257,7493989779944505344
DA:258,0
DA:262,14987979559889010688
DA:263,16140901064495857664
DA:265,6341068275337658368
DA:267,11096869481840902144
DA:268,2449958197289549824
DA:269,2449958197289549824
DA:273,2305843009213693952
DA:276,1152921504606846976
DA:288,2305843009213693952
DA:289,0
DA:293,4611686018427387904
DA:294,2305843009213693952
DA:295,576460752303423488
DA:296,576460752303423488
DA:297,0
DA:300,1152921504606846976
DA:301,0
DA:305,6917529027641081856
DA:306,4611686018427387904
DA:309,3458764513820540928
DA:310,3458764513820540928
DA:313,4611686018427387904
DA:314,5764607523034234880
DA:315,2305843009213693952
DA:316,0
DA:320,1152921504606846976
DA:321,8646911284551352320
DA:322,0
DA:326,3458764513820540928
DA:327,576460752303423488
DA:331,1729382256910270464
DA:332,0
DA:336,3458764513820540928
DA:337,2305843009213693952
DA:340,1152921504606846976
DA:341,1152921504606846976
DA:342,0
DA:343,0
DA:346,2882303761517117440
DA:347,1729382256910270464
DA:348,1729382256910270464
DA:350,1152921504606846976
DA:363,10592466323575406592
DA:365,13330654897016668160
DA:366,13330654897016668160
DA:368,10592466323575406592
LF:145
LH:127
end_of_record
TN:
SF:C:\Repos\mpmahj\crates\mahjong_ai\src\strategies\mcts_ai.rs
FN:35,MCTSAI::new
FN:64,MCTSAI::engine_mut
FN:70,<impl MahjongAI for MCTSAI>::select_charleston_tiles
FN:82,<impl MahjongAI for MCTSAI>::vote_charleston
FN:93,<impl MahjongAI for MCTSAI>::select_discard
FN:114,<impl MahjongAI for MCTSAI>::should_call
FNF:6
FNDA:144115188075855872,MCTSAI::new
FNDA:0,MCTSAI::engine_mut
FNDA:72057594037927936,<impl MahjongAI for MCTSAI>::select_charleston_tiles
FNDA:0,<impl MahjongAI for MCTSAI>::vote_charleston
FNDA:72057594037927936,<impl MahjongAI for MCTSAI>::select_discard
FNDA:0,<impl MahjongAI for MCTSAI>::should_call
DA:35,144115188075855872
DA:37,576460752303423488
DA:38,144115188075855872
DA:64,0
DA:65,0
DA:70,72057594037927936
DA:78,72057594037927936
DA:79,360287970189639680
DA:82,0
DA:89,0
DA:90,0
DA:93,72057594037927936
DA:100,216172782113783808
DA:102,0
DA:103,0
DA:104,0
DA:105,0
DA:106,0
DA:107,0
DA:111,360287970189639680
DA:114,0
DA:126,0
DA:127,0
DA:128,0
DA:129,0
DA:130,0
DA:131,0
DA:132,0
DA:133,0
DA:134,0
LF:30
LH:9
end_of_record
TN:
SF:C:\Repos\mpmahj\crates\mahjong_ai\src\strategies\random.rs
FN:23,RandomAI::new
FN:31,<impl MahjongAI for RandomAI>::select_charleston_tiles
FN:54,<impl MahjongAI for RandomAI>::vote_charleston
FN:68,<impl MahjongAI for RandomAI>::select_discard
FN:87,<impl MahjongAI for RandomAI>::should_call
FNF:5
FNDA:288230376151711744,RandomAI::new
FNDA:0,<impl MahjongAI for RandomAI>::select_charleston_tiles
FNDA:0,<impl MahjongAI for RandomAI>::vote_charleston
FNDA:144115188075855872,<impl MahjongAI for RandomAI>::select_discard
FNDA:0,<impl MahjongAI for RandomAI>::should_call
DA:23,288230376151711744
DA:25,288230376151711744
DA:31,0
DA:39,0
DA:40,0
DA:42,0
DA:47,0
DA:48,0
DA:49,0
DA:54,0
DA:61,0
DA:62,0
DA:64,0
DA:68,144115188075855872
DA:75,4755801206503243776
DA:76,432345564227567616
DA:77,144115188075855872
DA:80,0
DA:81,0
DA:82,0
DA:83,0
DA:87,0
DA:99,0
DA:100,0
DA:104,0
DA:105,0
DA:106,0
DA:107,0
DA:108,0
DA:111,0
DA:112,0
DA:116,0
LF:32
LH:6
end_of_record
TN:
SF:C:\Repos\mpmahj\crates\mahjong_ai\src\trait.rs
FN:31,Difficulty::mcts_iterations
FN:41,Difficulty::uses_mcts
FN:137,create_ai
FN:154,BasicBotAI::new
FN:163,<impl MahjongAI for BasicBotAI>::select_charleston_tiles
FN:173,<impl MahjongAI for BasicBotAI>::vote_charleston
FN:188,<impl MahjongAI for BasicBotAI>::select_discard
FN:197,<impl MahjongAI for BasicBotAI>::should_call
FN:216,load_default_card
FNF:9
FNDA:0,Difficulty::mcts_iterations
FNDA:0,Difficulty::uses_mcts
FNDA:720575940379279360,create_ai
FNDA:0,BasicBotAI::new
FNDA:0,<impl MahjongAI for BasicBotAI>::select_charleston_tiles
FNDA:0,<impl MahjongAI for BasicBotAI>::vote_charleston
FNDA:0,<impl MahjongAI for BasicBotAI>::select_discard
FNDA:0,<impl MahjongAI for BasicBotAI>::should_call
FNDA:0,load_default_card
DA:31,0
DA:32,0
DA:33,0
DA:34,0
DA:35,0
DA:36,0
DA:41,0
DA:42,0
DA:137,720575940379279360
DA:138,720575940379279360
DA:139,576460752303423488
DA:140,0
DA:141,864691128455135232
DA:142,0
DA:154,0
DA:155,0
DA:157,0
DA:163,0
DA:170,0
DA:173,0
DA:179,0
DA:180,0
DA:181,0
DA:182,0
DA:184,0
DA:188,0
DA:194,0
DA:197,0
DA:208,0
DA:209,0
DA:210,0
DA:216,0
DA:217,0
DA:218,0
LF:34
LH:4
end_of_record
TN:
SF:C:\Repos\mpmahj\crates\mahjong_core\src\bot\basic.rs
FN:39,BasicBot::new
FN:76,BasicBot::choose_charleston_tiles
FN:116,BasicBot::choose_discard
FN:141,BasicBot::should_call
FN:201,BasicBot::check_win
FN:208,BasicBot::score_tile
FN:256,BasicBot::count_tile_in_patterns
FNF:7
FNDA:1945555039024054272,BasicBot::new
FNDA:1008806316530991104,BasicBot::choose_charleston_tiles
FNDA:504403158265495552,BasicBot::choose_discard
FNDA:648518346341351424,BasicBot::should_call
FNDA:432345564227567616,BasicBot::check_win
FNDA:17221764975064776704,BasicBot::score_tile
FNDA:16357073846609641472,BasicBot::count_tile_in_patterns
DA:39,1945555039024054272
DA:41,1945555039024054272
DA:76,1008806316530991104
DA:78,4035225266123964416
DA:81,3026418949592973312
DA:83,15132094747964866560
DA:84,7782220156096217088
DA:87,2449958197289549824
DA:88,2810246167479189504
DA:91,6485183463413514240
DA:92,4323455642275676160
DA:96,5044031582654955520
DA:97,2017612633061982208
DA:100,1008806316530991104
DA:103,1008806316530991104
DA:116,504403158265495552
DA:117,2017612633061982208
DA:120,1008806316530991104
DA:121,1008806316530991104
DA:123,14339461213547659264
DA:124,4611686018427387904
DA:126,8430738502437568512
DA:127,1513209474796486656
DA:128,1513209474796486656
DA:132,504403158265495552
DA:141,648518346341351424
DA:143,1297036692682702848
DA:144,144115188075855872
DA:148,2017612633061982208
DA:149,2017612633061982208
DA:152,1008806316530991104
DA:155,504403158265495552
DA:157,288230376151711744
DA:161,864691128455135232
DA:162,432345564227567616
DA:164,216172782113783808
DA:165,216172782113783808
DA:168,648518346341351424
DA:169,864691128455135232
DA:170,864691128455135232
DA:172,432345564227567616
DA:173,0
DA:175,216172782113783808
DA:179,432345564227567616
DA:180,0
DA:182,864691128455135232
DA:185,1297036692682702848
DA:186,1297036692682702848
DA:189,0
DA:190,0
DA:193,0
DA:194,0
DA:196,0
DA:201,432345564227567616
DA:202,1297036692682702848
DA:208,17221764975064776704
DA:209,15996785876420001792
DA:212,15996785876420001792
DA:213,864691128455135232
DA:217,15276209936040722432
DA:218,3098476543630901248
DA:222,10088063165309911040
DA:223,18158513697557839872
DA:224,1801439850948198400
DA:226,16501189034685497344
DA:227,144115188075855872
DA:231,15204152342002794496
DA:232,2377900603251621888
DA:236,7710162562058289152
DA:237,13979173243358019584
DA:241,3026418949592973312
DA:242,7854277750134145024
DA:246,7998392938210000896
DA:247,16357073846609641472
DA:249,16357073846609641472
DA:256,16357073846609641472
DA:257,14267403619509731328
DA:259,16357073846609641472
DA:261,1801439850948198452
DA:263,3891110078048108595
DA:264,7782220156096217192
DA:268,15564440312192434380
DA:270,7
LF:83
LH:76
end_of_record
TN:
SF:C:\Repos\mpmahj\crates\mahjong_core\src\bot_utils.rs
FN:34,calculate_bot_delay
FN:79,calculate_bot_delay_with_progress
FNF:2
FNDA:2161727821137838080,calculate_bot_delay
FNDA:288230376151711744,calculate_bot_delay_with_progress
DA:34,2161727821137838080
DA:35,4323455642275676160
DA:37,4323455642275676160
DA:38,2161727821137838080
DA:39,2882303761517117440
DA:40,2161727821137838080
DA:41,2161727821137838080
DA:42,0
DA:44,0
DA:47,4323455642275676160
DA:79,288230376151711744
DA:84,576460752303423488
DA:87,576460752303423488
DA:89,576460752303423488
DA:91,576460752303423488
DA:92,432345564227567616
DA:93,288230376151711744
DA:94,0
DA:95,432345564227567616
DA:96,0
DA:98,0
DA:102,720575940379279360
DA:103,144115188075855872
DA:105,144115188075855872
DA:108,576460752303423488
LF:25
LH:20
end_of_record
TN:
SF:C:\Repos\mpmahj\crates\mahjong_core\src\call_resolution.rs
FN:56,CallIntent::new
FN:69,CallIntent::priority
FN:97,resolve_calls
FNF:3
FNDA:1441151880758558920,CallIntent::new
FNDA:2882303761517117440,CallIntent::priority
FNDA:1369094286720630784,resolve_calls
DA:56,1441151880758558920
DA:69,2882303761517117440
DA:70,2882303761517117440
DA:71,864691128455135232
DA:72,2017612633061982208
DA:97,1369094286720630784
DA:98,2738188573441261568
DA:99,504403158265495552
DA:104,1729382256910270464
DA:106,3746994889972255532
DA:111,2594073385365405696
DA:113,5188146770730811392
DA:117,864691128455135232
DA:118,1008806316530991104
DA:119,504403158265495552
DA:120,288230376151711744
DA:121,432345564227567616
DA:122,432345564227567616
DA:123,216172782113783808
DA:130,720575940379279360
DA:131,1080863910568919040
DA:132,1080863910568919040
DA:133,360287970189639680
DA:136,864691128455135232
DA:137,2233785415175766016
DA:138,360287970189639680
DA:139,72057594037927936
DA:140,576460752303423488
DA:141,576460752303423488
DA:142,288230376151711744
DA:149,0
LF:31
LH:30
end_of_record
TN:
SF:C:\Repos\mpmahj\crates\mahjong_core\src\command.rs
FN:211,GameCommand::player
FN:258,GameCommand::validate_pass_tile_count
FN:274,GameCommand::contains_jokers
FN:283,GameCommand::discarded_tile
FNF:4
FNDA:10592466323575406592,GameCommand::player
FNDA:6485183463413514240,GameCommand::validate_pass_tile_count
FNDA:8358680908399640576,GameCommand::contains_jokers
FNDA:144115188075855872,GameCommand::discarded_tile
DA:211,10592466323575406592
DA:212,10592466323575406592
DA:213,576460752303423488
DA:214,2449958197289549824
DA:215,15996785876420001792
DA:216,4899916394579099648
DA:217,7205759403792793600
DA:218,5332261958806667264
DA:219,1152921504606846976
DA:220,4323455642275676160
DA:221,2017612633061982208
DA:222,5044031582654955520
DA:223,2594073385365405696
DA:224,288230376151711744
DA:225,432345564227567616
DA:226,144115188075855872
DA:227,0
DA:228,0
DA:229,0
DA:230,144115188075855872
DA:231,0
DA:232,1441151880758558720
DA:233,1729382256910270464
DA:234,864691128455135232
DA:235,576460752303423488
DA:236,0
DA:237,0
DA:238,864691128455135232
DA:258,6485183463413514240
DA:260,6485183463413514240
DA:261,6485183463413514240
DA:263,6485183463413514240
DA:265,12970366926827028480
DA:266,12970366926827028480
DA:268,0
DA:274,8358680908399640576
DA:275,8358680908399640576
DA:276,216172782113783808
DA:277,9871890383196127232
DA:278,0
DA:283,144115188075855872
DA:284,216172782113783808
DA:285,72057594037927936
DA:287,72057594037927936
LF:44
LH:36
end_of_record
TN:
SF:C:\Repos\mpmahj\crates\mahjong_core\src\deck.rs
FN:37,Deck::new
FN:50,Deck::new_with_blanks
FN:96,Deck::shuffle_with_seed
FN:102,Deck::shuffle
FN:115,<impl Default for Deck>::default
FN:138,Wall::from_deck
FN:157,Wall::from_deck_with_seed
FN:164,Wall::from_seed_with_break
FN:169,Wall::from_seed
FN:174,Wall::draw
FN:183,Wall::remaining
FN:188,Wall::total_tiles
FN:205,Wall::deal_initial
FNF:13
FNDA:11961560610296037376,Deck::new
FNDA:11961560610296037478,Deck::new_with_blanks
FNDA:11889503016258109440,Deck::shuffle_with_seed
FNDA:0,Deck::shuffle
FNDA:0,<impl Default for Deck>::default
FNDA:11889503016258109440,Wall::from_deck
FNDA:11889503016258109440,Wall::from_deck_with_seed
FNDA:144115188075855872,Wall::from_seed_with_break
FNDA:576460752303423488,Wall::from_seed
FNDA:10016005571271983103,Wall::draw
FNDA:1657324662872342527,Wall::remaining
FNDA:1008806316530991104,Wall::total_tiles
FNDA:504403158265495552,Wall::deal_initial
DA:37,11961560610296037376
DA:38,11961560610296037376
DA:50,11961560610296037478
DA:51,17437937757178560818
DA:52,17437937757178560818
DA:55,6196953087261802382
DA:56,6052837899185946610
DA:57,11529215046068469740
DA:62,15420325124116578354
DA:63,12682136550675316794
DA:64,9223372036854775934
DA:69,9943947977234055068
DA:70,12105675798371893343
DA:71,4611686018427388098
DA:76,432345564227567514
DA:77,6917529027641081652
DA:81,432345564227567514
DA:82,6917529027641081652
DA:86,11961560610296037478
DA:87,0
DA:88,0
DA:96,11889503016258109440
DA:97,17221764975064776704
DA:98,5332261958806667264
DA:102,0
DA:108,0
DA:109,0
DA:115,0
DA:116,0
DA:138,11889503016258109440
DA:140,5332261958806667264
DA:141,5332261958806667264
DA:157,11889503016258109440
DA:158,5332261958806667264
DA:159,17221764975064776704
DA:160,10664523917613334528
DA:164,144115188075855872
DA:165,432345564227567616
DA:169,576460752303423488
DA:170,1152921504606846976
DA:174,10016005571271983103
DA:175,1585267068834414590
DA:176,144115188075855872
DA:178,10016005571271983103
DA:179,1585267068834414590
DA:183,1657324662872342527
DA:184,6629298651489370108
DA:188,1008806316530991104
DA:189,2017612633061982208
DA:205,504403158265495552
DA:207,504403158265495552
DA:208,0
DA:211,1513209474796486656
DA:212,1008806316530991104
DA:213,1008806316530991104
DA:214,504403158265495552
DA:215,504403158265495552
DA:218,2017612633061982208
DA:219,9079256848778919936
DA:220,11817445422220181504
DA:221,16140901064495857662
DA:226,3026418949592973312
DA:227,3026418949592973312
DA:228,3026418949592973312
DA:229,3026418949592973312
DA:230,3026418949592973312
DA:232,504403158265495552
LF:67
LH:59
end_of_record
TN:
SF:C:\Repos\mpmahj\crates\mahjong_core\src\event.rs
FN:367,GameEvent::is_private
FN:386,GameEvent::target_player
FN:407,GameEvent::is_error
FN:427,GameEvent::is_for_seat
FN:464,GameEvent::associated_player
FNF:5
FNDA:16717361816799286210,GameEvent::is_private
FNDA:0,GameEvent::target_player
FNDA:288230376151711744,GameEvent::is_error
FNDA:12538021362599460863,GameEvent::is_for_seat
FNDA:1297036692682702848,GameEvent::associated_player
DA:367,16717361816799286210
DA:368,8358680908399640576
DA:369,576460752303423488
DA:386,0
DA:387,0
DA:393,0
DA:395,0
DA:396,0
DA:397,0
DA:400,0
DA:402,0
DA:407,288230376151711744
DA:408,432345564227567616
DA:427,12538021362599460863
DA:428,0
DA:429,6341068275337658368
DA:430,1152921504606846976
DA:431,2017612633061982208
DA:435,0
DA:437,0
DA:440,0
DA:442,0
DA:443,0
DA:444,12538021362599460863
DA:464,1297036692682702848
DA:465,1297036692682702848
DA:466,144115188075855872
DA:467,72057594037927936
DA:468,72057594037927936
DA:469,216172782113783808
DA:470,72057594037927936
DA:471,0
DA:472,72057594037927936
DA:473,72057594037927936
DA:474,72057594037927936
DA:475,72057594037927936
DA:476,0
DA:477,0
DA:478,0
DA:479,72057594037927936
DA:480,936748722493063168
DA:481,0
DA:482,288230376151711744
DA:483,288230376151711744
DA:484,72057594037927936
LF:45
LH:26
end_of_record
TN:
SF:C:\Repos\mpmahj\crates\mahjong_core\src\flow.rs
FN:81,GamePhase::transition
FN:215,CharlestonStage::pass_direction
FN:226,CharlestonStage::allows_blind_pass
FN:231,CharlestonStage::is_courtesy_pass
FN:248,CharlestonStage::next
FN:270,CharlestonStage::requires_pass
FN:303,PassDirection::target_from
FN:356,CharlestonState::new
FN:372,CharlestonState::all_players_ready
FN:377,CharlestonState::voting_complete
FN:382,CharlestonState::vote_result
FN:396,CharlestonState::clear_pending_passes
FN:403,CharlestonState::courtesy_pair_ready
FN:416,CharlestonState::courtesy_agreed_count
FN:427,CharlestonState::courtesy_all_pairs_ready
FN:433,CharlestonState::reset_for_next_pass
FN:445,<impl Default for CharlestonState>::default
FN:491,TurnStage::active_player
FN:509,TurnStage::can_player_act
FN:539,TurnStage::next
FNF:20
FNDA:6052837899185946624,GamePhase::transition
FNDA:5620492334958379008,CharlestonStage::pass_direction
FNDA:720575940379279360,CharlestonStage::allows_blind_pass
FNDA:0,CharlestonStage::is_courtesy_pass
FNDA:2377900603251621888,CharlestonStage::next
FNDA:0,CharlestonStage::requires_pass
FNDA:6196953087261802496,PassDirection::target_from
FNDA:2954361355555045376,CharlestonState::new
FNDA:7854277750134145024,CharlestonState::all_players_ready
FNDA:2666130979403333632,CharlestonState::voting_complete
FNDA:648518346341351424,CharlestonState::vote_result
FNDA:1441151880758558720,CharlestonState::clear_pending_passes
FNDA:4899916394579099648,CharlestonState::courtesy_pair_ready
FNDA:5044031582654955520,CharlestonState::courtesy_agreed_count
FNDA:0,CharlestonState::courtesy_all_pairs_ready
FNDA:432345564227567616,CharlestonState::reset_for_next_pass
FNDA:0,<impl Default for CharlestonState>::default
FNDA:216172782113783808,TurnStage::active_player
FNDA:432345564227567616,TurnStage::can_player_act
FNDA:3098476543630901248,TurnStage::next
DA:81,6052837899185946624
DA:82,12105675798371893248
DA:85,504403158265495552
DA:90,576460752303423488
DA:93,576460752303423488
DA:96,576460752303423488
DA:99,792633534417207296
DA:104,504403158265495552
DA:108,2305843009213693952
DA:111,1152921504606846976
DA:112,1152921504606846976
DA:116,288230376151711744
DA:118,72057594037927936
DA:215,5620492334958379008
DA:216,5620492334958379008
DA:217,1729382256910270464
DA:218,1585267068834414592
DA:219,1585267068834414592
DA:220,432345564227567616
DA:221,288230376151711744
DA:226,720575940379279360
DA:227,1152921504606846976
DA:231,0
DA:232,0
DA:248,2377900603251621888
DA:249,2377900603251621888
DA:250,504403158265495552
DA:251,360287970189639680
DA:252,72057594037927936
DA:254,576460752303423488
DA:255,216172782113783808
DA:256,360287970189639680
DA:257,72057594037927936
DA:260,216172782113783808
DA:261,216172782113783808
DA:262,216172782113783808
DA:264,72057594037927936
DA:265,72057594037927936
DA:270,0
DA:271,0
DA:272,0
DA:303,6196953087261802496
DA:304,6196953087261802496
DA:305,4899916394579099648
DA:306,3746994889972252672
DA:307,3746994889972252672
DA:356,2954361355555045376
DA:359,8863084066665136128
DA:365,5908722711110090752
DA:366,2954361355555045376
DA:367,2954361355555045376
DA:372,7854277750134145024
DA:373,16861477004875137024
DA:377,2666130979403333632
DA:378,5332261958806667264
DA:382,648518346341351424
DA:383,648518346341351424
DA:384,72057594037927936
DA:388,4755801206503243776
DA:389,360287970189639680
DA:391,216172782113783808
DA:396,1441151880758558720
DA:397,14411518807585587200
DA:398,5764607523034234880
DA:403,4899916394579099648
DA:404,4899916394579099648
DA:405,9799832789158199296
DA:406,4899916394579099648
DA:407,4899916394579099648
DA:408,4611686018427387904
DA:409,4611686018427387904
DA:410,9223372036854775808
DA:411,4611686018427387904
DA:412,4611686018427387904
DA:416,5044031582654955520
DA:418,1729382256910270464
DA:419,1729382256910270464
DA:421,1729382256910270464
DA:422,0
DA:427,0
DA:428,0
DA:429,0
DA:433,432345564227567616
DA:434,1297036692682702848
DA:435,864691128455135232
DA:436,864691128455135232
DA:437,864691128455135232
DA:438,432345564227567616
DA:440,864691128455135232
DA:445,0
DA:446,0
DA:491,216172782113783808
DA:492,216172782113783808
DA:493,288230376151711744
DA:494,72057594037927936
DA:509,432345564227567616
DA:510,432345564227567616
DA:511,288230376151711744
DA:513,288230376151711744
DA:514,288230376151711744
DA:518,936748722493063168
DA:539,3098476543630901248
DA:540,6196953087261802496
DA:542,216172782113783808
DA:543,216172782113783808
DA:547,3746994889972252672
DA:548,3746994889972252672
DA:549,7493989779944505344
DA:550,7493989779944505344
DA:551,7493989779944505344
DA:553,1873497444986126336
DA:554,1873497444986126336
DA:555,3746994889972252672
DA:556,3746994889972252672
DA:557,1873497444986126336
DA:558,1873497444986126336
DA:559,1873497444986126336
DA:561,1873497444986126336
DA:566,864691128455135232
DA:567,432345564227567616
DA:568,72057594037927936
DA:571,360287970189639680
DA:576,1513209474796486656
DA:577,504403158265495552
DA:578,504403158265495552
DA:579,504403158265495552
DA:581,504403158265495552
DA:585,72057594037927936
LF:128
LH:117
end_of_record
TN:
SF:C:\Repos\mpmahj\crates\mahjong_core\src\hand.rs
FN:40,Hand::new
FN:55,Hand::empty
FN:65,Hand::total_tiles
FN:71,Hand::tile_count
FN:76,Hand::add_tile
FN:86,Hand::remove_tile
FN:98,Hand::has_tile
FN:103,Hand::count_tile
FN:164,Hand::calculate_deficiency
FN:196,Hand::compute_base_deficiency
FN:265,Hand::apply_joker_adjustments
FN:291,Hand::expose_meld
FN:308,Hand::set_joker_assignments
FN:315,Hand::contains_pair
FN:327,Hand::is_isolated
FNF:15
FNDA:11096869481840912205,Hand::new
FNDA:7421932185906577416,Hand::empty
FNDA:5260204364768739328,Hand::total_tiles
FNDA:288230376151711748,Hand::tile_count
FNDA:8286623314361712640,Hand::add_tile
FNDA:11240984669916758016,Hand::remove_tile
FNDA:2449958197289549826,Hand::has_tile
FNDA:5260204364768739328,Hand::count_tile
FNDA:7926335344172072954,Hand::calculate_deficiency
FNDA:7926335344172073413,Hand::compute_base_deficiency
FNDA:7926335344172072977,Hand::apply_joker_adjustments
FNDA:1657324662872342528,Hand::expose_meld
FNDA:4010,Hand::set_joker_assignments
FNDA:3170534137668829185,Hand::contains_pair
FNDA:3530822107858468863,Hand::is_isolated
DA:40,11096869481840912205
DA:41,3746994889972272794
DA:42,6124895493223866834
DA:43,11817445422220177644
DA:49,11096869481840912205
DA:55,7421932185906577416
DA:57,14843864371813154832
DA:58,14843864371813154832
DA:59,7421932185906577416
DA:65,5260204364768739328
DA:66,9295429630892703804
DA:67,10520408729537478656
DA:71,288230376151711748
DA:72,576460752303423496
DA:76,8286623314361712640
DA:77,6413125869375586304
DA:78,8286623314361712640
DA:79,16573246628723425280
DA:86,11240984669916758016
DA:87,9871890383196127224
DA:88,12033618204333965306
DA:89,10160120759347838974
DA:90,1873497444986126332
DA:91,10160120759347838974
DA:93,1080863910568919042
DA:98,2449958197289549826
DA:99,2449958197289549826
DA:103,5260204364768739328
DA:104,5260204364768739328
DA:164,7926335344172072954
DA:169,15852670688344145908
DA:170,5332261958806667246
DA:172,15852670688344145908
DA:173,2738188573441261538
DA:196,7926335344172073413
DA:201,15852670688344146826
DA:202,15852670688344146826
DA:205,2738188573441263833
DA:207,7061644215716938175
DA:208,16717361816799281140
DA:209,16717361816799281140
DA:212,15852670688344145902
DA:213,17582052945254440009
DA:215,18446744073709550763
DA:218,14123288431433915131
DA:219,14987979559889016698
DA:223,17005592192951133262
DA:224,6124895493223874557
DA:226,8142508126285856701
DA:229,8502796096475566631
DA:237,17005592192951133262
DA:238,17005592192951133262
DA:240,15708555500268367795
DA:241,7205759403792801164
DA:245,7926335344172073413
DA:265,7926335344172072977
DA:271,5332261958806667315
DA:272,7926335344172072977
DA:291,1657324662872342528
DA:292,4971973988617027584
DA:293,3314649325744685056
DA:294,9943947977234055168
DA:295,3314649325744685056
DA:299,6917529027641081856
DA:300,10232178353385766912
DA:303,2161727821137838080
DA:304,720575940379279360
DA:308,4010
DA:309,8020
DA:315,3170534137668829185
DA:316,3170534137668829185
DA:327,3530822107858468863
DA:328,3530822107858468863
DA:329,936748722493063167
DA:332,15564440312192434176
DA:336,7493989779944505344
DA:337,3026418949592973312
DA:339,1008806316530991104
DA:340,1729382256910270464
DA:343,12249790986447749120
LF:80
LH:80
end_of_record
TN:
SF:C:\Repos\mpmahj\crates\mahjong_core\src\hint.rs
FN:131,HintData::empty
FN:166,HintData::is_empty
FN:231,CallOpportunity::new
FN:267,DefensiveHint::safe
FN:285,DefensiveHint::risky
FN:303,DefensiveHint::caution
FNF:6
FNDA:576460752303423488,HintData::empty
FNDA:504403158265495552,HintData::is_empty
FNDA:0,CallOpportunity::new
FNDA:2449958197289549824,DefensiveHint::safe
FNDA:144115188075855872,DefensiveHint::risky
FNDA:432345564227567616,DefensiveHint::caution
DA:131,576460752303423488
DA:135,1152921504606846976
DA:136,1152921504606846976
DA:139,576460752303423488
DA:140,576460752303423488
DA:166,504403158265495552
DA:167,1873497444986126336
DA:231,0
DA:267,2449958197289549824
DA:285,144115188075855872
DA:303,432345564227567616
LF:11
LH:10
end_of_record
TN:
SF:C:\Repos\mpmahj\crates\mahjong_core\src\meld.rs
FN:54,MeldType::tile_count
FN:77,Meld::new
FN:105,Meld::tile_count
FN:114,Meld::validate
FN:135,Meld::can_exchange_joker
FN:163,Meld::exchange_joker
FNF:6
FNDA:5908722711110090752,MeldType::tile_count
FNDA:5188146770730811392,Meld::new
FNDA:720575940379279360,Meld::tile_count
FNDA:5764607523034234880,Meld::validate
FNDA:0,Meld::can_exchange_joker
FNDA:0,Meld::exchange_joker
DA:54,5908722711110090752
DA:55,5908722711110090752
DA:56,4611686018427387904
DA:57,1297036692682702848
DA:58,0
DA:77,5188146770730811392
DA:82,10376293541461622784
DA:83,10376293541461622784
DA:85,15564440312192434176
DA:86,10376293541461622784
DA:88,7205759403792793600
DA:89,15996785876420001792
DA:90,2161727821137838080
DA:100,10376293541461622784
DA:101,5188146770730811392
DA:105,720575940379279360
DA:106,1441151880758558720
DA:114,5764607523034234880
DA:115,17293822569102704640
DA:116,0
DA:118,11529215046068469760
DA:119,5764607523034234880
DA:121,17293822569102704640
DA:122,11529215046068469760
DA:123,6052837899185946624
DA:124,18014398509481984000
DA:125,0
DA:128,5764607523034234880
DA:135,0
DA:136,0
DA:137,0
DA:138,0
DA:140,0
DA:141,0
DA:143,0
DA:145,0
DA:163,0
DA:164,0
DA:165,0
DA:167,0
DA:168,0
DA:170,0
DA:171,0
DA:172,0
DA:173,0
DA:174,0
LF:46
LH:25
end_of_record
TN:
SF:C:\Repos\mpmahj\crates\mahjong_core\src\player.rs
FN:56,Seat::right
FN:66,Seat::across
FN:76,Seat::left
FN:94,Seat::all
FN:106,Seat::index
FN:123,Seat::from_index
FN:163,Player::new
FN:184,Player::is_active
FN:191,Player::can_act
FNF:9
FNDA:6773413839565225984,Seat::right
FNDA:8718968878589280256,Seat::across
FNDA:4395513236313604096,Seat::left
FNDA:15060037153926938624,Seat::all
FNDA:6052837899185946624,Seat::index
FNDA:360287970189639796,Seat::from_index
FNDA:3674937295934324736,Player::new
FNDA:216172782113783808,Player::is_active
FNDA:2522015791327477760,Player::can_act
DA:56,6773413839565225984
DA:57,6773413839565225984
DA:58,4467570830351532032
DA:59,792633534417207296
DA:60,792633534417207296
DA:61,720575940379279360
DA:66,8718968878589280256
DA:67,8718968878589280256
DA:68,3963167672086036480
DA:69,1657324662872342528
DA:70,1585267068834414592
DA:71,1513209474796486656
DA:76,4395513236313604096
DA:77,4395513236313604096
DA:78,2810246167479189504
DA:79,504403158265495552
DA:80,504403158265495552
DA:81,576460752303423488
DA:94,15060037153926938624
DA:95,8286623314361712640
DA:106,6052837899185946624
DA:107,6052837899185946624
DA:108,5476377146882523136
DA:109,6773413839565225984
DA:110,6629298651489370112
DA:111,5620492334958379008
DA:123,360287970189639796
DA:124,360287970189639796
DA:125,72057594037928052
DA:126,72057594037927936
DA:127,72057594037927936
DA:128,72057594037927936
DA:129,72057594037927936
DA:163,3674937295934324736
DA:167,7349874591868649472
DA:184,216172782113783808
DA:185,360287970189639680
DA:191,2522015791327477760
DA:192,2594073385365405696
LF:39
LH:39
end_of_record
TN:
SF:C:\Repos\mpmahj\crates\mahjong_core\src\rules\card.rs
FN:120,UnifiedCard::from_json
FN:158,UnifiedCard::to_analysis_table
FNF:2
FNDA:7133701809754866074,UnifiedCard::from_json
FNDA:7133701809754865696,UnifiedCard::to_analysis_table
DA:120,7133701809754866074
DA:121,14267403619509732148
DA:158,7133701809754865696
DA:159,14267403619509731392
DA:160,7998392938210000884
DA:161,2233785415175766111
DA:162,13979173243358019698
DA:163,13979173243358019698
DA:164,13979173243358019698
DA:165,13979173243358019698
DA:166,13979173243358019698
DA:167,3170534137668829260
DA:168,3170534137668829260
DA:169,13979173243358019698
DA:170,10808639105689190438
DA:174,7133701809754865696
LF:16
LH:16
end_of_record
TN:
SF:C:\Repos\mpmahj\crates\mahjong_core\src\rules\validator.rs
FN:59,HandValidator::new
FN:84,HandValidator::analyze
FN:137,HandValidator::validate_win
FN:165,HandValidator::histogram_for_variation
FNF:4
FNDA:7133701809754865705,HandValidator::new
FNDA:1008806316530991104,HandValidator::analyze
FNDA:4899916394579099666,HandValidator::validate_win
FNDA:17437937757178560508,HandValidator::histogram_for_variation
DA:59,7133701809754865705
DA:61,7133701809754865705
DA:84,1008806316530991104
DA:85,4035225266123964416
DA:87,7205759403792793595
DA:89,576460752303424049
DA:90,3069
DA:93,9223372036854775768
DA:98,9223372036854775784
DA:99,9223372036854775784
DA:100,9223372036854775784
DA:101,18446744073709551600
DA:102,18446744073709551600
DA:103,9223372036854775800
DA:108,7566047373982433311
DA:109,11096869481840902206
DA:110,15348267530078606061
DA:111,10088063165309952204
DA:115,5044031582654955520
DA:137,4899916394579099666
DA:139,4899916394579099666
DA:140,1729382256910270466
DA:143,12682136550675316800
DA:145,6341068275337658400
DA:146,3170534137668829200
DA:147,504403158265495552
DA:150,2666130979403333648
DA:165,17437937757178560508
DA:166,17437937757178560508
DA:168,1873497444986126324
DA:169,15420325124116614496
LF:31
LH:31
end_of_record
TN:
SF:C:\Repos\mpmahj\crates\mahjong_core\src\scoring.rs
FN:62,calculate_score
FN:122,calculate_payments
FN:191,calculate_next_dealer
FN:238,build_win_result
FN:302,build_draw_result
FN:347,build_abandon_result
FN:378,is_hand_concealed
FNF:7
FNDA:1513209474796486656,calculate_score
FNDA:1873497444986126336,calculate_payments
FNDA:1729382256910270464,calculate_next_dealer
FNDA:1224979098644774912,build_win_result
FNDA:216172782113783808,build_draw_result
FNDA:0,build_abandon_result
FNDA:1369094286720630784,is_hand_concealed
DA:62,1513209474796486656
DA:67,3026418949592973312
DA:70,3026418949592973312
DA:71,1369094286720630784
DA:73,144115188075855872
DA:76,3026418949592973312
DA:77,792633534417207296
DA:79,720575940379279360
DA:83,3026418949592973312
DA:85,3026418949592973312
DA:88,3026418949592973312
DA:89,720575940379279360
DA:90,1152921504606846976
DA:94,10592466323575406592
DA:122,1873497444986126336
DA:129,3746994889972252672
DA:132,2449958197289549824
DA:133,1152921504606846976
DA:136,648518346341351424
DA:137,72057594037927936
DA:140,2305843009213693952
DA:141,576460752303423488
DA:145,5188146770730811392
DA:147,11673330234144325632
DA:148,5188146770730811392
DA:149,1297036692682702848
DA:152,7782220156096217088
DA:155,7782220156096217088
DA:156,3891110078048108544
DA:160,6485183463413514240
DA:161,2594073385365405696
DA:164,15564440312192434176
DA:167,1297036692682702848
DA:191,1729382256910270464
DA:192,1369094286720630784
DA:193,2810246167479189504
DA:195,720575940379279360
DA:199,2017612633061982208
DA:238,1224979098644774912
DA:246,2449958197289549824
DA:247,1513209474796486656
DA:248,1224979098644774912
DA:252,6124895493223874560
DA:255,2449958197289549824
DA:256,2449958197289549824
DA:258,13618885273168379904
DA:259,12393906174523604992
DA:260,3098476543630901248
DA:262,4899916394579099648
DA:265,4899916394579099648
DA:268,2449958197289549824
DA:269,2449958197289549824
DA:270,2449958197289549824
DA:302,216172782113783808
DA:303,864691128455135232
DA:305,432345564227567616
DA:307,1080863910568919040
DA:347,0
DA:353,0
DA:355,0
DA:357,0
DA:367,0
DA:378,1369094286720630784
DA:379,2738188573441261568
LF:64
LH:59
end_of_record
TN:
SF:C:\Repos\mpmahj\crates\mahjong_core\src\snapshot.rs
FN:108,GameStateSnapshot::card_year
FN:122,GameStateSnapshot::timer_mode
FN:137,GameStateSnapshot::timers_visible
FNF:3
FNDA:72057594037927936,GameStateSnapshot::card_year
FNDA:360287970189639721,GameStateSnapshot::timer_mode
FNDA:288230376151711744,GameStateSnapshot::timers_visible
DA:108,72057594037927936
DA:109,72057594037927936
DA:122,360287970189639721
DA:123,360287970189639721
DA:137,288230376151711744
DA:138,432345564227567616
LF:6
LH:6
end_of_record
TN:
SF:C:\Repos\mpmahj\crates\mahjong_core\src\table\bot.rs
FN:10,get_bot_command
FNF:1
FNDA:0,get_bot_command
DA:10,0
DA:15,0
DA:17,0
DA:19,0
DA:20,0
DA:21,0
DA:22,0
DA:23,0
DA:24,0
DA:31,0
DA:32,0
DA:33,0
DA:34,0
DA:35,0
DA:39,0
DA:44,0
DA:46,0
DA:47,0
DA:48,0
DA:49,0
DA:52,0
DA:54,0
DA:55,0
DA:56,0
DA:60,0
DA:61,0
DA:62,0
DA:63,0
DA:64,0
DA:67,0
DA:69,0
DA:70,0
DA:72,0
DA:74,0
DA:75,0
DA:76,0
DA:80,0
DA:81,0
DA:82,0
DA:83,0
DA:85,0
DA:89,0
DA:90,0
DA:91,0
DA:98,0
DA:102,0
DA:103,0
DA:108,0
DA:109,0
DA:111,0
DA:115,0
DA:116,0
DA:120,0
DA:122,0
DA:123,0
DA:124,0
DA:125,0
DA:126,0
DA:131,0
DA:132,0
DA:137,0
DA:138,0
DA:139,0
DA:141,0
DA:143,0
DA:144,0
DA:146,0
DA:147,0
DA:148,0
DA:149,0
DA:150,0
DA:155,0
DA:156,0
DA:157,0
DA:158,0
DA:163,0
DA:167,0
LF:77
LH:0
end_of_record
TN:
SF:C:\Repos\mpmahj\crates\mahjong_core\src\table\handlers\charleston.rs
FN:22,remove_tiles_from_players
FN:52,calculate_exchanges
FN:83,apply_exchanges
FN:123,advance_charleston_stage
FN:211,pass_tiles
FN:270,vote_charleston
FN:324,propose_courtesy_pass
FN:382,accept_courtesy_pass
FNF:8
FNDA:5908722711110090752,remove_tiles_from_players
FNDA:1441151880758558720,calculate_exchanges
FNDA:1441151880758558720,apply_exchanges
FNDA:1441151880758558720,advance_charleston_stage
FNDA:5908722711110090752,pass_tiles
FNDA:1729382256910270464,vote_charleston
FNDA:2882303761517117440,propose_courtesy_pass
FNDA:1729382256910270464,accept_courtesy_pass
DA:22,5908722711110090752
DA:24,17726168133330272256
DA:25,3314649325744685056
DA:26,16717361816799281152
DA:31,11817445422220181504
DA:32,11817445422220181504
DA:33,5908722711110090752
DA:52,1441151880758558720
DA:53,2882303761517117440
DA:55,2882303761517117440
DA:56,2882303761517117440
DA:58,7205759403792793600
DA:59,4611686018427387904
DA:60,10376293541461622784
DA:61,4611686018427387904
DA:67,1441151880758558720
DA:83,1441151880758558720
DA:84,2882303761517117440
DA:86,288230376151711744
DA:87,17293822569102704640
DA:88,2305843009213693952
DA:89,16140901064495857664
DA:91,17293822569102704640
DA:92,11529215046068469760
DA:93,11529215046068469760
DA:94,5764607523034234880
DA:99,1441151880758558720
DA:123,1441151880758558720
DA:124,2882303761517117440
DA:127,2882303761517117440
DA:128,288230376151711744
DA:129,0
DA:130,1152921504606846976
DA:138,1152921504606846976
DA:139,2305843009213693952
DA:142,0
DA:146,4323455642275676160
DA:147,2882303761517117440
DA:148,1441151880758558720
DA:152,4323455642275676160
DA:155,2882303761517117440
DA:156,4323455642275676160
DA:157,4323455642275676160
DA:158,2882303761517117440
DA:159,2882303761517117440
DA:160,1441151880758558720
DA:161,1441151880758558720
DA:167,2882303761517117440
DA:169,1441151880758558720
DA:211,5908722711110090752
DA:218,11096869481840902144
DA:221,17726168133330272256
DA:222,11817445422220181504
DA:223,5908722711110090752
DA:224,5908722711110090752
DA:225,17726168133330272256
DA:226,17726168133330272256
DA:229,11817445422220181504
DA:231,4323455642275676160
DA:232,2882303761517117440
DA:235,2882303761517117440
DA:236,5764607523034234880
DA:237,1441151880758558720
DA:239,4467570830351532032
DA:242,0
DA:246,7349874591868649472
DA:247,7205759403792793600
DA:248,5764607523034234880
DA:251,7205759403792793600
DA:252,2882303761517117440
DA:255,5908722711110090752
DA:270,1729382256910270464
DA:271,5188146770730811392
DA:273,3458764513820540928
DA:274,6917529027641081856
DA:277,3458764513820540928
DA:278,864691128455135232
DA:279,1297036692682702848
DA:282,864691128455135232
DA:286,864691128455135232
DA:287,432345564227567616
DA:288,864691128455135232
DA:290,432345564227567616
DA:291,864691128455135232
DA:294,864691128455135232
DA:296,1297036692682702848
DA:298,1297036692682702848
DA:299,1297036692682702848
DA:300,864691128455135232
DA:301,864691128455135232
DA:302,432345564227567616
DA:303,432345564227567616
DA:310,1729382256910270464
DA:324,2882303761517117440
DA:325,8646911284551352320
DA:327,5764607523034234880
DA:328,2882303761517117440
DA:329,2882303761517117440
DA:330,8646911284551352320
DA:333,7782220156096217088
DA:334,1729382256910270464
DA:336,1152921504606846976
DA:340,8646911284551352320
DA:342,2882303761517117440
DA:343,2882303761517117440
DA:345,4323455642275676160
DA:346,2882303761517117440
DA:348,2882303761517117440
DA:352,1873497444986126336
DA:353,1297036692682702848
DA:354,864691128455135232
DA:355,432345564227567616
DA:356,432345564227567616
DA:361,4323455642275676160
DA:362,1441151880758558720
DA:363,1441151880758558720
DA:368,2882303761517117440
DA:382,1729382256910270464
DA:383,3458764513820540928
DA:386,4755801206503243776
DA:387,864691128455135232
DA:389,864691128455135232
DA:392,5188146770730811392
DA:393,5188146770730811392
DA:395,0
DA:399,3458764513820540928
DA:400,3458764513820540928
DA:403,0
DA:407,5188146770730811392
DA:408,5188146770730811392
DA:409,2305843009213693952
DA:414,5188146770730811392
DA:415,3458764513820540928
DA:416,1729382256910270464
DA:420,5188146770730811392
DA:421,3458764513820540928
DA:423,3458764513820540928
DA:424,6917529027641081856
DA:425,5188146770730811392
DA:428,5188146770730811392
DA:429,3458764513820540928
DA:430,1729382256910270464
DA:431,3458764513820540928
DA:432,5188146770730811392
DA:433,1729382256910270464
DA:434,1729382256910270464
DA:435,1729382256910270464
DA:436,3458764513820540928
DA:437,5188146770730811392
DA:438,1729382256910270464
DA:440,1729382256910270464
DA:443,1729382256910270464
DA:446,1729382256910270464
DA:450,1297036692682702848
DA:451,1297036692682702848
DA:453,1297036692682702848
DA:454,1297036692682702848
DA:459,3891110078048108544
DA:460,432345564227567616
DA:465,4323455642275676160
DA:466,2594073385365405696
DA:467,4323455642275676160
DA:468,2305843009213693952
DA:470,2594073385365405696
DA:471,1729382256910270464
DA:472,2594073385365405696
DA:473,864691128455135232
DA:479,2161727821137838080
DA:480,1729382256910270464
DA:481,1729382256910270464
DA:482,1297036692682702848
DA:483,432345564227567616
DA:486,1729382256910270464
LF:173
LH:168
end_of_record
TN:
SF:C:\Repos\mpmahj\crates\mahjong_core\src\table\handlers\playing.rs
FN:24,draw_tile
FN:95,discard_tile
FN:157,declare_call_intent
FN:204,pass
FN:228,resolve_call_window
FNF:5
FNDA:288230376151711744,draw_tile
FNDA:1801439850948198400,discard_tile
FNDA:720575940379279360,declare_call_intent
FNDA:2017612633061982208,pass
FNDA:864691128455135232,resolve_call_window
DA:24,288230376151711744
DA:25,576460752303423488
DA:27,432345564227567616
DA:29,576460752303423488
DA:30,288230376151711744
DA:34,432345564227567616
DA:35,288230376151711744
DA:36,144115188075855872
DA:40,432345564227567616
DA:41,288230376151711744
DA:42,144115188075855872
DA:46,288230376151711744
DA:47,864691128455135232
DA:48,432345564227567616
DA:49,288230376151711744
DA:50,432345564227567616
DA:51,144115188075855872
DA:52,144115188075855872
DA:58,432345564227567616
DA:59,144115188075855872
DA:63,432345564227567616
DA:64,144115188075855872
DA:66,1873497444986126336
DA:70,576460752303423488
DA:72,432345564227567616
DA:74,432345564227567616
DA:75,144115188075855872
DA:76,144115188075855872
DA:80,288230376151711744
DA:95,1801439850948198400
DA:96,3602879701896396800
DA:99,7205759403792793600
DA:100,3602879701896396800
DA:104,5404319552844595200
DA:105,1801439850948198400
DA:106,1801439850948198400
DA:109,5404319552844595200
DA:112,3602879701896396800
DA:113,7205759403792793600
DA:115,5404319552844595200
DA:116,1801439850948198400
DA:119,3602879701896396800
DA:123,1801439850948198400
DA:124,1801439850948198400
DA:125,1801439850948198400
DA:126,1801439850948198400
DA:128,1801439850948198400
DA:130,5404319552844595200
DA:131,3602879701896396800
DA:132,3602879701896396800
DA:133,9007199254740992000
DA:134,3602879701896396800
DA:135,1801439850948198400
DA:136,1801439850948198400
DA:142,1801439850948198400
DA:157,720575940379279360
DA:164,720575940379279360
DA:165,720575940379279360
DA:167,720575940379279360
DA:171,1441151880758558720
DA:174,3602879701896396800
DA:175,2161727821137838080
DA:178,2161727821137838080
DA:181,1441151880758558720
DA:182,288230376151711744
DA:186,576460752303423488
DA:204,2017612633061982208
DA:206,4035225266123964416
DA:207,6052837899185946624
DA:210,4035225266123964416
DA:211,1441151880758558720
DA:215,1297036692682702848
DA:228,864691128455135232
DA:229,1729382256910270464
DA:232,864691128455135232
DA:233,864691128455135232
DA:234,864691128455135232
DA:236,864691128455135232
DA:238,2594073385365405696
DA:239,1729382256910270464
DA:240,1729382256910270464
DA:243,3458764513820540928
DA:245,2594073385365405696
DA:246,864691128455135232
DA:250,864691128455135232
DA:253,1297036692682702848
DA:255,864691128455135232
DA:256,864691128455135232
DA:257,1297036692682702848
DA:259,1297036692682702848
DA:260,864691128455135232
DA:261,864691128455135232
DA:262,1297036692682702848
DA:263,432345564227567616
DA:264,432345564227567616
DA:269,576460752303423488
DA:272,1152921504606846976
DA:273,288230376151711744
DA:277,1152921504606846976
DA:278,864691128455135232
DA:282,576460752303423488
DA:283,0
DA:284,0
DA:285,288230376151711744
DA:288,864691128455135232
DA:289,576460752303423488
DA:290,288230376151711744
DA:291,288230376151711744
DA:295,288230376151711744
DA:296,0
DA:298,0
DA:299,0
DA:303,0
DA:304,0
DA:305,0
DA:306,0
DA:310,0
DA:311,0
DA:315,0
DA:316,0
DA:318,0
DA:322,0
DA:323,0
DA:325,0
DA:326,0
DA:328,0
DA:329,0
DA:330,0
DA:333,0
DA:338,576460752303423488
DA:339,576460752303423488
DA:340,864691128455135232
DA:342,864691128455135232
DA:343,576460752303423488
DA:344,576460752303423488
DA:345,864691128455135232
DA:346,288230376151711744
DA:347,288230376151711744
DA:352,288230376151711744
DA:356,288230376151711744
DA:364,864691128455135232
LF:141
LH:119
end_of_record
TN:
SF:C:\Repos\mpmahj\crates\mahjong_core\src\table\handlers\setup.rs
FN:23,roll_dice
FN:75,ready_to_start
FNF:2
FNDA:504403158265495552,roll_dice
FNDA:2882303761517117440,ready_to_start
DA:23,504403158265495552
DA:25,1008806316530991104
DA:26,2017612633061982208
DA:29,2017612633061982208
DA:31,1008806316530991104
DA:32,504403158265495552
DA:33,504403158265495552
DA:34,504403158265495552
DA:39,1008806316530991104
DA:40,1008806316530991104
DA:43,1008806316530991104
DA:45,5548434740920451072
DA:46,7638104968020361216
DA:47,9007199254740992000
DA:48,3602879701896396800
DA:51,5404319552844595200
DA:52,1801439850948198400
DA:58,1008806316530991104
DA:61,504403158265495552
DA:75,2882303761517117440
DA:76,8646911284551352320
DA:78,5764607523034234880
DA:81,3602879701896396800
DA:83,2161727821137838080
DA:86,2161727821137838080
DA:87,2161727821137838080
DA:89,2882303761517117440
DA:90,1441151880758558720
DA:93,2161727821137838080
DA:94,1441151880758558720
DA:95,1441151880758558720
DA:96,720575940379279360
DA:97,720575940379279360
DA:101,2882303761517117440
LF:34
LH:34
end_of_record
TN:
SF:C:\Repos\mpmahj\crates\mahjong_core\src\table\handlers\win.rs
FN:24,declare_mahjong
FN:117,abandon_game
FN:156,exchange_joker
FN:201,exchange_blank
FNF:4
FNDA:1152921504606846976,declare_mahjong
FNDA:0,abandon_game
FNDA:0,exchange_joker
FNDA:72057594037927936,exchange_blank
DA:24,1152921504606846976
DA:30,3458764513820540928
DA:32,2305843009213693952
DA:33,1152921504606846976
DA:35,1152921504606846976
DA:37,2305843009213693952
DA:38,0
DA:39,0
DA:40,0
DA:41,0
DA:43,0
DA:44,0
DA:45,0
DA:47,0
DA:51,2594073385365405696
DA:53,864691128455135232
DA:55,864691128455135232
DA:62,3170534137668829184
DA:63,2305843009213693952
DA:67,3458764513820540928
DA:69,2305843009213693952
DA:71,1152921504606846976
DA:72,3458764513820540928
DA:75,3458764513820540928
DA:76,1152921504606846976
DA:78,14987979559889010688
DA:83,1152921504606846976
DA:84,2305843009213693952
DA:85,1152921504606846976
DA:86,1152921504606846976
DA:89,3458764513820540928
DA:91,3458764513820540928
DA:92,1152921504606846976
DA:93,1152921504606846976
DA:94,1152921504606846976
DA:97,3458764513820540928
DA:98,1152921504606846976
DA:99,1152921504606846976
DA:102,1152921504606846976
DA:117,0
DA:118,0
DA:119,0
DA:120,0
DA:124,0
DA:125,0
DA:127,0
DA:131,0
DA:134,0
DA:136,0
DA:137,0
DA:138,0
DA:141,0
DA:156,0
DA:163,0
DA:166,0
DA:167,0
DA:168,0
DA:169,0
DA:175,0
DA:176,0
DA:177,0
DA:179,0
DA:180,0
DA:181,0
DA:182,0
DA:183,0
DA:187,0
DA:201,72057594037927936
DA:203,216172782113783808
DA:204,72057594037927936
DA:206,0
DA:210,216172782113783808
DA:212,432345564227567616
DA:213,144115188075855872
DA:217,216172782113783808
DA:218,144115188075855872
DA:223,216172782113783808
DA:224,144115188075855872
DA:227,144115188075855872
LF:79
LH:42
end_of_record
TN:
SF:C:\Repos\mpmahj\crates\mahjong_core\src\table\mod.rs
FN:84,Table::new
FN:99,Table::new_with_rules
FN:126,Table::get_player
FN:140,Table::get_player_mut
FN:146,Table::is_player_turn
FN:151,Table::set_validator
FN:165,Table::advance_turn
FN:185,Table::transition_phase
FN:219,Table::process_command
FN:324,Table::create_snapshot
FN:338,Table::create_full_snapshot
FN:354,Table::from_snapshot
FN:424,Table::get_bot_command
FNF:13
FNDA:9151314442816847872,Table::new
FNDA:10664523917613334528,Table::new_with_rules
FNDA:12898309332789100544,Table::get_player
FNDA:720575940379279360,Table::get_player_mut
FNDA:0,Table::is_player_turn
FNDA:432345564227567616,Table::set_validator
FNDA:288230376151711744,Table::advance_turn
FNDA:5548434740920451072,Table::transition_phase
FNDA:2305843009213693952,Table::process_command
FNDA:864691128455135232,Table::create_snapshot
FNDA:0,Table::create_full_snapshot
FNDA:144115188075855872,Table::from_snapshot
FNDA:0,Table::get_bot_command
DA:84,9151314442816847872
DA:85,18158513697557839872
DA:99,10664523917613334528
DA:101,13546827679130451968
DA:105,2882303761517117440
DA:107,2882303761517117440
DA:116,10664523917613334528
DA:126,12898309332789100544
DA:127,1801439850948198400
DA:140,720575940379279360
DA:141,2161727821137838080
DA:146,0
DA:147,0
DA:151,432345564227567616
DA:152,864691128455135232
DA:165,288230376151711744
DA:166,288230376151711744
DA:167,288230376151711744
DA:185,5548434740920451072
DA:186,11096869481840902144
DA:187,5548434740920451072
DA:188,11096869481840902144
DA:189,5548434740920451072
DA:190,5548434740920451072
DA:219,2305843009213693952
DA:221,8142508126285856768
DA:224,1080863910568919040
DA:225,216172782113783808
DA:226,1152921504606846976
DA:227,2305843009213693952
DA:231,5908722711110090752
DA:232,5908722711110090752
DA:233,5908722711110090752
DA:234,11817445422220181504
DA:235,11817445422220181504
DA:236,11817445422220181504
DA:237,5908722711110090752
DA:238,5908722711110090752
DA:240,3458764513820540928
DA:241,5188146770730811392
DA:244,8646911284551352320
DA:247,5188146770730811392
DA:250,864691128455135232
DA:251,3602879701896396800
DA:252,5404319552844595200
DA:254,1441151880758558720
DA:255,2161727821137838080
DA:257,6052837899185946624
DA:260,1152921504606846976
DA:261,1152921504606846976
DA:262,1152921504606846976
DA:263,2305843009213693952
DA:264,2305843009213693952
DA:265,2305843009213693952
DA:266,1152921504606846976
DA:267,1152921504606846976
DA:270,0
DA:271,0
DA:272,0
DA:273,0
DA:274,0
DA:275,0
DA:276,0
DA:277,0
DA:278,0
DA:279,0
DA:282,72057594037927936
DA:283,72057594037927936
DA:284,216172782113783808
DA:285,0
DA:286,0
DA:292,0
DA:302,0
DA:304,0
DA:305,0
DA:306,0
DA:308,0
DA:324,864691128455135232
DA:325,2594073385365405696
DA:338,0
DA:339,0
DA:354,144115188075855872
DA:356,144115188075855872
DA:357,432345564227567616
DA:360,432345564227567616
DA:361,288230376151711744
DA:365,288230376151711744
DA:366,432345564227567616
DA:367,288230376151711744
DA:368,432345564227567616
DA:374,144115188075855872
DA:375,0
DA:376,0
DA:377,0
DA:380,144115188075855872
DA:381,144115188075855872
DA:382,0
DA:387,432345564227567616
DA:388,288230376151711744
DA:389,288230376151711744
DA:391,144115188075855872
DA:393,576460752303423488
DA:396,288230376151711744
DA:397,144115188075855872
DA:399,144115188075855872
DA:400,0
DA:401,0
DA:406,288230376151711744
DA:410,288230376151711744
DA:411,288230376151711744
DA:412,288230376151711744
DA:413,288230376151711744
DA:414,288230376151711744
DA:415,288230376151711744
DA:416,288230376151711744
DA:417,144115188075855872
DA:418,144115188075855872
DA:424,0
DA:425,0
LF:119
LH:89
end_of_record
TN:
SF:C:\Repos\mpmahj\crates\mahjong_core\src\table\replay.rs
FN:24,apply_event
FNF:1
FNDA:0,apply_event
DA:24,0
DA:25,0
DA:26,0
DA:28,0
DA:29,0
DA:30,0
DA:33,0
DA:34,0
DA:36,0
DA:37,0
DA:38,0
DA:40,0
DA:41,0
DA:43,0
DA:44,0
DA:45,0
DA:47,0
DA:48,0
DA:49,0
DA:51,0
DA:53,0
DA:54,0
DA:55,0
DA:56,0
DA:59,0
DA:61,0
DA:62,0
DA:63,0
DA:64,0
DA:67,0
DA:69,0
DA:70,0
DA:71,0
DA:73,0
DA:75,0
DA:76,0
DA:77,0
DA:78,0
DA:79,0
DA:81,0
DA:82,0
DA:85,0
DA:87,0
DA:88,0
DA:89,0
DA:90,0
DA:92,0
DA:95,0
DA:96,0
DA:97,0
DA:100,0
DA:101,0
DA:102,0
DA:103,0
DA:104,0
DA:105,0
DA:106,0
DA:109,0
DA:111,0
DA:112,0
DA:113,0
DA:114,0
DA:115,0
DA:118,0
DA:119,0
DA:121,0
DA:122,0
DA:125,0
DA:127,0
LF:69
LH:0
end_of_record
TN:
SF:C:\Repos\mpmahj\crates\mahjong_core\src\table\snapshot.rs
FN:11,create_full_snapshot
FN:24,create_snapshot
FNF:2
FNDA:0,create_full_snapshot
FNDA:864691128455135232,create_snapshot
DA:11,0
DA:12,0
DA:14,0
DA:15,0
DA:16,0
DA:18,0
DA:20,0
DA:24,864691128455135232
DA:26,2594073385365405696
DA:27,864691128455135232
DA:29,864691128455135232
DA:30,288230376151711744
DA:31,576460752303423488
DA:32,288230376151711744
DA:33,288230376151711744
DA:34,576460752303423488
DA:35,576460752303423488
DA:40,1729382256910270464
DA:41,864691128455135232
DA:42,1729382256910270464
DA:43,1441151880758558720
DA:47,2594073385365405696
DA:48,864691128455135232
DA:50,864691128455135232
DA:51,0
DA:52,0
DA:57,2594073385365405696
DA:58,2594073385365405696
DA:59,1729382256910270464
DA:60,1729382256910270464
DA:61,1729382256910270464
DA:62,1729382256910270464
DA:63,2594073385365405696
DA:66,2594073385365405696
DA:67,2594073385365405696
DA:70,1729382256910270464
DA:71,1729382256910270464
DA:72,1729382256910270464
DA:73,1729382256910270464
LF:39
LH:30
end_of_record
TN:
SF:C:\Repos\mpmahj\crates\mahjong_core\src\table\tests.rs
FN:12,dot
FNF:1
FNDA:1008806316530991104,dot
DA:12,1008806316530991104
DA:13,1008806316530991104
LF:2
LH:2
end_of_record
TN:
SF:C:\Repos\mpmahj\crates\mahjong_core\src\table\types.rs
FN:37,GameMode::charleston_timer_seconds
FN:46,GameMode::call_window_seconds
FN:55,GameMode::timer_mode
FN:96,<impl Default for Ruleset>::default
FN:118,Ruleset::for_game_mode
FN:138,Ruleset::for_game_mode_with_year
FN:163,default_analysis_enabled
FN:168,<impl Default for HouseRules>::default
FN:186,HouseRules::for_game_mode
FN:202,HouseRules::with_card_year
FN:228,HouseRules::with_ruleset
FNF:11
FNDA:576460752303423488,GameMode::charleston_timer_seconds
FNDA:576460752303423488,GameMode::call_window_seconds
FNDA:576460752303423501,GameMode::timer_mode
FNDA:216172782113783808,<impl Default for Ruleset>::default
FNDA:288230376151711744,Ruleset::for_game_mode
FNDA:72057594037927936,Ruleset::for_game_mode_with_year
FNDA:0,default_analysis_enabled
FNDA:16573246628723425280,<impl Default for HouseRules>::default
FNDA:72057594037927936,HouseRules::for_game_mode
FNDA:2017612633061982208,HouseRules::with_card_year
FNDA:1080863910568919040,HouseRules::with_ruleset
DA:37,576460752303423488
DA:38,576460752303423488
DA:39,216172782113783808
DA:40,144115188075855872
DA:41,216172782113783808
DA:46,576460752303423488
DA:47,576460752303423488
DA:48,216172782113783808
DA:49,144115188075855872
DA:50,216172782113783808
DA:55,576460752303423501
DA:56,576460752303423501
DA:57,216172782113783821
DA:58,360287970189639680
DA:96,216172782113783808
DA:118,288230376151711744
DA:121,864691128455135232
DA:123,864691128455135232
DA:124,288230376151711744
DA:138,72057594037927936
DA:141,216172782113783808
DA:143,216172782113783808
DA:144,72057594037927936
DA:163,0
DA:164,0
DA:168,16573246628723425280
DA:170,16573246628723425280
DA:186,72057594037927936
DA:188,72057594037927936
DA:202,2017612633061982208
DA:204,2017612633061982208
DA:228,1080863910568919040
LF:32
LH:30
end_of_record
TN:
SF:C:\Repos\mpmahj\crates\mahjong_core\src\table\validation.rs
FN:14,validate
FN:60,validate_setup
FN:83,validate_charleston
FN:214,validate_playing
FN:239,validate_draw
FN:266,validate_discard
FN:299,validate_call_intent
FN:347,validate_pass
FN:358,validate_win
FNF:9
FNDA:2305843009213693952,validate
FNDA:1297036692682702848,validate_setup
FNDA:12826251738751172608,validate_charleston
FNDA:5332261958806667264,validate_playing
FNDA:432345564227567616,validate_draw
FNDA:1873497444986126336,validate_discard
FNDA:1008806316530991104,validate_call_intent
FNDA:2017612633061982208,validate_pass
FNDA:1297036692682702848,validate_win
DA:14,2305843009213693952
DA:15,6917529027641081856
DA:18,4611686018427387904
DA:19,4611686018427387904
DA:20,4611686018427387904
DA:21,2305843009213693952
DA:22,0
DA:25,2305843009213693952
DA:27,3891110078048108544
DA:33,1585267068834414592
DA:38,15996785876420001792
DA:43,3891110078048108544
DA:56,0
DA:60,1297036692682702848
DA:61,1297036692682702848
DA:62,144115188075855872
DA:63,144115188075855872
DA:64,0
DA:66,144115188075855872
DA:67,72057594037927936
DA:70,1152921504606846976
DA:71,1152921504606846976
DA:72,0
DA:74,3458764513820540928
DA:75,0
DA:80,1224979098644774912
DA:83,12826251738751172608
DA:84,12826251738751172608
DA:86,6196953087261802496
DA:87,6196953087261802496
DA:88,6196953087261802496
DA:91,6196953087261802496
DA:93,6196953087261802496
DA:94,72057594037927936
DA:97,12249790986447749120
DA:98,72057594037927936
DA:101,12105675798371893248
DA:102,12393906174523604992
DA:103,144115188075855872
DA:107,11817445422220181504
DA:108,11817445422220181504
DA:109,11817445422220181504
DA:110,4179340454199820288
DA:111,16717361816799281152
DA:112,0
DA:116,0
DA:120,1729382256910270464
DA:121,0
DA:122,1729382256910270464
DA:125,0
DA:127,3458764513820540928
DA:128,5188146770730811392
DA:129,0
DA:134,2882303761517117440
DA:135,0
DA:136,2882303761517117440
DA:139,0
DA:141,2882303761517117440
DA:142,0
DA:146,4035225266123964416
DA:147,0
DA:148,2017612633061982208
DA:151,0
DA:153,2017612633061982208
DA:154,0
DA:156,4035225266123964416
DA:157,0
DA:161,5332261958806667264
DA:162,1152921504606846976
DA:164,864691128455135232
DA:167,4035225266123964416
DA:169,4035225266123964416
DA:170,144115188075855872
DA:174,3746994889972252672
DA:175,3746994889972252672
DA:176,3746994889972252672
DA:177,3746994889972252672
DA:178,144115188075855872
DA:183,3458764513820540928
DA:184,3458764513820540928
DA:185,3458764513820540928
DA:186,4035225266123964416
DA:187,2305843009213693952
DA:188,0
DA:194,10664523917613334526
DA:214,5332261958806667264
DA:215,5332261958806667264
DA:216,1729382256910270464
DA:217,11240984669916758016
DA:218,2017612633061982208
DA:219,4035225266123964416
DA:221,8070450532247928832
DA:239,432345564227567616
DA:240,720575940379279360
DA:241,360287970189639680
DA:242,72057594037927936
DA:244,288230376151711744
DA:246,72057594037927936
DA:266,1873497444986126336
DA:267,3746994889972252672
DA:268,1873497444986126336
DA:269,0
DA:271,3746994889972252672
DA:272,3746994889972252672
DA:273,3746994889972252672
DA:274,3746994889972252672
DA:275,72057594037927936
DA:277,1801439850948198400
DA:279,0
DA:299,1008806316530991104
DA:305,1008806316530991104
DA:306,1008806316530991104
DA:308,1008806316530991104
DA:310,1008806316530991104
DA:311,144115188075855872
DA:313,1729382256910270464
DA:314,144115188075855872
DA:317,720575940379279360
DA:318,576460752303423488
DA:319,1152921504606846976
DA:320,0
DA:323,144115188075855872
DA:328,720575940379279360
DA:330,0
DA:347,2017612633061982208
DA:348,4035225266123964416
DA:349,4035225266123964416
DA:350,0
DA:352,2017612633061982208
DA:354,0
DA:358,1297036692682702848
DA:359,1297036692682702848
DA:360,1152921504606846976
DA:362,1152921504606846976
DA:363,864691128455135232
DA:364,864691128455135232
DA:365,0
DA:368,288230376151711744
DA:369,576460752303423488
DA:370,0
DA:373,0
DA:378,0
DA:379,0
DA:380,0
DA:381,0
DA:384,0
DA:385,0
DA:386,0
DA:387,0
DA:388,0
DA:390,0
DA:392,0
DA:393,0
DA:394,0
DA:397,0
DA:398,0
DA:399,0
DA:400,0
DA:401,0
DA:403,0
DA:404,0
DA:409,144115188075855872
DA:410,144115188075855872
DA:413,144115188075855872
DA:414,72057594037927936
DA:416,144115188075855872
DA:417,0
DA:420,144115188075855872
DA:421,144115188075855872
DA:422,144115188075855872
DA:423,288230376151711744
DA:424,0
DA:428,0
DA:433,1224979098644774912
LF:174
LH:124
end_of_record
TN:
SF:C:\Repos\mpmahj\crates\mahjong_core\src\test_utils.rs
FN:80,load_test_card_json
FNF:1
FNDA:1801439850948198438,load_test_card_json
DA:80,1801439850948198438
DA:81,1801439850948198438
DA:82,1801439850948198438
DA:83,0
DA:84,0
DA:85,0
DA:86,0
DA:87,0
LF:8
LH:3
end_of_record
TN:
SF:C:\Repos\mpmahj\crates\mahjong_core\src\tile.rs
FN:49,Tile::new
FN:57,Tile::is_suited
FN:62,Tile::is_bam
FN:67,Tile::is_crak
FN:72,Tile::is_dot
FN:77,Tile::is_wind
FN:82,Tile::is_dragon
FN:87,Tile::is_flower
FN:92,Tile::is_joker
FN:97,Tile::is_blank
FN:104,Tile::rank
FN:120,Tile::suit_name
FN:148,Tile::display_name
FN:169,<impl Display for Tile>::fmt
FNF:14
FNDA:6917529027641081855,Tile::new
FNDA:2233785415175766440,Tile::is_suited
FNDA:1585267068834414592,Tile::is_bam
FNDA:1152921504606846976,Tile::is_crak
FNDA:1152921504606846976,Tile::is_dot
FNDA:720575940379279360,Tile::is_wind
FNDA:720575940379279782,Tile::is_dragon
FNDA:3170534137668829182,Tile::is_flower
FNDA:10376293541461622783,Tile::is_joker
FNDA:144115188075855871,Tile::is_blank
FNDA:24,Tile::rank
FNDA:2,Tile::suit_name
FNDA:2017612633061982534,Tile::display_name
FNDA:2017612633061982208,<impl Display for Tile>::fmt
DA:49,6917529027641081855
DA:50,13835058055282163709
DA:51,6917529027641081879
DA:57,2233785415175766440
DA:58,2233785415175766440
DA:62,1585267068834414592
DA:63,1585267068834414592
DA:67,1152921504606846976
DA:68,2017612633061982208
DA:72,1152921504606846976
DA:73,1585267068834414592
DA:77,720575940379279360
DA:78,720575940379279360
DA:82,720575940379279782
DA:83,720575940379279782
DA:87,3170534137668829182
DA:88,3170534137668829182
DA:92,10376293541461622783
DA:93,10376293541461622783
DA:97,144115188075855871
DA:98,144115188075855871
DA:104,24
DA:105,48
DA:106,0
DA:108,24
DA:120,2
DA:121,4
DA:122,0
DA:123,4
DA:124,0
DA:125,4
DA:126,0
DA:127,4
DA:128,0
DA:129,4
DA:130,0
DA:131,4
DA:132,0
DA:133,4
DA:134,0
DA:136,2
DA:148,2017612633061982534
DA:149,2017612633061982534
DA:150,4611686018427387904
DA:151,2882303761517117440
DA:152,1873497444986126336
DA:153,652
DA:154,0
DA:155,0
DA:156,0
DA:157,0
DA:158,0
DA:159,0
DA:160,288230376151711744
DA:161,0
DA:162,0
DA:163,0
DA:169,2017612633061982208
DA:170,10088063165309911040
LF:59
LH:42
end_of_record
TN:
SF:C:\Repos\mpmahj\crates\mahjong_server\src\analysis\comparison.rs
FN:100,calculate_call_opportunities
FN:179,calculate_call_ev
FN:247,calculate_post_discard_ev
FN:295,run_strategy_comparison
FNF:4
FNDA:288230376151711744,calculate_call_opportunities
FNDA:576460752303423488,calculate_call_ev
FNDA:432345564227567616,calculate_post_discard_ev
FNDA:288230376151711744,run_strategy_comparison
DA:100,288230376151711744
DA:106,576460752303423488
DA:109,576460752303423488
DA:110,576460752303423488
DA:111,576460752303423488
DA:114,3170534137668829184
DA:115,13546827679130451968
DA:118,5188146770730811392
DA:119,576460752303423488
DA:123,2594073385365405695
DA:126,17293822569102704636
DA:127,18446744073709551614
DA:128,9223372036854775807
DA:129,10088063165309911041
DA:130,10088063165309911042
DA:133,9223372036854775807
DA:134,11240984669916758016
DA:138,9223372036854775805
DA:139,9223372036854775807
DA:140,9223372036854775807
DA:141,9223372036854775807
DA:142,9223372036854775807
DA:143,9223372036854775807
DA:144,9223372036854775807
DA:145,9223372036854775807
DA:146,9223372036854775807
DA:150,9223372036854775807
DA:151,18446744073709551610
DA:153,9223372036854775805
DA:154,18446744073709551614
DA:155,18446744073709551614
DA:156,9223372036854775807
DA:157,9223372036854775807
DA:162,288230376151711744
DA:179,576460752303423488
DA:187,1729382256910270464
DA:190,1152921504606846976
DA:191,288230376151711744
DA:192,288230376151711744
DA:193,0
DA:197,1152921504606846976
DA:198,1729382256910270464
DA:200,576460752303423488
DA:201,4323455642275676160
DA:202,0
DA:204,4323455642275676160
DA:208,2305843009213693952
DA:209,1152921504606846976
DA:210,0
DA:213,1729382256910270464
DA:216,2305843009213693952
DA:219,576460752303423488
DA:221,3458764513820540928
DA:222,11529215046068469760
DA:223,2882303761517117440
DA:224,14411518807585587200
DA:225,2882303761517117440
DA:226,792633534417207296
DA:228,2089670227099910144
DA:231,576460752303423488
DA:247,432345564227567616
DA:254,1297036692682702848
DA:255,1297036692682702848
DA:256,72057594037927936
DA:260,1441151880758558720
DA:263,360287970189639680
DA:265,2161727821137838080
DA:266,7205759403792793600
DA:267,1801439850948198400
DA:268,9007199254740992000
DA:269,1801439850948198400
DA:270,1224979098644774912
DA:272,576460752303423488
DA:275,360287970189639680
DA:295,288230376151711744
DA:302,288230376151711744
DA:303,576460752303423488
DA:304,576460752303423488
DA:305,72057594037927936
DA:308,432345564227567616
DA:310,1729382256910270464
DA:312,2017612633061982208
DA:315,2017612633061982208
DA:318,2017612633061982208
DA:324,576460752303423488
DA:327,1152921504606846976
DA:330,216172782113783808
LF:87
LH:84
end_of_record
TN:
SF:C:\Repos\mpmahj\crates\mahjong_server\src\analysis\mod.rs
FN:58,AnalysisHashState::compute_visible_hash
FN:84,AnalysisHashState::compute_hand_hash
FN:101,hash_melds
FN:192,HandAnalysis::from_evaluations
FN:252,HandAnalysis::has_significant_change
FN:281,HandAnalysis::to_summary
FN:354,<impl Default for AnalysisConfig>::default
FN:400,build_visible_tiles
FN:414,call_context_from_table
FNF:9
FNDA:1152921504606846976,AnalysisHashState::compute_visible_hash
FNDA:1152921504606846976,AnalysisHashState::compute_hand_hash
FNDA:5764607523034234880,hash_melds
FNDA:2810246167479189504,HandAnalysis::from_evaluations
FNDA:504403158265495552,HandAnalysis::has_significant_change
[...]
DA:482,288230376151711744
DA:483,144115188075855872
DA:484,144115188075855872
DA:485,144115188075855872
DA:486,144115188075855872
DA:491,432345564227567616
DA:492,288230376151711744
DA:493,144115188075855872
DA:495,288230376151711744
DA:496,288230376151711744
DA:497,288230376151711744
DA:499,144115188075855872
DA:501,288230376151711744
DA:502,144115188075855872
DA:503,144115188075855872
DA:504,144115188075855872
DA:507,144115188075855872
DA:513,12105675798371893248
DA:519,17870283321406128128
DA:520,12105675798371893248
DA:522,12105675798371893248
DA:523,8502796096475496448
DA:524,18158513697557839872
DA:526,1585267068834414592
DA:527,6341068275337658368
DA:529,1729382256910270464
DA:530,6917529027641081856
DA:533,432345564227567616
DA:536,432345564227567616
DA:538,0
DA:539,0
DA:543,0
DA:546,0
DA:547,0
DA:548,0
DA:553,9511602413006487552
DA:557,1585267068834414592
DA:562,3170534137668829184
DA:563,0
DA:564,0
DA:565,0
DA:566,0
DA:570,4755801206503243776
DA:571,3170534137668829184
DA:572,1585267068834414592
DA:573,1585267068834414592
DA:576,4755801206503243776
DA:579,4755801206503243776
DA:582,1585267068834414592
DA:583,1585267068834414592
DA:584,1585267068834414592
DA:585,1585267068834414592
DA:587,1585267068834414592
DA:592,3170534137668829184
DA:595,1585267068834414592
DA:596,3170534137668829184
DA:597,4755801206503243776
DA:598,1585267068834414592
DA:599,1585267068834414592
DA:603,3170534137668829184
DA:604,3170534137668829184
DA:605,6341068275337658368
DA:607,1585267068834414592
DA:608,1585267068834414592
DA:611,3170534137668829184
DA:612,3170534137668829184
DA:613,1585267068834414592
DA:614,1585267068834414592
DA:617,1585267068834414592
DA:618,1585267068834414592
DA:621,3170534137668829184
DA:622,1585267068834414592
DA:623,3170534137668829184
DA:624,1585267068834414592
DA:625,1585267068834414592
DA:628,1585267068834414592
DA:630,1585267068834414592
DA:634,1729382256910270464
DA:639,3458764513820540928
DA:640,0
DA:641,0
DA:642,0
DA:643,0
DA:647,5188146770730811392
DA:648,3458764513820540928
DA:649,1729382256910270464
DA:650,1729382256910270464
DA:652,5188146770730811392
DA:653,3458764513820540928
DA:654,1729382256910270464
DA:655,1729382256910270464
DA:657,3458764513820540928
DA:658,3458764513820540928
DA:659,5188146770730811392
DA:660,1729382256910270464
DA:661,1729382256910270464
DA:662,1729382256910270464
DA:663,3458764513820540928
DA:664,1729382256910270464
DA:670,3458764513820540928
DA:671,3458764513820540928
DA:672,6917529027641081856
DA:674,1729382256910270464
DA:675,1729382256910270464
DA:678,3458764513820540928
DA:679,1729382256910270464
DA:680,3458764513820540928
DA:681,1729382256910270464
DA:682,1729382256910270464
DA:685,1729382256910270464
DA:688,1729382256910270464
DA:689,864691128455135232
DA:690,432345564227567616
DA:693,1729382256910270464
DA:697,288230376151711744
DA:698,288230376151711744
DA:699,0
DA:700,0
DA:701,0
DA:702,0
DA:706,432345564227567616
DA:707,288230376151711744
DA:708,144115188075855872
DA:709,144115188075855872
DA:711,288230376151711744
DA:712,288230376151711744
DA:713,288230376151711744
DA:714,144115188075855872
DA:716,144115188075855872
DA:717,432345564227567616
DA:718,0
DA:720,144115188075855872
DA:723,432345564227567616
DA:724,288230376151711744
DA:725,144115188075855872
DA:726,144115188075855872
DA:728,144115188075855872
DA:729,288230376151711744
DA:730,288230376151711744
DA:731,0
DA:732,0
DA:733,0
DA:736,144115188075855872
DA:739,144115188075855872
DA:740,0
DA:741,0
DA:742,0
DA:743,0
DA:744,0
DA:747,864691128455135232
DA:748,144115188075855872
DA:749,144115188075855872
DA:752,288230376151711744
DA:753,720575940379279360
DA:755,144115188075855872
DA:756,144115188075855872
DA:758,144115188075855872
DA:762,288230376151711744
DA:763,288230376151711744
DA:764,0
DA:765,0
DA:766,0
DA:767,0
DA:771,144115188075855872
DA:772,576460752303423488
DA:773,0
DA:775,288230376151711744
DA:776,144115188075855872
DA:777,144115188075855872
DA:779,144115188075855872
DA:782,432345564227567616
DA:783,288230376151711744
DA:784,144115188075855872
DA:785,144115188075855872
DA:787,144115188075855872
DA:788,288230376151711744
DA:789,288230376151711744
DA:790,576460752303423488
DA:791,576460752303423488
DA:792,1152921504606846976
DA:794,144115188075855872
DA:797,720575940379279360
DA:798,864691128455135232
DA:799,576460752303423488
DA:800,576460752303423488
DA:801,288230376151711744
DA:805,288230376151711744
DA:807,720575940379279360
DA:808,2017612633061982208
DA:811,144115188075855872
DA:815,8502796096475496448
DA:820,7782220156096217088
DA:821,1441151880758558720
DA:822,1441151880758558720
DA:823,2161727821137838080
DA:824,720575940379279360
DA:829,6341068275337658368
DA:830,12682136550675316736
DA:831,0
DA:833,15564440312192434176
DA:834,6341068275337658368
DA:835,1441151880758558720
DA:836,1441151880758558720
DA:837,2882303761517117440
DA:842,6341068275337658368
DA:846,0
DA:850,576460752303423488
DA:851,12682136550675316736
DA:852,6341068275337658368
DA:853,6341068275337658368
DA:855,12682136550675316736
DA:856,576460752303423488
DA:857,6341068275337658368
DA:858,7638104968020361216
DA:863,5908722711110090752
DA:867,0
DA:872,0
DA:873,0
DA:874,0
DA:875,0
DA:877,0
DA:878,0
DA:880,0
DA:883,0
DA:886,0
DA:890,0
DA:896,0
DA:900,2594073385365405696
DA:907,7782220156096217088
DA:908,5188146770730811392
DA:909,2594073385365405696
DA:912,5188146770730811392
DA:913,5188146770730811392
DA:915,5908722711110090752
DA:916,2882303761517117440
DA:918,5620492334958379008
DA:920,5188146770730811392
DA:922,2594073385365405696
DA:925,5188146770730811392
DA:926,2594073385365405696
DA:927,2594073385365405696
DA:928,2594073385365405696
DA:930,2594073385365405696
DA:934,1585267068834414592
DA:939,7926335344172072960
DA:943,5332261958806667264
DA:948,15996785876420001792
DA:949,10664523917613334528
DA:950,5332261958806667264
DA:952,10664523917613334528
DA:953,10664523917613334528
DA:955,10664523917613334528
DA:957,5332261958806667264
DA:959,10664523917613334528
DA:960,5332261958806667264
DA:961,5332261958806667264
DA:962,5332261958806667264
DA:963,5332261958806667264
DA:967,3314649325744685056
DA:971,6629298651489370112
DA:972,9943947977234055168
DA:973,3314649325744685056
DA:974,3314649325744685056
DA:978,144115188075855872
DA:982,288230376151711744
DA:983,432345564227567616
DA:984,288230376151711744
DA:985,288230376151711744
DA:986,288230376151711744
DA:988,144115188075855872
DA:990,288230376151711744
DA:991,144115188075855872
DA:992,144115188075855872
DA:993,144115188075855872
DA:995,144115188075855872
DA:999,144115188075855872
DA:1005,432345564227567616
DA:1006,576460752303423488
DA:1008,0
DA:1010,288230376151711744
DA:1012,144115188075855872
DA:1014,288230376151711744
DA:1015,288230376151711744
DA:1016,144115188075855872
DA:1017,144115188075855872
DA:1018,144115188075855872
DA:1022,144115188075855872
DA:1026,432345564227567616
DA:1027,288230376151711744
DA:1029,144115188075855872
DA:1031,288230376151711744
DA:1032,288230376151711744
DA:1033,144115188075855872
DA:1034,144115188075855872
DA:1035,144115188075855872
DA:1050,1873497444986126336
DA:1059,720575940379279360
DA:1063,720575940379279360
DA:1069,864691128455135232
DA:1070,1729382256910270464
DA:1074,432345564227567616
DA:1077,432345564227567616
DA:1078,0
DA:1079,0
DA:1081,0
DA:1083,1729382256910270464
LF:490
LH:352
end_of_record
TN:
SF:C:\Repos\mpmahj\crates\mahjong_server\src\resources.rs
FN:71,load_card_resources
FN:144,load_validator
FNF:2
FNDA:576460752303423488,load_card_resources
FNDA:144115188075855872,load_validator
DA:71,576460752303423488
DA:74,1080863910568919040
DA:75,504403158265495552
DA:76,0
DA:77,0
DA:78,0
DA:79,0
DA:81,72057594037927936
DA:82,72057594037927936
DA:87,1008806316530991104
DA:88,2017612633061982208
DA:89,1008806316530991104
DA:92,2017612633061982208
DA:93,1513209474796486656
DA:94,504403158265495552
DA:95,504403158265495552
DA:96,1513209474796486656
DA:97,1008806316530991104
DA:98,504403158265495552
DA:100,6557241057451442172
DA:102,504403158265495552
DA:103,504403158265495552
DA:104,504403158265495552
DA:107,0
DA:108,0
DA:109,0
DA:115,0
DA:116,0
DA:120,0
DA:144,144115188075855872
DA:145,432345564227567616
LF:31
LH:21
end_of_record
TN:
SF:C:\Repos\mpmahj\crates\mahjong_terminal\src\bot.rs
FN:54,Bot::new
FN:85,Bot::decide_action
FN:224,Bot::handle_event
FN:263,Bot::evaluate_call
FN:331,run_bot
FNF:5
FNDA:0,Bot::new
FNDA:0,Bot::decide_action
FNDA:0,Bot::handle_event
FNDA:0,Bot::evaluate_call
FNDA:0,run_bot
DA:54,0
DA:55,0
DA:56,0
DA:57,0
DA:60,0
DA:85,0
DA:86,0
DA:88,0
DA:89,0
DA:91,0
DA:92,0
DA:93,0
DA:96,0
DA:98,0
DA:99,0
DA:102,0
DA:103,0
DA:104,0
DA:105,0
DA:106,0
DA:108,0
DA:109,0
DA:110,0
DA:111,0
DA:112,0
DA:113,0
DA:116,0
DA:118,0
DA:119,0
DA:121,0
DA:122,0
DA:123,0
DA:124,0
DA:125,0
DA:128,0
DA:129,0
DA:130,0
DA:132,0
DA:133,0
DA:137,0
DA:138,0
DA:139,0
DA:140,0
DA:141,0
DA:142,0
DA:143,0
DA:144,0
DA:149,0
DA:150,0
DA:151,0
DA:152,0
DA:154,0
DA:155,0
DA:157,0
DA:159,0
DA:160,0
DA:162,0
DA:163,0
DA:166,0
DA:167,0
DA:168,0
DA:170,0
DA:172,0
DA:173,0
DA:176,0
DA:177,0
DA:178,0
DA:179,0
DA:180,0
DA:181,0
DA:182,0
DA:183,0
DA:184,0
DA:190,0
DA:191,0
DA:193,0
DA:194,0
DA:195,0
DA:196,0
DA:197,0
DA:198,0
DA:200,0
DA:201,0
DA:203,0
DA:204,0
DA:205,0
DA:206,0
DA:211,0
DA:212,0
DA:214,0
DA:217,0
DA:220,0
DA:224,0
DA:231,0
DA:234,0
DA:235,0
DA:238,0
DA:239,0
DA:242,0
DA:243,0
DA:246,0
DA:247,0
DA:250,0
DA:251,0
DA:252,0
DA:253,0
DA:255,0
DA:263,0
DA:271,0
DA:272,0
DA:276,0
DA:277,0
DA:278,0
DA:284,0
DA:285,0
DA:286,0
DA:287,0
DA:288,0
DA:289,0
DA:291,0
DA:295,0
DA:296,0
DA:297,0
DA:298,0
DA:300,0
DA:301,0
DA:302,0
DA:304,0
DA:306,0
DA:331,0
DA:332,0
DA:334,0
DA:335,0
DA:336,0
DA:340,0
DA:341,0
DA:344,0
DA:345,0
DA:346,0
DA:347,0
DA:350,0
DA:354,0
DA:355,0
DA:356,0
DA:359,0
DA:360,0
DA:363,0
DA:364,0
DA:365,0
DA:369,0
DA:371,0
DA:372,0
DA:373,0
DA:375,0
DA:379,0
LF:155
LH:0
end_of_record
TN:
SF:C:\Repos\mpmahj\crates\mahjong_terminal\src\client.rs
FN:49,<impl Default for GameState>::default
FN:93,Client::new
FN:119,Client::connect
FN:158,Client::authenticate
FN:225,Client::create_room
FN:259,Client::create_room_with_year
FN:296,Client::join_room
FN:347,Client::send_envelope
FN:373,Client::receive_envelope
FN:411,Client::run_interactive
FN:475,Client::handle_user_input
FN:569,Client::handle_server_envelope
FN:618,Client::update_state_from_event
FN:692,Client::run_script
FN:739,<impl Drop for Client>::drop
FNF:15
FNDA:0,<impl Default for GameState>::default
FNDA:0,Client::new
FNDA:0,Client::connect
FNDA:0,Client::authenticate
FNDA:0,Client::create_room
FNDA:0,Client::create_room_with_year
FNDA:0,Client::join_room
FNDA:0,Client::send_envelope
FNDA:0,Client::receive_envelope
FNDA:0,Client::run_interactive
FNDA:0,Client::handle_user_input
FNDA:0,Client::handle_server_envelope
FNDA:0,Client::update_state_from_event
FNDA:0,Client::run_script
FNDA:0,<impl Drop for Client>::drop
DA:49,0
DA:57,0
DA:59,0
DA:93,0
DA:95,0
DA:96,0
DA:97,0
DA:98,0
DA:99,0
DA:100,0
DA:119,0
DA:120,0
DA:122,0
DA:123,0
DA:126,0
DA:128,0
DA:129,0
DA:130,0
DA:132,0
DA:133,0
DA:158,0
DA:159,0
DA:160,0
DA:161,0
DA:162,0
DA:163,0
DA:165,0
DA:168,0
DA:169,0
DA:170,0
DA:171,0
DA:175,0
DA:178,0
DA:179,0
DA:180,0
DA:181,0
DA:182,0
DA:183,0
DA:184,0
DA:185,0
DA:186,0
DA:187,0
DA:189,0
DA:190,0
DA:192,0
DA:193,0
DA:195,0
DA:196,0
DA:198,0
DA:202,0
DA:225,0
DA:226,0
DA:259,0
DA:260,0
DA:261,0
DA:263,0
DA:267,0
DA:268,0
DA:269,0
DA:270,0
DA:271,0
DA:272,0
DA:273,0
DA:274,0
DA:275,0
DA:279,0
DA:281,0
DA:282,0
DA:286,0
DA:296,0
DA:297,0
DA:298,0
DA:299,0
DA:302,0
DA:306,0
DA:307,0
DA:308,0
DA:309,0
DA:310,0
DA:311,0
DA:312,0
DA:313,0
DA:314,0
DA:316,0
DA:317,0
DA:321,0
DA:347,0
DA:348,0
DA:350,0
DA:351,0
DA:353,0
DA:373,0
DA:374,0
DA:376,0
DA:377,0
DA:378,0
DA:379,0
DA:380,0
DA:383,0
DA:384,0
DA:386,0
DA:389,0
DA:411,0
DA:413,0
DA:417,0
DA:418,0
DA:424,0
DA:425,0
DA:426,0
DA:427,0
DA:428,0
DA:429,0
DA:431,0
DA:432,0
DA:433,0
DA:435,0
DA:436,0
DA:441,0
DA:442,0
DA:444,0
DA:446,0
DA:447,0
DA:448,0
DA:449,0
DA:451,0
DA:452,0
DA:455,0
DA:456,0
DA:458,0
DA:459,0
DA:460,0
DA:462,0
DA:469,0
DA:471,0
DA:475,0
DA:476,0
DA:479,0
DA:480,0
DA:481,0
DA:482,0
DA:483,0
DA:485,0
DA:486,0
DA:487,0
DA:489,0
DA:490,0
DA:491,0
DA:493,0
DA:495,0
DA:496,0
DA:498,0
DA:501,0
DA:503,0
DA:504,0
DA:505,0
DA:506,0
DA:509,0
DA:510,0
DA:511,0
DA:512,0
DA:514,0
DA:515,0
DA:520,0
DA:521,0
DA:522,0
DA:523,0
DA:525,0
DA:526,0
DA:528,0
DA:530,0
DA:534,0
DA:535,0
DA:536,0
DA:537,0
DA:539,0
DA:540,0
DA:542,0
DA:543,0
DA:547,0
DA:569,0
DA:570,0
DA:571,0
DA:572,0
DA:573,0
DA:576,0
DA:577,0
DA:580,0
DA:581,0
DA:583,0
DA:584,0
DA:585,0
DA:586,0
DA:588,0
DA:589,0
DA:590,0
DA:591,0
DA:593,0
DA:595,0
DA:596,0
DA:597,0
DA:600,0
DA:604,0
DA:618,0
DA:619,0
DA:620,0
DA:621,0
DA:624,0
DA:625,0
DA:626,0
DA:627,0
DA:629,0
DA:630,0
DA:632,0
DA:633,0
DA:634,0
DA:635,0
DA:638,0
DA:640,0
DA:641,0
DA:642,0
DA:643,0
DA:646,0
DA:648,0
DA:649,0
DA:650,0
DA:652,0
DA:653,0
DA:655,0
DA:656,0
DA:657,0
DA:660,0
DA:661,0
DA:662,0
DA:663,0
DA:664,0
DA:669,0
DA:692,0
DA:694,0
DA:695,0
DA:696,0
DA:697,0
DA:699,0
DA:701,0
DA:702,0
DA:703,0
DA:704,0
DA:707,0
DA:708,0
DA:709,0
DA:710,0
DA:714,0
DA:715,0
DA:716,0
DA:720,0
DA:723,0
DA:724,0
DA:725,0
DA:727,0
DA:729,0
DA:733,0
DA:734,0
DA:739,0
DA:741,0
LF:263
LH:0
end_of_record
TN:
SF:C:\Repos\mpmahj\crates\mahjong_terminal\src\input.rs
FN:29,CommandParser::new
FN:44,CommandParser::parse
FN:68,CommandParser::parse_discard
FN:88,CommandParser::parse_call
FN:118,CommandParser::parse_pass
FN:123,CommandParser::parse_mahjong
FN:132,CommandParser::parse_pass_tiles
FN:179,CommandParser::parse_vote
FN:194,CommandParser::parse_courtesy_pass
FN:211,CommandParser::parse_courtesy_accept
FN:253,CommandParser::parse_exchange_joker
FN:287,CommandParser::parse_seat
FNF:12
FNDA:432345564227567616,CommandParser::new
FNDA:432345564227567616,CommandParser::parse
FNDA:72057594037927936,CommandParser::parse_discard
FNDA:72057594037927936,CommandParser::parse_call
FNDA:72057594037927936,CommandParser::parse_pass
FNDA:72057594037927936,CommandParser::parse_mahjong
FNDA:0,CommandParser::parse_pass_tiles
FNDA:72057594037927936,CommandParser::parse_vote
FNDA:0,CommandParser::parse_courtesy_pass
FNDA:0,CommandParser::parse_courtesy_accept
FNDA:0,CommandParser::parse_exchange_joker
FNDA:0,CommandParser::parse_seat
DA:29,432345564227567616
DA:30,432345564227567616
DA:44,432345564227567616
DA:45,2161727821137838080
DA:47,864691128455135232
DA:48,0
DA:51,1297036692682702848
DA:53,432345564227567616
DA:54,792633534417207296
DA:55,648518346341351424
DA:56,504403158265495552
DA:57,504403158265495552
DA:58,144115188075855872
DA:59,432345564227567616
DA:60,72057594037927936
DA:61,72057594037927936
DA:62,72057594037927936
DA:63,72057594037927936
DA:68,72057594037927936
DA:69,72057594037927936
DA:70,0
DA:73,216172782113783808
DA:75,72057594037927936
DA:78,216172782113783808
DA:79,144115188075855872
DA:80,72057594037927936
DA:81,72057594037927936
DA:83,72057594037927936
DA:88,72057594037927936
DA:89,72057594037927936
DA:90,0
DA:93,216172782113783808
DA:96,144115188075855872
DA:97,144115188075855872
DA:98,0
DA:99,0
DA:100,0
DA:105,144115188075855872
DA:106,360287970189639680
DA:107,360287970189639680
DA:108,72057594037927936
DA:111,72057594037927936
DA:112,72057594037927936
DA:113,72057594037927936
DA:118,72057594037927936
DA:119,72057594037927936
DA:123,72057594037927936
DA:124,72057594037927936
DA:125,144115188075855872
DA:126,144115188075855872
DA:127,72057594037927936
DA:132,0
DA:133,0
DA:134,0
DA:137,0
DA:139,0
DA:140,0
DA:141,0
DA:145,0
DA:148,0
DA:150,0
DA:151,0
DA:152,0
DA:153,0
DA:154,0
DA:158,0
DA:161,0
DA:163,0
DA:164,0
DA:165,0
DA:168,0
DA:171,0
DA:172,0
DA:173,0
DA:174,0
DA:179,72057594037927936
DA:180,72057594037927936
DA:181,0
DA:184,144115188075855872
DA:185,144115188075855872
DA:186,0
DA:187,0
DA:190,72057594037927936
DA:194,0
DA:195,0
DA:196,0
DA:199,0
DA:201,0
DA:203,0
DA:204,0
DA:207,0
DA:211,0
DA:217,0
DA:218,0
DA:221,0
DA:223,0
DA:224,0
DA:225,0
DA:229,0
DA:231,0
DA:232,0
DA:236,0
DA:238,0
DA:239,0
DA:240,0
DA:241,0
DA:242,0
DA:247,0
DA:248,0
DA:253,0
DA:259,0
DA:260,0
DA:261,0
DA:265,0
DA:266,0
DA:268,0
DA:269,0
DA:271,0
DA:273,0
DA:274,0
DA:275,0
DA:276,0
DA:278,0
DA:279,0
DA:280,0
DA:281,0
DA:282,0
DA:287,0
DA:288,0
DA:289,0
DA:290,0
DA:291,0
DA:292,0
DA:293,0
LF:134
LH:50
end_of_record
TN:
SF:C:\Repos\mpmahj\crates\mahjong_terminal\src\main.rs
FN:60,main
FNF:1
FNDA:0,main
DA:60,0
DA:62,0
DA:64,0
DA:65,0
DA:69,0
DA:71,0
DA:72,0
DA:75,0
DA:78,0
DA:81,0
DA:84,0
DA:85,0
DA:86,0
DA:87,0
DA:89,0
DA:90,0
DA:94,0
DA:95,0
DA:96,0
DA:97,0
DA:98,0
DA:99,0
DA:100,0
DA:101,0
DA:102,0
DA:103,0
DA:105,0
DA:108,0
DA:109,0
DA:110,0
DA:112,0
DA:113,0
DA:116,0
DA:117,0
DA:120,0
LF:35
LH:0
end_of_record
TN:
SF:C:\Repos\mpmahj\crates\mahjong_terminal\src\ui.rs
FN:45,TerminalUI::new
FN:57,TerminalUI::enter_raw_mode
FN:68,TerminalUI::exit_raw_mode
FN:90,TerminalUI::render
FN:120,TerminalUI::render_header
FN:164,TerminalUI::render_game_state
FN:186,TerminalUI::format_phase
FN:198,TerminalUI::format_charleston_stage
FN:213,TerminalUI::format_turn_stage
FN:224,TerminalUI::format_turn
FN:260,TerminalUI::format_wall
FN:273,TerminalUI::render_hand
FN:290,TerminalUI::render_events
FN:323,TerminalUI::render_prompt
FN:341,TerminalUI::read_input
FN:377,TerminalUI::display_error
FN:383,TerminalUI::display_help
FN:401,TerminalUI::display_full_state
FN:412,TerminalUI::display_event
FN:419,TerminalUI::add_event
FN:427,TerminalUI::add_event_with_color
FN:433,TerminalUI::pad_to_width
FN:442,TerminalUI::cleanup
FN:449,<impl Drop for TerminalUI>::drop
FNF:24
FNDA:0,TerminalUI::new
FNDA:0,TerminalUI::enter_raw_mode
FNDA:0,TerminalUI::exit_raw_mode
FNDA:0,TerminalUI::render
FNDA:0,TerminalUI::render_header
FNDA:0,TerminalUI::render_game_state
FNDA:0,TerminalUI::format_phase
FNDA:0,TerminalUI::format_charleston_stage
FNDA:0,TerminalUI::format_turn_stage
FNDA:0,TerminalUI::format_turn
FNDA:0,TerminalUI::format_wall
FNDA:0,TerminalUI::render_hand
FNDA:0,TerminalUI::render_events
FNDA:0,TerminalUI::render_prompt
FNDA:0,TerminalUI::read_input
FNDA:0,TerminalUI::display_error
FNDA:0,TerminalUI::display_help
FNDA:0,TerminalUI::display_full_state
FNDA:0,TerminalUI::display_event
FNDA:0,TerminalUI::add_event
FNDA:0,TerminalUI::add_event_with_color
FNDA:0,TerminalUI::pad_to_width
FNDA:0,TerminalUI::cleanup
FNDA:0,<impl Drop for TerminalUI>::drop
DA:45,0
DA:46,0
DA:47,0
DA:48,0
DA:49,0
DA:50,0
DA:57,0
DA:58,0
DA:59,0
DA:60,0
DA:62,0
DA:68,0
DA:69,0
DA:70,0
DA:71,0
DA:73,0
DA:90,0
DA:91,0
DA:94,0
DA:95,0
DA:101,0
DA:104,0
DA:107,0
DA:110,0
DA:113,0
DA:115,0
DA:116,0
DA:120,0
DA:121,0
DA:122,0
DA:129,0
DA:130,0
DA:132,0
DA:135,0
DA:136,0
DA:138,0
DA:140,0
DA:141,0
DA:142,0
DA:143,0
DA:144,0
DA:146,0
DA:147,0
DA:160,0
DA:164,0
DA:165,0
DA:166,0
DA:167,0
DA:169,0
DA:170,0
DA:182,0
DA:186,0
DA:187,0
DA:188,0
DA:189,0
DA:190,0
DA:191,0
DA:192,0
DA:193,0
DA:198,0
DA:199,0
DA:200,0
DA:201,0
DA:202,0
DA:203,0
DA:204,0
DA:205,0
DA:206,0
DA:207,0
DA:208,0
DA:213,0
DA:214,0
DA:215,0
DA:216,0
DA:217,0
DA:218,0
DA:224,0
DA:225,0
DA:226,0
DA:227,0
DA:228,0
DA:229,0
DA:230,0
DA:232,0
DA:233,0
DA:235,0
DA:236,0
DA:237,0
DA:239,0
DA:242,0
DA:245,0
DA:249,0
DA:250,0
DA:252,0
DA:255,0
DA:260,0
DA:265,0
DA:266,0
DA:267,0
DA:269,0
DA:273,0
DA:275,0
DA:276,0
DA:286,0
DA:290,0
DA:291,0
DA:292,0
DA:298,0
DA:299,0
DA:300,0
DA:304,0
DA:305,0
DA:306,0
DA:312,0
DA:313,0
DA:319,0
DA:323,0
DA:324,0
DA:325,0
DA:333,0
DA:341,0
DA:343,0
DA:344,0
DA:346,0
DA:347,0
DA:349,0
DA:351,0
DA:352,0
DA:353,0
DA:355,0
DA:356,0
DA:357,0
DA:360,0
DA:361,0
DA:365,0
DA:366,0
DA:368,0
DA:373,0
DA:377,0
DA:378,0
DA:379,0
DA:383,0
DA:384,0
DA:385,0
DA:386,0
DA:387,0
DA:388,0
DA:389,0
DA:391,0
DA:392,0
DA:393,0
DA:394,0
DA:396,0
DA:397,0
DA:401,0
DA:402,0
DA:403,0
DA:404,0
DA:405,0
DA:406,0
DA:407,0
DA:408,0
DA:412,0
DA:413,0
DA:414,0
DA:415,0
DA:419,0
DA:420,0
DA:421,0
DA:422,0
DA:427,0
DA:429,0
DA:433,0
DA:434,0
DA:435,0
DA:437,0
DA:442,0
DA:443,0
DA:444,0
DA:449,0
DA:450,0
LF:181
LH:0
end_of_record
