TN:
SF:C:\Repos\mpmahj\crates\mahjong_ai\src\context.rs
FN:65,VisibleTiles::new
FN:75,VisibleTiles::add_discard
FN:82,VisibleTiles::add_meld
FN:93,VisibleTiles::record_draw
FN:98,VisibleTiles::count_visible
FN:128,VisibleTiles::count_available
FN:154,VisibleTiles::is_dead
FN:161,VisibleTiles::wall_depletion
FN:176,<impl Default for VisibleTiles>::default
FN:229,GamePhaseContext::hand
FN:238,GamePhaseContext::visible
FNF:11
FNDA:6917529027641081856,VisibleTiles::new
FNDA:3026418949592973312,VisibleTiles::add_discard
FNDA:432345564227567616,VisibleTiles::add_meld
FNDA:4899916394579099648,VisibleTiles::record_draw
FNDA:7349874591868649470,VisibleTiles::count_visible
FNDA:6773413839565225978,VisibleTiles::count_available
FNDA:3170534137668829184,VisibleTiles::is_dead
FNDA:144115188075857769,VisibleTiles::wall_depletion
FNDA:0,<impl Default for VisibleTiles>::default
FNDA:0,GamePhaseContext::hand
FNDA:0,GamePhaseContext::visible
DA:65,6917529027641081856
DA:67,13835058055282163712
DA:68,6917529027641081856
DA:69,6917529027641081856
DA:75,3026418949592973312
DA:76,9079256848778919936
DA:77,3026418949592973312
DA:78,9079256848778919936
DA:82,432345564227567616
DA:83,1729382256910270464
DA:84,2594073385365405696
DA:85,5188146770730811392
DA:86,1297036692682702848
DA:89,2161727821137838080
DA:93,4899916394579099648
DA:94,4899916394579099648
DA:98,7349874591868649470
DA:99,3602879701896396794
DA:100,7349874591868649470
DA:128,6773413839565225978
DA:129,7782220156096216316
DA:130,6269010681299730552
DA:132,8791026472627207782
DA:134,15420325124116578274
DA:154,3170534137668829184
DA:155,6341068275337658368
DA:161,144115188075857769
DA:166,288230376151715538
DA:167,144115188075857769
DA:168,0
DA:170,144115188075857769
DA:176,0
DA:177,0
DA:229,0
DA:230,0
DA:231,0
DA:232,0
DA:233,0
DA:238,0
DA:239,0
DA:240,0
DA:241,0
DA:242,0
LF:43
LH:30
end_of_record
TN:
SF:C:\Repos\mpmahj\crates\mahjong_ai\src\evaluation.rs
FN:117,StrategicEvaluation::from_analysis
FN:154,StrategicEvaluation::classify_difficulty
FN:189,calculate_difficulty
FN:219,calculate_expected_value
FN:258,check_viability
FN:273,filter_dead_patterns
FN:287,calculate_tile_flexibility
FN:314,calculate_tile_utility
FNF:8
FNDA:6196953087261802491,StrategicEvaluation::from_analysis
FNDA:8863084066665136124,StrategicEvaluation::classify_difficulty
FNDA:6269010681299730534,calculate_difficulty
FNDA:0,calculate_expected_value
FNDA:6413125869375586299,check_viability
FNDA:72057594037928529,filter_dead_patterns
FNDA:216172782113783808,calculate_tile_flexibility
FNDA:1513209474796486656,calculate_tile_utility
DA:117,6196953087261802491
DA:123,12538021362599460839
DA:124,12538021362599460839
DA:125,6341068275337658348
DA:127,12393906174523604982
DA:128,6413125869375586308
DA:130,9727775195120271352
DA:134,12393906174523604982
DA:135,12393906174523604982
DA:136,12393906174523604982
DA:137,12393906174523604982
DA:142,12393906174523604982
DA:144,6196953087261802491
DA:148,6196953087261802491
DA:150,6196953087261802491
DA:154,8863084066665136124
DA:156,8863084066665136124
DA:157,10232178353385766904
DA:161,7782220156096217188
DA:162,1080863910568919040
DA:166,8646911284551352437
DA:167,6557241057451442179
DA:171,1945555039024054289
DA:189,6269010681299730534
DA:190,12538021362599461068
DA:193,16285016252571711500
DA:194,9655717601082340980
DA:196,15420325124116577544
DA:197,13330654897016669546
DA:198,13330654897016669546
DA:199,16068843470457932038
DA:204,13330654897016669546
DA:206,10592466323575407054
DA:210,6269010681299730534
DA:219,0
DA:220,0
DA:221,0
DA:224,0
DA:258,6413125869375586299
DA:259,13835058055282163758
DA:260,3314649325744685089
DA:261,12970366926827030770
DA:262,7493989779944509924
DA:264,15708555500268291193
DA:265,9151314442816847852
DA:269,6485183463413514284
DA:273,72057594037928529
DA:274,288230376151714116
DA:287,216172782113783808
DA:288,432345564227567616
DA:289,216172782113783808
DA:291,648518346341351424
DA:293,432345564227567616
DA:294,432345564227567616
DA:295,1297036692682702848
DA:314,1513209474796486656
DA:315,3026418949592973312
DA:316,7566047373982433280
DA:318,1513209474796486656
DA:320,8214565720323784704
DA:321,6701356245527298048
DA:322,0
DA:326,15060037153926938624
DA:327,6701356245527298048
DA:329,1513209474796486656
LF:65
LH:60
end_of_record
TN:
SF:C:\Repos\mpmahj\crates\mahjong_ai\src\hint\mod.rs
FN:50,HintAdvisor::recommend_discard
FN:78,HintAdvisor::recommend_discard_with_scores
FN:138,HintAdvisor::recommend_calls
FN:223,HintAdvisor::evaluate_defense
FN:252,HintAdvisor::is_genbutsu
FN:261,HintAdvisor::check_opponent_melds
FN:285,HintAdvisor::same_suit
FNF:7
FNDA:216172782113783808,HintAdvisor::recommend_discard
FNDA:2449958197289549824,HintAdvisor::recommend_discard_with_scores
FNDA:0,HintAdvisor::recommend_calls
FNDA:3026418949592973312,HintAdvisor::evaluate_defense
FNDA:2954361355555045376,HintAdvisor::is_genbutsu
FNDA:2810246167479189504,HintAdvisor::check_opponent_melds
FNDA:576460752303423488,HintAdvisor::same_suit
DA:50,216172782113783808
DA:56,216172782113783808
DA:58,144115188075855872
DA:59,360287970189639680
DA:62,144115188075855872
DA:63,360287970189639680
DA:66,144115188075855872
DA:67,360287970189639680
DA:71,0
DA:72,0
DA:78,2449958197289549824
DA:84,2449958197289549824
DA:86,576460752303423488
DA:87,1729382256910270464
DA:90,288230376151711744
DA:91,288230376151711744
DA:95,4035225266123964416
DA:96,12105675798371893248
DA:97,12105675798371893248
DA:101,2017612633061982208
DA:105,288230376151711744
DA:106,864691128455135232
DA:108,432345564227567616
DA:109,288230376151711744
DA:110,0
DA:113,864691128455135232
DA:121,0
DA:122,0
DA:125,0
DA:126,0
DA:138,0
DA:145,0
DA:147,0
DA:148,0
DA:150,0
DA:151,0
DA:152,0
DA:153,0
DA:154,0
DA:155,0
DA:156,0
DA:157,0
DA:158,0
DA:159,0
DA:163,0
DA:164,0
DA:165,0
DA:166,0
DA:167,0
DA:168,0
DA:169,0
DA:170,0
DA:171,0
DA:172,0
DA:176,0
DA:177,0
DA:178,0
DA:179,0
DA:180,0
DA:181,0
DA:182,0
DA:183,0
DA:184,0
DA:185,0
DA:189,0
DA:190,0
DA:191,0
DA:192,0
DA:193,0
DA:194,0
DA:195,0
DA:196,0
DA:197,0
DA:198,0
DA:203,0
DA:204,0
DA:205,0
DA:206,0
DA:207,0
DA:208,0
DA:213,0
DA:223,3026418949592973312
DA:225,9079256848778919936
DA:226,288230376151711744
DA:230,8863084066665136128
DA:231,576460752303423488
DA:235,5620492334958379008
DA:237,288230376151711744
DA:240,864691128455135232
DA:243,10088063165309911040
DA:252,2954361355555045376
DA:253,6485183463413514240
DA:261,2810246167479189504
DA:262,5620492334958379008
DA:264,6269010681299730432
DA:265,1297036692682702848
DA:267,3242591731706757120
DA:268,1297036692682702848
DA:270,648518346341351424
DA:271,72057594037927936
DA:274,2161727821137838080
DA:275,216172782113783808
DA:281,2738188573441261568
DA:285,576460752303423488
DA:286,1585267068834414592
DA:287,1152921504606846976
DA:288,1152921504606846976
DA:289,720575940379279360
DA:290,720575940379279360
LF:109
LH:51
end_of_record
TN:
SF:C:\Repos\mpmahj\crates\mahjong_ai\src\mcts\engine.rs
FN:132,MCTSEngine::new
FN:159,MCTSEngine::search
FN:206,MCTSEngine::get_tile_scores
FN:258,MCTSEngine::mcts_iteration
FN:314,MCTSEngine::select_best_child_idx
FN:339,MCTSEngine::most_visited_child
FN:382,MCTSEngine::expand_node
FN:459,MCTSEngine::score_discard
FN:482,MCTSEngine::simulate
FN:515,MCTSEngine::evaluate_position
FNF:10
FNDA:792633534417207296,MCTSEngine::new
FNDA:360287970189639680,MCTSEngine::search
FNDA:288230376151711744,MCTSEngine::get_tile_scores
FNDA:12465963768561532928,MCTSEngine::mcts_iteration
FNDA:3819052484010180608,MCTSEngine::select_best_child_idx
FNDA:360287970189639680,MCTSEngine::most_visited_child
FNDA:4395513236313604096,MCTSEngine::expand_node
FNDA:792633534417207296,MCTSEngine::score_discard
FNDA:12682136550675316736,MCTSEngine::simulate
FNDA:72057594037927936,MCTSEngine::evaluate_position
DA:132,792633534417207296
DA:137,1585267068834414592
DA:139,792633534417207296
DA:159,360287970189639680
DA:166,720575940379279360
DA:167,1801439850948198400
DA:168,1080863910568919040
DA:169,720575940379279360
DA:172,1441151880758558720
DA:174,720575940379279360
DA:177,360287970189639680
DA:179,7205759403792793600
DA:180,360287970189639680
DA:184,6989586621679009792
DA:188,1080863910568919040
DA:189,720575940379279365
DA:190,720575940379279360
DA:206,288230376151711744
DA:208,576460752303423488
DA:210,576460752303423488
DA:211,0
DA:214,576460752303423488
DA:215,576460752303423488
DA:218,2522015791327477760
DA:219,4467570830351532032
DA:220,4467570830351532032
DA:222,4467570830351532032
DA:223,1729382256910270464
DA:225,504403158265495552
DA:227,8935141660703064064
DA:232,3314649325744685056
DA:233,8358680908399640576
DA:234,0
DA:238,288230376151711744
DA:258,12465963768561532928
DA:265,504403158265495552
DA:266,6485183463413514240
DA:269,6917529027641081854
DA:270,12682136550675316735
DA:271,9223372036854775807
DA:274,7638104968020361214
DA:275,9223372036854775805
DA:276,9223372036854775807
DA:278,9223372036854775805
DA:283,12465963768561532928
DA:284,6485183463413514240
DA:285,5476377146882523138
DA:288,12465963768561532928
DA:289,15276209936040722432
DA:292,11457157452030541824
DA:293,11457157452030541824
DA:294,3819052484010180608
DA:299,1008806316530991104
DA:302,4539628424389459966
DA:303,10520408729537478654
DA:314,3819052484010180608
DA:315,7638104968020361216
DA:316,7638104968020361216
DA:317,0
DA:320,7638104968020361216
DA:321,3819052484010180608
DA:322,3819052484010180608
DA:324,16861477004875137023
DA:325,13042424520864956415
DA:326,15276209936040722428
DA:327,13042424520864956415
DA:328,15276209936040722428
DA:329,13042424520864956415
DA:330,7638104968020361214
DA:331,7638104968020361214
DA:339,360287970189639680
DA:340,720575940379279360
DA:341,360287970189639680
DA:342,360287970189639680
DA:344,3314649325744685056
DA:382,4395513236313604096
DA:384,13186539708940812288
DA:385,17582052945254416384
DA:386,4395513236313604096
DA:387,8791026472627208192
DA:390,11385099857992613888
DA:393,4395513236313604096
DA:394,4611686018427387904
DA:397,216172782113783808
DA:399,864691128455135232
DA:400,4755801206503243776
DA:401,792633534417207296
DA:406,14195346025471803392
DA:409,216172782113783808
DA:410,288230376151711744
DA:412,4323455642275676160
DA:416,10376293541461622784
DA:417,17942340915444056064
DA:418,5476377146882523136
DA:419,11457157452030541824
DA:420,5476377146882523136
DA:421,5476377146882523136
DA:422,11961560610296037376
DA:459,792633534417207296
DA:460,2377900603251621888
DA:463,2377900603251621888
DA:464,0
DA:468,3170534137668829184
DA:470,792633534417207296
DA:471,1585267068834414592
DA:472,0
DA:482,12682136550675316736
DA:488,6917529027641081856
DA:491,8070450532247928832
DA:495,12682136550675316736
DA:496,12682136550675316736
DA:497,12682136550675316736
DA:498,12682136550675316736
DA:499,12682136550675316736
DA:500,12682136550675316736
DA:515,72057594037927936
DA:522,144115188075855872
DA:523,360287970189639680
DA:524,216172782113783808
DA:525,144115188075855872
DA:527,144115188075855872
DA:529,72057594037927936
DA:530,576460752303423488
DA:531,72057594037927936
DA:534,1297036692682702848
DA:535,648518346341351424
DA:538,144115188075855872
LF:127
LH:122
end_of_record
TN:
SF:C:\Repos\mpmahj\crates\mahjong_ai\src\mcts\node.rs
FN:38,MCTSNode::new
FN:63,MCTSNode::ucb1_score
FN:79,MCTSNode::backpropagate
FN:85,MCTSNode::average_value
FNF:4
FNDA:6989586621679009792,MCTSNode::new
FNDA:9223372036854775808,MCTSNode::ucb1_score
FNDA:14843864371813154815,MCTSNode::backpropagate
FNDA:216172782113783810,MCTSNode::average_value
DA:38,6989586621679009792
DA:44,6989586621679009792
DA:63,9223372036854775808
DA:64,9223372036854775808
DA:65,16573246628723425282
DA:68,14987979559889010666
DA:69,7493989779944505333
DA:70,4035225266123964383
DA:72,7493989779944505333
DA:79,14843864371813154815
DA:80,14843864371813154815
DA:81,14843864371813154815
DA:85,216172782113783810
DA:86,216172782113783810
DA:87,72057594037927936
DA:89,144115188075855874
LF:16
LH:16
end_of_record
TN:
SF:C:\Repos\mpmahj\crates\mahjong_ai\src\mcts\simulation.rs
FN:25,determinize_wall
FN:64,simulate_playout
FN:102,select_random_discard
FN:127,evaluate_terminal_hand
FNF:4
FNDA:12898309332789100544,determinize_wall
FNDA:12754194144713244791,simulate_playout
FNDA:15348267530078650368,select_random_discard
FNDA:12826251738751172608,evaluate_terminal_hand
DA:25,12898309332789100544
DA:26,7349874591868649472
DA:29,15852670688344145919
DA:30,5908722711110090750
DA:31,8935141660703064060
DA:32,12898309332789100567
DA:34,17005592192950992896
DA:37,11817445422220181500
DA:38,11817445422220181500
DA:39,11817445422220181500
DA:41,12177733392409821182
DA:42,18446744073709551614
DA:47,7349874591868649472
DA:49,12898309332789100544
DA:64,12754194144713244791
DA:72,1369094286720631141
DA:73,7061644215716937966
DA:75,2954361355555045388
DA:77,8935141660703064103
DA:78,12105675798371893274
DA:80,0
DA:84,8935141660703064103
DA:85,13
DA:89,5764607523034234880
DA:90,8935141660703064064
DA:91,43
DA:94,1441151880758558674
DA:98,14123288431433875880
DA:102,15348267530078650368
DA:104,9151314442816847872
DA:105,15348267530078650368
DA:107,17654110539292344320
DA:111,15348267530078650368
DA:112,12249790986447749094
DA:115,52
DA:127,12826251738751172608
DA:128,14411518807585587200
DA:129,7205759403792793600
DA:130,0
DA:134,1585267068834414592
DA:136,8646911284551352358
DA:137,1729382256910270616
DA:138,10088063165309911116
DA:139,10088063165309911116
DA:140,10088063165309911116
DA:141,14267403619509731366
DA:142,14267403619509731366
DA:147,7205759403792793600
DA:148,0
DA:152,14411518807585587200
DA:153,7205759403792793600
DA:155,1585267068834414592
DA:156,7205759403792793600
DA:157,14411518807585587200
DA:158,14411518807585587200
DA:163,7205759403792793600
DA:166,1585267068834414592
DA:169,12826251738751172608
LF:58
LH:55
end_of_record
TN:
SF:C:\Repos\mpmahj\crates\mahjong_ai\src\probability.rs
FN:83,calculate_tile_probability
FN:169,calculate_probability
FN:235,collect_missing_tile_info
FN:292,calculate_hypergeometric_probability
FN:355,hypergeometric_at_least_k
FN:438,calculate_any_tile_probability
FNF:6
FNDA:648518346341351424,calculate_tile_probability
FNDA:6341068275337658363,calculate_probability
FNDA:6269010681299730427,collect_missing_tile_info
FNDA:6052837899185946624,calculate_hypergeometric_probability
FNDA:6124895493223874560,hypergeometric_at_least_k
FNDA:72057594037927936,calculate_any_tile_probability
DA:83,648518346341351424
DA:85,3891110078048108544
DA:86,144115188075855872
DA:88,504403158265495552
DA:92,2594073385365405696
DA:93,2594073385365405696
DA:94,1297036692682702848
DA:97,2594073385365405696
DA:99,648518346341351424
DA:100,144115188075855872
DA:103,1008806316530991104
DA:104,2017612633061982208
DA:106,504403158265495552
DA:107,0
DA:112,504403158265495552
DA:169,6341068275337658363
DA:171,12682136550675316726
DA:172,3170534137668829226
DA:173,14699749183737299006
DA:174,17942340915444056557
DA:175,10592466323575407054
DA:179,6341068275337658363
DA:180,72057594037928529
DA:184,12538021362599460824
DA:185,6629298651489370032
DA:187,6269010681299730412
DA:188,0
DA:192,12898309332789100444
DA:194,12538021362599460824
DA:195,0
DA:199,7566047373982433252
DA:200,648518346341351420
DA:201,13258597302978740151
DA:207,18302628885633695783
DA:208,1152921504606847590
DA:212,9151314442816847863
DA:215,7998392938210000887
DA:216,7998392938210000887
DA:217,2666130979403333629
DA:221,5764607523034234420
DA:235,6269010681299730427
DA:240,12538021362599460854
DA:242,16285016252571713562
DA:243,9655717601082343470
DA:244,4827858800541171735
DA:245,2738188573441262492
DA:246,2738188573441262492
DA:249,13690942867206314814
DA:250,8502796096475496689
DA:252,4107282860161894875
DA:254,5476377146882524984
DA:255,2738188573441262492
DA:256,5476377146882524984
DA:258,5476377146882524984
DA:262,6269010681299730427
DA:292,6052837899185946624
DA:297,12105675798371893248
DA:298,0
DA:303,5764607523034234880
DA:305,6052837899185946624
DA:306,0
DA:310,17870283321406128128
DA:315,6052837899185946624
DA:316,6052837899185946624
DA:317,6052837899185946624
DA:318,6052837899185946624
DA:323,18158513697557839872
DA:324,12105675798371893248
DA:326,12105675798371893248
DA:328,0
DA:331,12105675798371893248
DA:355,6124895493223874560
DA:357,6124895493223874560
DA:358,0
DA:361,6124895493223874560
DA:362,0
DA:365,6124895493223874560
DA:366,0
DA:370,6052837899185946624
DA:373,6052837899185946624
DA:378,6052837899185946624
DA:379,12249790986447749120
DA:380,0
DA:384,12249790986447749120
DA:385,6557241057451442174
DA:386,432345564227567614
DA:390,12249790986447749120
DA:438,72057594037927936
DA:444,216172782113783808
DA:445,0
DA:449,144115188075855872
DA:450,288230376151711744
DA:452,72057594037927936
DA:453,0
DA:457,216172782113783808
DA:458,216172782113783808
DA:459,864691128455135232
DA:460,0
DA:462,144115188075855872
DA:464,576460752303423488
DA:465,576460752303423488
DA:466,432345564227567616
DA:469,72057594037927936
DA:470,0
DA:476,72057594037927936
DA:477,72057594037927936
DA:478,144115188075855872
LF:107
LH:93
end_of_record
TN:
SF:C:\Repos\mpmahj\crates\mahjong_ai\src\strategies\greedy.rs
FN:75,GreedyAI::new
FN:83,GreedyAI::evaluate_hand
FN:114,GreedyAI::calculate_max_ev
FN:136,GreedyAI::total_copies
FN:144,GreedyAI::opponent_interest_factor
FN:155,GreedyAI::discard_safety_factor
FN:161,GreedyAI::scarcity_factor
FN:167,GreedyAI::discard_risk_penalty
FN:176,GreedyAI::score_tile_for_charleston
FN:216,GreedyAI::get_charleston_tile_scores
FN:247,GreedyAI::get_discard_tile_scores
FN:283,<impl MahjongAI for GreedyAI>::select_charleston_tiles
FN:334,<impl MahjongAI for GreedyAI>::vote_charleston
FN:354,<impl MahjongAI for GreedyAI>::select_discard
FN:403,<impl MahjongAI for GreedyAI>::should_call
FN:502,EvaluationCacheKey::new
FNF:16
FNDA:4683743612465315840,GreedyAI::new
FNDA:1080863910568919038,GreedyAI::evaluate_hand
FNDA:288230376151711742,GreedyAI::calculate_max_ev
FNDA:2305843009213693949,GreedyAI::total_copies
FNDA:4611686018427387902,GreedyAI::opponent_interest_factor
FNDA:4035225266123964414,GreedyAI::discard_safety_factor
FNDA:4035225266123964414,GreedyAI::scarcity_factor
FNDA:17005592192950992894,GreedyAI::discard_risk_penalty
FNDA:288230376151711744,GreedyAI::score_tile_for_charleston
FNDA:1585267068834414592,GreedyAI::get_charleston_tile_scores
FNDA:2017612633061982208,GreedyAI::get_discard_tile_scores
FNDA:1729382256910270464,<impl MahjongAI for GreedyAI>::select_charleston_tiles
FNDA:72057594037927936,<impl MahjongAI for GreedyAI>::vote_charleston
FNDA:2594073385365405696,<impl MahjongAI for GreedyAI>::select_discard
FNDA:1152921504606846976,<impl MahjongAI for GreedyAI>::should_call
FNDA:1080863910568919038,EvaluationCacheKey::new
DA:75,4683743612465315840
DA:77,9367487224930631680
DA:78,4683743612465315840
DA:83,1080863910568919038
DA:90,5404319552844595190
DA:91,6917529027641081851
DA:92,9511602413006487550
DA:95,4395513236313604091
DA:97,10016005571271983101
DA:99,17942340915444056060
DA:100,4611686018427387898
DA:101,4611686018427387898
DA:102,4611686018427387898
DA:104,11529215046068469745
DA:108,4395513236313604091
DA:110,15636497906230362111
DA:114,288230376151711742
DA:115,576460752303423484
DA:116,576460752303423484
DA:118,1297036692682702840
DA:119,2017612633061982196
DA:120,2017612633061982196
DA:121,18446744073709551610
DA:123,13546827679130451972
DA:124,5044031582654955522
DA:125,5044031582654955522
DA:129,288230376151711742
DA:130,288230376151711742
DA:132,0
DA:136,2305843009213693949
DA:137,7493989779944505332
DA:138,7782220156096217092
DA:140,1441151880758558717
DA:144,4611686018427387902
DA:145,13835058055282163706
DA:146,4611686018427387902
DA:149,4611686018427387902
DA:152,4611686018427387902
DA:155,4035225266123964414
DA:156,12105675798371893242
DA:157,4035225266123964428
DA:158,8070450532247928828
DA:161,4035225266123964414
DA:162,12105675798371893242
DA:163,12105675798371893242
DA:164,8070450532247928828
DA:167,17005592192950992894
DA:168,12682136550675316728
DA:169,12682136550675316728
DA:170,11240984669916758006
DA:172,15564440312192434172
DA:176,288230376151711744
DA:184,576460752303423488
DA:185,0
DA:190,16429131440647569408
DA:193,16140901064495857664
DA:194,11529215046068469760
DA:195,0
DA:197,11529215046068469760
DA:201,3170534137668829184
DA:202,6341068275337658368
DA:204,17582052945254416384
DA:205,17582052945254416384
DA:206,7205759403792793600
DA:207,10376293541461622784
DA:209,7205759403792793600
DA:216,1585267068834414592
DA:222,3170534137668829184
DA:225,9511602413006487552
DA:228,4755801206503243776
DA:229,4035225266123964416
DA:230,4899916394579099648
DA:231,1152921504606846976
DA:234,4755801206503243776
DA:235,15852670688344145920
DA:239,1585267068834414592
DA:247,2017612633061982208
DA:253,4035225266123964416
DA:255,6052837899185946624
DA:258,9799832789158199296
DA:259,15564440312192434176
DA:260,4755801206503243776
DA:261,1585267068834414592
DA:265,144115188075855872
DA:266,144115188075855872
DA:267,0
DA:271,288230376151711744
DA:272,6341068275337658368
DA:273,12538021362599460864
DA:275,6341068275337658368
DA:278,2017612633061982208
DA:283,1729382256910270464
DA:290,3458764513820540928
DA:293,10376293541461622784
DA:296,5188146770730811392
DA:297,6052837899185946624
DA:298,8646911284551352320
DA:299,1441151880758558720
DA:302,12249790986447749120
DA:303,4323455642275676160
DA:308,8646911284551352320
DA:309,7998392938210000896
DA:310,13618885273168379904
DA:311,9079256848778919936
DA:315,1729382256910270464
DA:316,3891110078048108544
DA:317,720575940379279360
DA:319,5188146770730811392
DA:322,6917529027641081856
DA:324,5188146770730811392
DA:327,1729382256910270464
DA:330,1729382256910270464
DA:334,72057594037927936
DA:340,432345564227567616
DA:343,1008806316530991104
DA:347,72057594037927936
DA:348,0
DA:350,72057594037927936
DA:354,2594073385365405696
DA:360,5188146770730811392
DA:363,7782220156096217088
DA:365,0
DA:366,0
DA:367,0
DA:368,0
DA:369,0
DA:370,0
DA:373,5188146770730811392
DA:374,5188146770730811392
DA:377,18014398509481984000
DA:378,12393906174523604992
DA:379,2017612633061982208
DA:383,3314649325744685056
DA:384,3314649325744685056
DA:385,0
DA:389,6629298651489370112
DA:390,16717361816799281152
DA:392,11673330234144325632
DA:394,17437937757178560512
DA:395,4035225266123964416
DA:396,4035225266123964416
DA:400,2594073385365405696
DA:403,1152921504606846976
DA:415,2305843009213693952
DA:416,0
DA:420,4611686018427387904
DA:421,2305843009213693952
DA:422,576460752303423488
DA:423,576460752303423488
DA:424,0
DA:425,0
DA:428,1152921504606846976
DA:429,0
DA:433,6917529027641081856
DA:434,4611686018427387904
DA:437,3458764513820540928
DA:438,3458764513820540928
DA:441,4611686018427387904
DA:442,5764607523034234880
DA:443,2305843009213693952
DA:444,0
DA:448,1152921504606846976
DA:449,8646911284551352320
DA:450,0
DA:454,3458764513820540928
DA:455,576460752303423488
DA:459,1729382256910270464
DA:460,0
DA:464,3458764513820540928
DA:465,2305843009213693952
DA:468,1152921504606846976
DA:469,1152921504606846976
DA:470,0
DA:471,0
DA:474,2882303761517117440
DA:475,1729382256910270464
DA:476,1729382256910270464
DA:478,1152921504606846976
DA:502,1080863910568919038
DA:504,3242591731706757114
DA:505,3242591731706757114
DA:507,1080863910568919038
LF:182
LH:161
end_of_record
TN:
SF:C:\Repos\mpmahj\crates\mahjong_ai\src\strategies\mcts_ai.rs
FN:77,MCTSAI::new
FN:107,MCTSAI::engine_mut
FN:115,MCTSAI::get_discard_tile_scores
FN:131,MCTSAI::get_cached_tile_scores
FN:143,MCTSAI::get_tile_utility_scores
FN:189,<impl MahjongAI for MCTSAI>::select_charleston_tiles
FN:201,<impl MahjongAI for MCTSAI>::vote_charleston
FN:212,<impl MahjongAI for MCTSAI>::select_discard
FN:238,<impl MahjongAI for MCTSAI>::should_call
FNF:9
FNDA:360287970189639680,MCTSAI::new
FNDA:0,MCTSAI::engine_mut
FNDA:0,MCTSAI::get_discard_tile_scores
FNDA:144115188075855872,MCTSAI::get_cached_tile_scores
FNDA:144115188075855872,MCTSAI::get_tile_utility_scores
FNDA:72057594037927936,<impl MahjongAI for MCTSAI>::select_charleston_tiles
FNDA:0,<impl MahjongAI for MCTSAI>::vote_charleston
FNDA:288230376151711744,<impl MahjongAI for MCTSAI>::select_discard
FNDA:0,<impl MahjongAI for MCTSAI>::should_call
DA:77,360287970189639680
DA:79,1441151880758558720
DA:80,720575940379279360
DA:81,360287970189639680
DA:107,0
DA:108,0
DA:115,0
DA:121,0
DA:123,0
DA:124,0
DA:127,0
DA:131,144115188075855872
DA:132,288230376151711744
DA:143,144115188075855872
DA:153,576460752303423488
DA:154,432345564227567616
DA:156,864691128455135232
DA:157,2882303761517117440
DA:158,1441151880758558720
DA:159,1441151880758558720
DA:160,1441151880758558720
DA:161,720575940379279360
DA:162,720575940379279360
DA:167,288230376151711744
DA:168,0
DA:172,288230376151711744
DA:173,1585267068834414592
DA:174,2882303761517117440
DA:175,432345564227567616
DA:176,144115188075855872
DA:180,6485183463413514240
DA:181,5188146770730811392
DA:184,144115188075855872
DA:189,72057594037927936
DA:197,72057594037927936
DA:198,360287970189639680
DA:201,0
DA:208,0
DA:209,0
DA:212,288230376151711744
DA:219,864691128455135232
DA:221,0
DA:222,0
DA:223,0
DA:224,0
DA:225,0
DA:226,0
DA:230,1729382256910270464
DA:233,1152921504606846976
DA:235,288230376151711744
DA:238,0
DA:250,0
DA:251,0
DA:252,0
DA:253,0
DA:254,0
DA:255,0
DA:256,0
DA:257,0
DA:258,0
LF:60
LH:33
end_of_record
TN:
SF:C:\Repos\mpmahj\crates\mahjong_ai\src\strategies\random.rs
FN:23,RandomAI::new
FN:31,<impl MahjongAI for RandomAI>::select_charleston_tiles
FN:54,<impl MahjongAI for RandomAI>::vote_charleston
FN:68,<impl MahjongAI for RandomAI>::select_discard
FN:87,<impl MahjongAI for RandomAI>::should_call
FNF:5
FNDA:3746994889972252672,RandomAI::new
FNDA:432345564227567616,<impl MahjongAI for RandomAI>::select_charleston_tiles
FNDA:0,<impl MahjongAI for RandomAI>::vote_charleston
FNDA:144115188075855872,<impl MahjongAI for RandomAI>::select_discard
FNDA:0,<impl MahjongAI for RandomAI>::should_call
DA:23,3746994889972252672
DA:25,3746994889972252672
DA:31,432345564227567616
DA:39,1297036692682702848
DA:40,432345564227567616
DA:42,11673330234144325632
DA:47,1729382256910270464
DA:48,864691128455135232
DA:49,864691128455135232
DA:54,0
DA:61,0
DA:62,0
DA:64,0
DA:68,144115188075855872
DA:75,4755801206503243776
DA:76,432345564227567616
DA:77,144115188075855872
DA:80,0
DA:81,0
DA:82,0
DA:83,0
DA:87,0
DA:99,0
DA:100,0
DA:104,0
DA:105,0
DA:106,0
DA:107,0
DA:108,0
DA:109,0
DA:112,0
DA:113,0
DA:117,0
LF:33
LH:13
end_of_record
TN:
SF:C:\Repos\mpmahj\crates\mahjong_ai\src\trait.rs
FN:37,Difficulty::mcts_iterations
FN:47,Difficulty::uses_mcts
FN:143,create_ai
FN:160,BasicBotAI::new
FN:169,<impl MahjongAI for BasicBotAI>::select_charleston_tiles
FN:179,<impl MahjongAI for BasicBotAI>::vote_charleston
FN:194,<impl MahjongAI for BasicBotAI>::select_discard
FN:203,<impl MahjongAI for BasicBotAI>::should_call
FN:222,load_default_card
FNF:9
FNDA:0,Difficulty::mcts_iterations
FNDA:0,Difficulty::uses_mcts
FNDA:4179340454199820288,create_ai
FNDA:360287970189639680,BasicBotAI::new
FNDA:0,<impl MahjongAI for BasicBotAI>::select_charleston_tiles
FNDA:0,<impl MahjongAI for BasicBotAI>::vote_charleston
FNDA:360287970189639680,<impl MahjongAI for BasicBotAI>::select_discard
FNDA:0,<impl MahjongAI for BasicBotAI>::should_call
FNDA:360287970189639680,load_default_card
DA:37,0
DA:38,0
DA:39,0
DA:40,0
DA:41,0
DA:42,0
DA:47,0
DA:48,0
DA:143,4179340454199820288
DA:144,4179340454199820288
DA:145,7493989779944505344
DA:146,0
DA:147,864691128455135232
DA:148,0
DA:160,360287970189639680
DA:161,720575940379279360
DA:163,360287970189639680
DA:169,0
DA:176,0
DA:179,0
DA:185,0
DA:186,0
DA:187,0
DA:188,0
DA:190,0
DA:194,360287970189639680
DA:200,1080863910568919040
DA:203,0
DA:214,0
DA:215,0
DA:216,0
DA:222,360287970189639680
DA:223,720575940379279360
DA:224,1441151880758558720
LF:34
LH:12
end_of_record
TN:
SF:C:\Repos\mpmahj\crates\mahjong_core\src\bot\basic.rs
FN:39,BasicBot::new
FN:76,BasicBot::choose_charleston_tiles
FN:130,BasicBot::choose_discard
FN:155,BasicBot::should_call
FN:215,BasicBot::check_win
FN:222,BasicBot::score_tile
FN:270,BasicBot::count_tile_in_patterns
FNF:7
FNDA:2377900603251621888,BasicBot::new
FNDA:1008806316530991104,BasicBot::choose_charleston_tiles
FNDA:936748722493063168,BasicBot::choose_discard
FNDA:648518346341351424,BasicBot::should_call
FNDA:432345564227567616,BasicBot::check_win
FNDA:2810246167479194124,BasicBot::score_tile
FNDA:1369094286720630784,BasicBot::count_tile_in_patterns
DA:39,2377900603251621888
DA:41,2377900603251621888
DA:76,1008806316530991104
DA:78,4035225266123964416
DA:81,3026418949592973312
DA:83,14123288431433875456
DA:84,7782220156096217088
DA:87,2449958197289549824
DA:88,2810246167479189504
DA:91,6485183463413514240
DA:92,4323455642275676160
DA:96,5044031582654955520
DA:97,2017612633061982208
DA:100,1008806316530991104
DA:101,3026418949592973312
DA:102,2017612633061982208
DA:103,13474770085092524032
DA:104,10304235947423694848
DA:106,3026418949592973312
DA:109,4035225266123964416
DA:111,3026418949592973312
DA:114,1008806316530991104
DA:117,1008806316530991104
DA:130,936748722493063168
DA:131,3746994889972252672
DA:134,1873497444986126336
DA:135,1873497444986126336
DA:137,11889503016258109440
DA:138,10376293541461622784
DA:140,14339461213547659264
DA:141,3386706919782612992
DA:142,3386706919782612992
DA:146,936748722493063168
DA:155,648518346341351424
DA:157,1297036692682702848
DA:158,144115188075855872
DA:162,2017612633061982208
DA:163,2017612633061982208
DA:166,1008806316530991104
DA:169,504403158265495552
DA:171,288230376151711744
DA:175,864691128455135232
DA:176,432345564227567616
DA:178,216172782113783808
DA:179,216172782113783808
DA:182,648518346341351424
DA:183,864691128455135232
DA:184,864691128455135232
DA:186,432345564227567616
DA:187,0
DA:189,216172782113783808
DA:193,432345564227567616
DA:194,0
DA:196,864691128455135232
DA:199,1297036692682702848
DA:200,1297036692682702848
DA:203,0
DA:204,0
DA:207,0
DA:208,0
DA:210,0
DA:215,432345564227567616
DA:216,1297036692682702848
DA:222,2810246167479194124
DA:223,5620492334958388248
DA:226,5620492334958388248
DA:227,1441151880758558720
DA:231,8070450532247942692
DA:232,3963167672086036480
DA:236,5476377146882541616
DA:237,3170534137668833804
DA:238,1801439850948198400
DA:240,1513209474796491276
DA:241,144115188075855872
DA:245,12321848580485686296
DA:246,4683743612465315840
DA:250,792633534417221156
DA:251,15132094747964866560
DA:255,7349874591868667952
DA:256,8142508126285861388
DA:260,6845471433603177020
DA:261,1369094286720635404
DA:263,1369094286720635404
DA:270,1369094286720630784
DA:271,2738188573441261568
DA:273,1369094286720630784
DA:275,13907115649320091646
DA:277,12538021362599460861
DA:278,6629298651489370108
DA:282,13258597302978740212
DA:284,7
LF:91
LH:84
end_of_record
TN:
SF:C:\Repos\mpmahj\crates\mahjong_core\src\bot_utils.rs
FN:34,calculate_bot_delay
FN:81,calculate_bot_delay_with_progress
FNF:2
FNDA:2161727821137838083,calculate_bot_delay
FNDA:720575940379279360,calculate_bot_delay_with_progress
DA:34,2161727821137838083
DA:35,4323455642275676166
DA:37,4323455642275676166
DA:38,2161727821137838089
DA:39,2882303761517117440
DA:40,2161727821137838080
DA:41,2161727821137838080
DA:42,0
DA:43,0
DA:45,0
DA:48,4323455642275676166
DA:81,720575940379279360
DA:86,1441151880758558720
DA:89,1441151880758558720
DA:91,1441151880758558720
DA:93,1441151880758558720
DA:94,1729382256910270464
DA:95,288230376151711744
DA:96,0
DA:97,432345564227567616
DA:98,0
DA:99,0
DA:101,0
DA:105,1585267068834414592
DA:106,576460752303423488
DA:108,144115188075855872
DA:111,1441151880758558720
LF:27
LH:20
end_of_record
TN:
SF:C:\Repos\mpmahj\crates\mahjong_core\src\call_resolution.rs
FN:94,CallIntent::new
FN:107,CallIntent::priority
FN:115,CallIntent::summary
FN:150,resolve_calls
FN:155,resolve_calls_with_meta
FNF:5
FNDA:2738188573441261804,CallIntent::new
FNDA:4899916394579099648,CallIntent::priority
FNDA:3170534137668829184,CallIntent::summary
FNDA:648518346341351424,resolve_calls
FNDA:2594073385365405696,resolve_calls_with_meta
DA:94,2738188573441261804
DA:107,4899916394579099648
DA:108,4899916394579099648
DA:109,2017612633061982208
DA:110,2882303761517117440
DA:115,3170534137668829184
DA:116,6341068275337658368
DA:117,1152921504606846976
DA:119,2017612633061982208
DA:124,3170534137668829184
DA:150,648518346341351424
DA:151,1297036692682702848
DA:155,2594073385365405696
DA:159,5188146770730811392
DA:160,864691128455135232
DA:165,3458764513820540928
DA:167,6629298651489370112
DA:172,5188146770730811392
DA:174,9079256848778919936
DA:178,1729382256910270464
DA:179,2738188573441261568
DA:180,2738188573441261568
DA:181,864691128455135232
DA:183,1008806316530991104
DA:184,504403158265495552
DA:187,1369094286720630784
DA:192,720575940379279360
DA:193,1080863910568919040
DA:194,1080863910568919040
DA:195,360287970189639680
DA:198,792633534417207296
DA:199,2233785415175766016
DA:200,720575940379279360
DA:203,6124895493223874564
DA:206,720575940379279360
DA:207,360287970189639680
DA:208,360287970189639680
DA:211,720575940379279360
DA:212,72057594037927936
DA:214,576460752303423488
DA:215,288230376151711744
DA:218,360287970189639680
DA:223,0
LF:43
LH:42
end_of_record
TN:
SF:C:\Repos\mpmahj\crates\mahjong_core\src\command.rs
FN:236,GameCommand::player
FN:286,GameCommand::validate_pass_tile_count
FN:302,GameCommand::contains_jokers
FN:311,GameCommand::discarded_tile
FNF:4
FNDA:17942340915444056064,GameCommand::player
FNDA:7349874591868649472,GameCommand::validate_pass_tile_count
FNDA:9223372036854775808,GameCommand::contains_jokers
FNDA:144115188075855872,GameCommand::discarded_tile
DA:236,17942340915444056064
DA:237,17942340915444056064
DA:238,576460752303423488
DA:239,2449958197289549824
DA:240,18014398509481984000
DA:241,4899916394579099648
DA:242,7205759403792793600
DA:243,5332261958806667264
DA:244,1729382256910270464
DA:245,5476377146882523136
DA:246,4899916394579099648
DA:247,7926335344172072960
DA:248,3746994889972252672
DA:249,1441151880758558720
DA:250,432345564227567616
DA:251,2017612633061982208
DA:252,144115188075855872
DA:253,0
DA:254,0
DA:255,0
DA:256,144115188075855872
DA:257,0
DA:258,1441151880758558720
DA:259,1729382256910270464
DA:260,864691128455135232
DA:261,576460752303423488
DA:262,288230376151711744
DA:263,576460752303423488
DA:264,0
DA:265,0
DA:266,864691128455135232
DA:286,7349874591868649472
DA:288,7349874591868649472
DA:289,7349874591868649472
DA:291,7349874591868649472
DA:293,14699749183737298944
DA:294,14699749183737298944
DA:296,0
DA:302,9223372036854775808
DA:303,9223372036854775808
DA:304,7998392938210000896
DA:305,9871890383196127232
DA:306,0
DA:311,144115188075855872
DA:312,216172782113783808
DA:313,72057594037927936
DA:315,72057594037927936
LF:47
LH:39
end_of_record
TN:
SF:C:\Repos\mpmahj\crates\mahjong_core\src\deck.rs
FN:38,Deck::new
FN:51,Deck::new_with_blanks
FN:97,Deck::shuffle_with_seed
FN:103,Deck::shuffle
FN:116,<impl Default for Deck>::default
FN:139,Wall::from_deck
FN:158,Wall::from_deck_with_seed
FN:165,Wall::from_seed_with_break
FN:170,Wall::from_seed
FN:175,Wall::draw
FN:184,Wall::remaining
FN:189,Wall::total_tiles
FN:206,Wall::deal_initial
FNF:13
FNDA:9511602413006487584,Deck::new
FNDA:9511602413006487826,Deck::new_with_blanks
FNDA:9439544818968559616,Deck::shuffle_with_seed
FNDA:32,Deck::shuffle
FNDA:0,<impl Default for Deck>::default
FNDA:9439544818968559616,Wall::from_deck
FNDA:9439544818968559616,Wall::from_deck_with_seed
FNDA:144115188075855904,Wall::from_seed_with_break
FNDA:576460752303423520,Wall::from_seed
FNDA:8430738502437568511,Wall::draw
FNDA:3674937295934324735,Wall::remaining
FNDA:1008806316530991104,Wall::total_tiles
FNDA:1513209474796486656,Wall::deal_initial
DA:38,9511602413006487584
DA:39,9511602413006487584
DA:51,9511602413006487826
DA:52,10088063165309911862
DA:53,10088063165309911862
DA:56,11385099857992613934
DA:57,11673330234144325410
DA:58,1152921504606846988
DA:63,17005592192950993028
DA:64,576460752303423535
DA:65,4611686018427388282
DA:70,15132094747964866567
DA:71,10808639105689190360
DA:72,10376293541461623238
DA:77,4899916394579099372
DA:78,13835058055282163162
DA:82,7205759403792793599
DA:83,13835058055282163162
DA:87,9511602413006487826
DA:88,298
DA:89,18446744073709551612
DA:97,9439544818968559616
DA:98,9871890383196127232
DA:99,432345564227567616
DA:103,32
DA:109,96
DA:110,64
DA:116,0
DA:117,0
DA:139,9439544818968559616
DA:141,432345564227567616
DA:142,432345564227567616
DA:158,9439544818968559616
DA:159,432345564227567616
DA:160,9871890383196127232
DA:161,864691128455135232
DA:165,144115188075855904
DA:166,432345564227567712
DA:170,576460752303423520
DA:171,1152921504606847040
DA:175,8430738502437568511
DA:176,16861477004875137022
DA:177,144115188075855874
DA:179,8430738502437568509
DA:180,16861477004875137018
DA:184,3674937295934324735
DA:185,14699749183737298940
DA:189,1008806316530991104
DA:190,2017612633061982208
DA:206,1513209474796486656
DA:208,1513209474796486656
DA:209,0
DA:212,4539628424389459968
DA:213,3026418949592973312
DA:214,3026418949592973312
DA:215,1513209474796486656
DA:216,1513209474796486656
DA:219,1513209474796486656
DA:220,8791026472627208192
DA:221,18158513697557839872
DA:222,6917529027641081848
DA:227,9079256848778919936
DA:228,9079256848778919924
DA:229,9079256848778919924
DA:230,9079256848778919924
DA:231,9079256848778919924
DA:233,1513209474796486654
LF:67
LH:64
end_of_record
TN:
SF:C:\Repos\mpmahj\crates\mahjong_core\src\event\helpers.rs
FN:44,Event::is_private
FN:51,Event::target_player
FN:67,Event::is_error
FN:86,Event::is_for_seat
FN:106,Event::associated_player
FNF:5
FNDA:4611686018427387936,Event::is_private
FNDA:0,Event::target_player
FNDA:0,Event::is_error
FNDA:18302628885633695743,Event::is_for_seat
FNDA:576460752303423488,Event::associated_player
DA:44,4611686018427387936
DA:45,15708555500268290080
DA:51,0
DA:52,0
DA:53,0
DA:54,0
DA:55,0
DA:62,0
DA:67,0
DA:68,0
DA:86,18302628885633695743
DA:87,3458764513820540928
DA:88,2305843009213693952
DA:89,4035225266123964416
DA:91,0
DA:92,1152921504606846976
DA:93,2017612633061982208
DA:95,0
DA:96,0
DA:97,0
DA:101,18302628885633695743
DA:106,576460752303423488
DA:107,576460752303423488
DA:109,0
DA:110,0
DA:111,0
DA:112,288230376151711744
DA:113,0
DA:114,0
DA:115,0
DA:116,0
DA:117,0
DA:118,0
DA:119,288230376151711744
DA:120,0
DA:121,576460752303423488
DA:122,0
DA:123,0
DA:124,0
DA:125,0
DA:127,0
DA:128,0
DA:130,0
DA:131,0
DA:132,0
DA:133,0
DA:134,0
DA:141,0
DA:142,0
LF:49
LH:14
end_of_record
TN:
SF:C:\Repos\mpmahj\crates\mahjong_core\src\flow\charleston\stage.rs
FN:103,CharlestonStage::pass_direction
FN:128,CharlestonStage::allows_blind_pass
FN:138,CharlestonStage::is_courtesy_pass
FN:168,CharlestonStage::next
FN:202,CharlestonStage::requires_pass
FN:240,PassDirection::target_from
FNF:6
FNDA:8070450532247928832,CharlestonStage::pass_direction
FNDA:5332261958806667264,CharlestonStage::allows_blind_pass
FNDA:0,CharlestonStage::is_courtesy_pass
FNDA:3098476543630901248,CharlestonStage::next
FNDA:432345564227567616,CharlestonStage::requires_pass
FNDA:12538021362599460864,PassDirection::target_from
DA:103,8070450532247928832
DA:104,8070450532247928832
DA:105,2594073385365405696
DA:106,2882303761517117440
DA:107,1873497444986126336
DA:108,432345564227567616
DA:109,288230376151711744
DA:128,5332261958806667264
DA:129,9223372036854775808
DA:138,0
DA:139,0
DA:168,3098476543630901248
DA:169,3098476543630901248
DA:170,936748722493063168
DA:171,648518346341351424
DA:172,72057594037927936
DA:174,576460752303423488
DA:175,216172782113783808
DA:176,360287970189639680
DA:177,72057594037927936
DA:180,216172782113783808
DA:181,216172782113783808
DA:182,216172782113783808
DA:184,72057594037927936
DA:185,72057594037927936
DA:202,432345564227567616
DA:203,0
DA:204,432345564227567616
DA:240,12538021362599460864
DA:241,12538021362599460864
DA:242,8358680908399640576
DA:243,11817445422220181504
DA:244,4899916394579099648
LF:33
LH:30
end_of_record
TN:
SF:C:\Repos\mpmahj\crates\mahjong_core\src\flow\charleston\state.rs
FN:103,CharlestonState::new
FN:144,CharlestonState::all_players_ready
FN:151,CharlestonState::voting_complete
FN:180,CharlestonState::vote_result
FN:196,CharlestonState::clear_pending_passes
FN:226,CharlestonState::courtesy_pair_ready
FN:256,CharlestonState::courtesy_agreed_count
FN:269,CharlestonState::courtesy_all_pairs_ready
FN:277,CharlestonState::reset_for_next_pass
FN:303,CharlestonState::is_all_blind_pass
FN:312,CharlestonState::has_iou_debts
FN:320,CharlestonState::player_with_max_iou_debt
FN:329,<impl Default for CharlestonState>::default
FNF:13
FNDA:5116089176692883456,CharlestonState::new
FNDA:11601272640106397696,CharlestonState::all_players_ready
FNDA:2666130979403333632,CharlestonState::voting_complete
FNDA:648518346341351424,CharlestonState::vote_result
FNDA:2305843009213693952,CharlestonState::clear_pending_passes
FNDA:4899916394579099648,CharlestonState::courtesy_pair_ready
FNDA:5044031582654955520,CharlestonState::courtesy_agreed_count
FNDA:0,CharlestonState::courtesy_all_pairs_ready
FNDA:432345564227567616,CharlestonState::reset_for_next_pass
FNDA:576460752303423488,CharlestonState::is_all_blind_pass
FNDA:0,CharlestonState::has_iou_debts
FNDA:0,CharlestonState::player_with_max_iou_debt
FNDA:0,<impl Default for CharlestonState>::default
DA:103,5116089176692883456
DA:106,15348267530078650368
DA:112,10232178353385766912
DA:113,15348267530078650368
DA:119,10232178353385766912
DA:120,10232178353385766912
DA:121,5116089176692883456
DA:122,5116089176692883456
DA:144,11601272640106397696
DA:145,5620492334958379008
DA:151,2666130979403333632
DA:152,5332261958806667264
DA:180,648518346341351424
DA:181,648518346341351424
DA:182,72057594037927936
DA:186,4899916394579099648
DA:187,360287970189639680
DA:189,216172782113783808
DA:196,2305843009213693952
DA:197,4611686018427387904
DA:198,9223372036854775808
DA:200,4611686018427387904
DA:201,9223372036854775808
DA:226,4899916394579099648
DA:227,4899916394579099648
DA:228,9799832789158199296
DA:229,4899916394579099648
DA:230,4899916394579099648
DA:231,4611686018427387904
DA:232,4611686018427387904
DA:233,9223372036854775808
DA:234,4611686018427387904
DA:235,4611686018427387904
DA:256,5044031582654955520
DA:258,1729382256910270464
DA:259,1729382256910270464
DA:261,1729382256910270464
DA:262,0
DA:269,0
DA:270,0
DA:271,0
DA:277,432345564227567616
DA:278,1297036692682702848
DA:279,864691128455135232
DA:280,864691128455135232
DA:281,864691128455135232
DA:282,432345564227567616
DA:284,864691128455135232
DA:285,1297036692682702848
DA:286,864691128455135232
DA:287,864691128455135232
DA:288,432345564227567616
DA:289,432345564227567616
DA:291,864691128455135232
DA:292,864691128455135232
DA:303,576460752303423488
DA:304,576460752303423488
DA:306,3458764513820540928
DA:312,0
DA:313,0
DA:320,0
DA:321,0
DA:323,0
DA:324,0
DA:329,0
DA:330,0
LF:66
LH:54
end_of_record
TN:
SF:C:\Repos\mpmahj\crates\mahjong_core\src\flow\mod.rs
FN:136,GamePhase::transition
FNF:1
FNDA:11240984669916758016,GamePhase::transition
DA:136,11240984669916758016
DA:137,4035225266123964416
DA:140,1513209474796486656
DA:145,1585267068834414592
DA:148,1585267068834414592
DA:151,1585267068834414592
DA:154,1945555039024054272
DA:159,504403158265495552
DA:160,504403158265495552
DA:165,2305843009213693952
DA:168,1152921504606846976
DA:169,1152921504606846976
DA:173,288230376151711744
DA:175,72057594037927936
LF:14
LH:14
end_of_record
TN:
SF:C:\Repos\mpmahj\crates\mahjong_core\src\flow\playing.rs
FN:146,TurnStage::active_player
FN:166,TurnStage::can_player_act
FN:208,TurnStage::next
FNF:3
FNDA:360287970189639688,TurnStage::active_player
FNDA:720575940379279360,TurnStage::can_player_act
FNDA:3674937295934324736,TurnStage::next
DA:146,360287970189639688
DA:147,360287970189639688
DA:148,288230376151711760
DA:149,288230376151711744
DA:150,72057594037927936
DA:166,720575940379279360
DA:167,720575940379279360
DA:168,288230376151711744
DA:169,576460752303423488
DA:171,288230376151711744
DA:172,288230376151711744
DA:176,936748722493063168
DA:208,3674937295934324736
DA:209,7349874591868649472
DA:211,504403158265495552
DA:212,504403158265495552
DA:216,4899916394579099648
DA:217,4899916394579099648
DA:218,9799832789158199296
DA:219,9799832789158199296
DA:220,9799832789158199296
DA:222,2449958197289549824
DA:223,2449958197289549824
DA:224,4899916394579099648
DA:225,4899916394579099648
DA:226,2449958197289549824
DA:227,2449958197289549824
DA:228,2449958197289549824
DA:230,2449958197289549824
DA:235,1152921504606846976
DA:236,576460752303423488
DA:237,72057594037927936
DA:240,504403158265495552
DA:245,216172782113783808
DA:246,72057594037927936
DA:247,72057594037927936
DA:248,72057594037927936
DA:250,72057594037927936
DA:254,72057594037927936
LF:39
LH:39
end_of_record
TN:
SF:C:\Repos\mpmahj\crates\mahjong_core\src\hand.rs
FN:41,Hand::new
FN:57,Hand::empty
FN:67,Hand::total_tiles
FN:73,Hand::tile_count
FN:78,Hand::add_tile
FN:89,Hand::remove_tile
FN:103,Hand::has_tile
FN:110,Hand::count_tile
FN:172,Hand::calculate_deficiency
FN:206,Hand::compute_base_deficiency
FN:275,Hand::apply_joker_adjustments
FN:301,Hand::expose_meld
FN:318,Hand::set_joker_assignments
FN:326,Hand::contains_pair
FN:339,Hand::is_isolated
FNF:15
FNDA:17582052945254432273,Hand::new
FNDA:5116089176692883468,Hand::empty
FNDA:11168927075878830080,Hand::total_tiles
FNDA:288230376151711776,Hand::tile_count
FNDA:17798225727368200191,Hand::add_tile
FNDA:12970366926827028476,Hand::remove_tile
FNDA:6629298651489370134,Hand::has_tile
FNDA:11168927075878830079,Hand::count_tile
FNDA:17726168133330272249,Hand::calculate_deficiency
FNDA:17726168133330278420,Hand::compute_base_deficiency
FNDA:17726168133330272272,Hand::apply_joker_adjustments
FNDA:1801439850948198400,Hand::expose_meld
FNDA:6338,Hand::set_joker_assignments
FNDA:6917529027641081873,Hand::contains_pair
FNDA:10160120759347838975,Hand::is_isolated
DA:41,17582052945254432273
DA:42,16717361816799312930
DA:43,8070450532247925207
DA:44,17870283321406089100
DA:45,13690942867206298083
DA:51,17582052945254432273
DA:57,5116089176692883468
DA:59,10232178353385766936
DA:60,10232178353385766936
DA:61,5116089176692883468
DA:67,11168927075878830080
DA:68,1945555039024054512
DA:69,3891110078048108544
DA:73,288230376151711776
DA:74,576460752303423552
DA:78,17798225727368200191
DA:79,16501189034685497341
DA:80,16501189034685497341
DA:81,17798225727368200191
DA:82,17149707381026848766
DA:89,12970366926827028476
DA:90,16933534598913064944
DA:91,17654110539292344308
DA:92,17654110539292344308
DA:93,12033618204333965308
DA:94,5620492334958379000
DA:95,12033618204333965308
DA:97,936748722493063186
DA:103,6629298651489370134
DA:104,1441151880758558786
DA:105,6629298651489370134
DA:110,11168927075878830079
DA:111,15060037153926938621
DA:112,11168927075878830079
DA:172,17726168133330272249
DA:177,17005592192950992882
DA:178,16285016252571713515
DA:181,16285016252571713515
DA:182,17005592192950992882
DA:183,14843864371813154781
DA:206,17726168133330278420
DA:211,17005592192951005224
DA:212,17005592192951005224
DA:215,14843864371813185636
DA:217,2161727821137844238
DA:218,5764607523034234868
DA:219,5764607523034234868
DA:222,8646911284551352302
DA:223,12970366926827246817
DA:225,9223372036854775794
DA:228,6196953087261971037
DA:229,3314649325744706326
DA:233,5764607523034209752
DA:234,4971973988617027575
DA:236,9295429630892808330
DA:239,2882303761517104876
DA:247,5764607523034209752
DA:248,5764607523034209752
DA:250,4467570830351524340
DA:251,1585267068834419464
DA:255,17726168133330278420
DA:275,17726168133330272272
DA:281,16285016252571713584
DA:282,17726168133330272272
DA:301,1801439850948198400
DA:302,5404319552844595200
DA:303,3602879701896396800
DA:304,10808639105689190400
DA:305,3602879701896396800
DA:309,5620492334958379008
DA:310,12249790986447749120
DA:313,3026418949592973312
DA:314,1008806316530991104
DA:318,6338
DA:319,12676
DA:326,6917529027641081873
DA:327,2305843009213694003
DA:328,6917529027641081873
DA:339,10160120759347838975
DA:340,10160120759347838975
DA:341,1224979098644774911
DA:344,9799832789158199296
DA:348,3458764513820540928
DA:349,5908722711110090752
DA:351,11385099857992613888
DA:352,3458764513820540928
DA:355,13979173243358019584
LF:87
LH:87
end_of_record
TN:
SF:C:\Repos\mpmahj\crates\mahjong_core\src\hint.rs
FN:150,HintData::empty
FN:188,HintData::is_empty
FN:253,CallOpportunity::new
FN:289,DefensiveHint::safe
FN:307,DefensiveHint::risky
FN:325,DefensiveHint::caution
FNF:6
FNDA:504403158265495552,HintData::empty
FNDA:504403158265495552,HintData::is_empty
FNDA:0,CallOpportunity::new
FNDA:3170534137668829184,DefensiveHint::safe
FNDA:144115188075855872,DefensiveHint::risky
FNDA:432345564227567616,DefensiveHint::caution
DA:150,504403158265495552
DA:154,1008806316530991104
DA:155,1008806316530991104
DA:158,1008806316530991104
DA:159,1008806316530991104
DA:160,1008806316530991104
DA:161,504403158265495552
DA:162,504403158265495552
DA:188,504403158265495552
DA:189,1873497444986126336
DA:253,0
DA:289,3170534137668829184
DA:307,144115188075855872
DA:325,432345564227567616
LF:14
LH:13
end_of_record
TN:
SF:C:\Repos\mpmahj\crates\mahjong_core\src\meld.rs
FN:57,MeldType::tile_count
FN:95,Meld::new
FN:128,Meld::tile_count
FN:141,Meld::validate
FN:171,Meld::can_exchange_joker
FN:207,Meld::exchange_joker
FNF:6
FNDA:11673330234144325632,MeldType::tile_count
FNDA:9511602413006487552,Meld::new
FNDA:720575940379279360,Meld::tile_count
FNDA:11096869481840902144,Meld::validate
FNDA:1441151880758558720,Meld::can_exchange_joker
FNDA:288230376151711744,Meld::exchange_joker
DA:57,11673330234144325632
DA:58,11673330234144325632
DA:59,8070450532247928832
DA:60,2161727821137838080
DA:61,432345564227567616
DA:62,1008806316530991104
DA:95,9511602413006487552
DA:100,576460752303423488
DA:103,576460752303423488
DA:105,13835058055282163712
DA:106,10088063165309911040
DA:109,288230376151711744
DA:110,9223372036854775808
DA:111,13258597302978740224
DA:112,12105675798371893248
DA:123,576460752303423488
DA:124,9511602413006487552
DA:128,720575940379279360
DA:129,1441151880758558720
DA:141,11096869481840902144
DA:142,14843864371813154816
DA:143,0
DA:147,3314649325744685056
DA:150,11096869481840902144
DA:151,2017612633061982208
DA:152,6917529027641081856
DA:153,15132094747964866560
DA:154,0
DA:160,10664523917613334526
DA:171,1441151880758558720
DA:172,10088063165309911040
DA:173,1441151880758558720
DA:174,0
DA:178,2882303761517117440
DA:179,1441151880758558720
DA:181,7205759403792793600
DA:182,4323455642275676160
DA:184,2738188573441261568
DA:185,1297036692682702848
DA:188,144115188075855872
DA:207,288230376151711744
DA:208,576460752303423488
DA:209,0
DA:211,576460752303423488
DA:212,288230376151711744
DA:214,2017612633061982208
DA:215,576460752303423488
DA:216,288230376151711744
DA:217,864691128455135232
DA:218,288230376151711744
LF:50
LH:46
end_of_record
TN:
SF:C:\Repos\mpmahj\crates\mahjong_core\src\player.rs
FN:56,Seat::right
FN:66,Seat::across
FN:76,Seat::left
FN:94,Seat::all
FN:106,Seat::index
FN:123,Seat::from_index
FN:163,Player::new
FN:184,Player::is_active
FN:191,Player::can_act
FNF:9
FNDA:12682136550675316736,Seat::right
FNDA:13330654897016668160,Seat::across
FNDA:5548434740920451072,Seat::left
FNDA:13618885273168379904,Seat::all
FNDA:14987979559889010688,Seat::index
FNDA:360287970189639828,Seat::from_index
FNDA:792633534417207296,Player::new
FNDA:216172782113783808,Player::is_active
FNDA:3242591731706757120,Player::can_act
DA:56,12682136550675316736
DA:57,12682136550675316736
DA:58,7854277750134145024
DA:59,2017612633061982208
DA:60,1441151880758558720
DA:61,1369094286720630784
DA:66,13330654897016668160
DA:67,13330654897016668160
DA:68,5548434740920451072
DA:69,2666130979403333632
DA:70,2594073385365405696
DA:71,2522015791327477760
DA:76,5548434740920451072
DA:77,5548434740920451072
DA:78,3530822107858468864
DA:79,648518346341351424
DA:80,648518346341351424
DA:81,720575940379279360
DA:94,13618885273168379904
DA:95,3963167672086036480
DA:106,14987979559889010688
DA:107,14987979559889010688
DA:108,12393906174523604992
DA:109,13546827679130451968
DA:110,13835058055282163712
DA:111,12105675798371893248
DA:123,360287970189639828
DA:124,360287970189639828
DA:125,72057594037928084
DA:126,72057594037927936
DA:127,72057594037927936
DA:128,72057594037927936
DA:129,72057594037927936
DA:163,792633534417207296
DA:167,1585267068834414592
DA:184,216172782113783808
DA:185,360287970189639680
DA:191,3242591731706757120
DA:192,5620492334958379008
LF:39
LH:39
end_of_record
TN:
SF:C:\Repos\mpmahj\crates\mahjong_core\src\rules\card.rs
FN:120,UnifiedCard::from_json
FN:158,UnifiedCard::to_analysis_table
FNF:2
FNDA:11313042263954686596,UnifiedCard::from_json
FNDA:11313042263954685970,UnifiedCard::to_analysis_table
DA:120,11313042263954686596
DA:121,4179340454199821576
DA:158,11313042263954685970
DA:159,4179340454199820324
DA:160,17870283321406128138
DA:161,2810246167479189532
DA:162,12826251738751172662
DA:163,12826251738751172662
DA:164,12826251738751172662
DA:165,12826251738751172662
DA:166,12826251738751172662
DA:167,14699749183737298980
DA:168,14699749183737298980
DA:169,12826251738751172662
DA:170,16573246628723425298
DA:174,11313042263954685970
LF:16
LH:16
end_of_record
TN:
SF:C:\Repos\mpmahj\crates\mahjong_core\src\rules\validator.rs
FN:67,HandValidator::new
FN:92,HandValidator::analyze
FN:147,HandValidator::validate_win
FN:175,HandValidator::histogram_for_variation
FNF:4
FNDA:11313042263954686071,HandValidator::new
FNDA:864691128455135230,HandValidator::analyze
FNDA:5620492334958379091,HandValidator::validate_win
FNDA:288230376151711737,HandValidator::histogram_for_variation
DA:67,11313042263954686071
DA:69,11313042263954686071
DA:92,864691128455135230
DA:93,3458764513820540920
DA:95,4323455642275676150
DA:97,9511602413006492678
DA:98,5071
DA:101,11529215046068462335
DA:106,6917529027641077401
DA:107,6917529027641077401
DA:108,6917529027641077401
DA:109,4611686018427384934
DA:110,4611686018427384934
DA:111,6917529027641077401
DA:112,6917529027641077401
DA:113,2305843009213692467
DA:118,4971973988617027682
DA:119,6485183463413514444
DA:120,13763000461244168465
DA:121,3458764513820572242
DA:125,4323455642275676150
DA:147,5620492334958379091
DA:149,5620492334958379091
DA:150,8358680908399640594
DA:153,1729382256910270788
DA:155,10088063165309911202
DA:156,5044031582654955601
DA:157,648518346341351424
DA:160,4395513236313604177
DA:175,288230376151711737
DA:176,288230376151711737
DA:178,16717361816799281137
DA:179,864691128455138647
LF:33
LH:33
end_of_record
TN:
SF:C:\Repos\mpmahj\crates\mahjong_core\src\scoring.rs
FN:75,calculate_score
FN:158,calculate_payments
FN:242,calculate_next_dealer
FN:286,build_win_result
FN:360,build_draw_result
FN:405,build_abandon_result
FN:436,is_hand_concealed
FNF:7
FNDA:1513209474796486656,calculate_score
FNDA:1873497444986126336,calculate_payments
FNDA:1729382256910270464,calculate_next_dealer
FNDA:1224979098644774912,build_win_result
FNDA:216172782113783808,build_draw_result
FNDA:144115188075855872,build_abandon_result
FNDA:1369094286720630784,is_hand_concealed
DA:75,1513209474796486656
DA:83,3026418949592973312
DA:86,3170534137668829184
DA:87,144115188075855872
DA:89,1369094286720630784
DA:92,3170534137668829184
DA:93,144115188075855872
DA:95,1369094286720630784
DA:99,3026418949592973312
DA:101,3026418949592973312
DA:104,3026418949592973312
DA:105,720575940379279360
DA:106,1152921504606846976
DA:110,18374686479671623680
DA:111,1513209474796486656
DA:112,1513209474796486656
DA:113,1513209474796486656
DA:114,1513209474796486656
DA:115,1513209474796486656
DA:118,3026418949592973312
DA:119,1513209474796486656
DA:120,4539628424389459968
DA:124,1513209474796486656
DA:125,1513209474796486656
DA:126,1513209474796486656
DA:127,1513209474796486656
DA:128,1513209474796486656
DA:158,1873497444986126336
DA:165,3746994889972252672
DA:168,2449958197289549824
DA:170,1152921504606846976
DA:173,936748722493063168
DA:174,360287970189639680
DA:177,2305843009213693952
DA:180,2305843009213693952
DA:181,2882303761517117440
DA:182,4035225266123964416
DA:183,1152921504606846976
DA:186,2305843009213693952
DA:189,1873497444986126336
DA:190,720575940379279360
DA:193,4611686018427387904
DA:196,576460752303423488
DA:200,5188146770730811392
DA:202,6485183463413514240
DA:203,5188146770730811392
DA:204,1297036692682702848
DA:208,7782220156096217088
DA:211,7349874591868649472
DA:212,3458764513820540928
DA:215,15564440312192434176
DA:218,1297036692682702848
DA:242,1729382256910270464
DA:244,3458764513820540928
DA:286,1224979098644774912
DA:297,2449958197289549824
DA:298,1513209474796486656
DA:299,1224979098644774912
DA:304,1224979098644774912
DA:305,1224979098644774912
DA:306,1224979098644774912
DA:307,1224979098644774912
DA:308,1224979098644774912
DA:309,1224979098644774912
DA:313,2449958197289549824
DA:314,2449958197289549824
DA:316,12249790986447749120
DA:317,14699749183737298944
DA:318,3674937295934324736
DA:320,4899916394579099648
DA:323,4899916394579099648
DA:326,2449958197289549824
DA:327,2449958197289549824
DA:328,2449958197289549824
DA:360,216172782113783808
DA:361,864691128455135232
DA:363,432345564227567616
DA:365,1080863910568919040
DA:405,144115188075855872
DA:411,288230376151711744
DA:413,288230376151711744
DA:415,720575940379279360
DA:425,144115188075855872
DA:436,1369094286720630784
DA:437,2738188573441261568
LF:85
LH:85
end_of_record
TN:
SF:C:\Repos\mpmahj\crates\mahjong_core\src\snapshot.rs
FN:109,GameStateSnapshot::card_year
FN:123,GameStateSnapshot::timer_mode
FN:138,GameStateSnapshot::timers_visible
FNF:3
FNDA:72057594037927936,GameStateSnapshot::card_year
FNDA:360287970189639680,GameStateSnapshot::timer_mode
FNDA:288230376151711744,GameStateSnapshot::timers_visible
DA:109,72057594037927936
DA:110,72057594037927936
DA:123,360287970189639680
DA:124,360287970189639680
DA:138,288230376151711744
DA:139,432345564227567616
LF:6
LH:6
end_of_record
TN:
SF:C:\Repos\mpmahj\crates\mahjong_core\src\table\bot.rs
FN:12,get_bot_command
FNF:1
FNDA:0,get_bot_command
DA:12,0
DA:17,0
DA:19,0
DA:21,0
DA:22,0
DA:23,0
DA:24,0
DA:25,0
DA:26,0
DA:33,0
DA:34,0
DA:35,0
DA:36,0
DA:37,0
DA:41,0
DA:46,0
DA:48,0
DA:49,0
DA:50,0
DA:51,0
DA:54,0
DA:56,0
DA:57,0
DA:58,0
DA:62,0
DA:63,0
DA:64,0
DA:65,0
DA:66,0
DA:69,0
DA:71,0
DA:72,0
DA:74,0
DA:76,0
DA:77,0
DA:78,0
DA:82,0
DA:83,0
DA:84,0
DA:85,0
DA:87,0
DA:91,0
DA:92,0
DA:93,0
DA:100,0
DA:104,0
DA:105,0
DA:110,0
DA:111,0
DA:113,0
DA:117,0
DA:118,0
DA:122,0
DA:124,0
DA:125,0
DA:126,0
DA:127,0
DA:128,0
DA:133,0
DA:134,0
DA:139,0
DA:140,0
DA:141,0
DA:143,0
DA:145,0
DA:146,0
DA:148,0
DA:149,0
DA:150,0
DA:151,0
DA:152,0
DA:157,0
DA:158,0
DA:159,0
DA:160,0
DA:165,0
DA:169,0
LF:77
LH:0
end_of_record
TN:
SF:C:\Repos\mpmahj\crates\mahjong_core\src\table\handlers\charleston.rs
FN:23,remove_tiles_from_players
FN:53,calculate_exchanges
FN:84,apply_exchanges
FN:126,advance_charleston_stage
FN:260,pass_tiles
FN:443,vote_charleston
FN:502,propose_courtesy_pass
FN:563,accept_courtesy_pass
FNF:8
FNDA:9223372036854775808,remove_tiles_from_players
FNDA:2305843009213693952,calculate_exchanges
FNDA:1585267068834414592,apply_exchanges
FNDA:2305843009213693952,advance_charleston_stage
FNDA:9655717601082343424,pass_tiles
FNDA:1729382256910270464,vote_charleston
FNDA:2882303761517117440,propose_courtesy_pass
FNDA:1729382256910270464,accept_courtesy_pass
DA:23,9223372036854775808
DA:25,9223372036854775808
DA:26,6052837899185946624
DA:27,15276209936040722432
DA:32,0
DA:33,0
DA:34,9223372036854775808
DA:53,2305843009213693952
DA:54,4611686018427387904
DA:56,4611686018427387904
DA:57,4611686018427387904
DA:59,11529215046068469760
DA:60,0
DA:61,9223372036854775808
DA:62,0
DA:68,2305843009213693952
DA:84,1585267068834414592
DA:85,3170534137668829184
DA:87,14267403619509731328
DA:88,576460752303423488
DA:89,7493989779944505344
DA:90,1152921504606846976
DA:92,576460752303423488
DA:93,12682136550675316736
DA:94,12682136550675316736
DA:95,6341068275337658368
DA:100,1585267068834414592
DA:126,2305843009213693952
DA:127,4611686018427387904
DA:130,4611686018427387904
DA:131,432345564227567616
DA:132,0
DA:133,1873497444986126336
DA:141,1873497444986126336
DA:142,3746994889972252672
DA:145,0
DA:149,4611686018427387904
DA:151,1152921504606846976
DA:152,1729382256910270464
DA:153,1152921504606846976
DA:154,576460752303423488
DA:156,2882303761517117440
DA:157,11529215046068469760
DA:158,2305843009213693952
DA:159,4611686018427387904
DA:161,0
DA:167,0
DA:172,5188146770730811392
DA:173,6917529027641081856
DA:174,13835058055282163712
DA:175,11529215046068469760
DA:182,6917529027641081856
DA:183,4611686018427387904
DA:184,2305843009213693952
DA:188,6917529027641081856
DA:189,2305843009213693952
DA:193,4611686018427387904
DA:194,6917529027641081856
DA:195,6917529027641081856
DA:196,4611686018427387904
DA:197,4611686018427387904
DA:198,2305843009213693952
DA:199,2305843009213693952
DA:205,4611686018427387904
DA:207,2305843009213693952
DA:260,9655717601082343424
DA:266,864691128455135232
DA:267,10520408729537478656
DA:270,432345564227567616
DA:271,9223372036854775808
DA:275,864691128455135232
DA:276,9655717601082343424
DA:277,2594073385365405696
DA:279,5188146770730811392
DA:280,7782220156096217088
DA:281,5188146770730811392
DA:285,3891110078048108544
DA:286,2594073385365405696
DA:287,2594073385365405696
DA:288,1297036692682702848
DA:294,10520408729537478656
DA:295,10520408729537478656
DA:298,1729382256910270464
DA:299,864691128455135232
DA:300,9655717601082343424
DA:301,9655717601082343424
DA:302,10520408729537478656
DA:303,1729382256910270464
DA:304,10520408729537478656
DA:307,864691128455135232
DA:309,4611686018427387904
DA:310,5764607523034234880
DA:312,0
DA:315,0
DA:316,0
DA:320,0
DA:321,0
DA:325,2305843009213693952
DA:326,6917529027641081856
DA:327,4611686018427387904
DA:331,4611686018427387904
DA:332,9223372036854775808
DA:333,4611686018427387904
DA:335,7349874591868649472
DA:338,0
DA:342,9655717601082343424
DA:344,2305843009213693952
DA:349,0
DA:350,0
DA:351,0
DA:352,0
DA:354,0
DA:355,0
DA:356,0
DA:357,0
DA:358,0
DA:362,0
DA:367,0
DA:368,0
DA:369,0
DA:370,0
DA:376,0
DA:377,0
DA:381,0
DA:382,0
DA:383,0
DA:387,3891110078048108544
DA:388,2305843009213693952
DA:392,2305843009213693952
DA:395,1441151880758558720
DA:396,1441151880758558720
DA:397,3602879701896396800
DA:398,11529215046068469760
DA:399,14411518807585587200
DA:400,8646911284551352320
DA:401,8646911284551352320
DA:402,8646911284551352320
DA:403,5764607523034234880
DA:404,11529215046068469760
DA:407,8646911284551352320
DA:408,5764607523034234880
DA:409,5764607523034234880
DA:410,2882303761517117440
DA:418,7926335344172072960
DA:419,3170534137668829184
DA:423,9223372036854775808
DA:424,6917529027641081856
DA:428,9655717601082343424
DA:443,1729382256910270464
DA:444,5188146770730811392
DA:446,3458764513820540928
DA:447,6917529027641081856
DA:450,3458764513820540928
DA:451,864691128455135232
DA:452,1297036692682702848
DA:453,864691128455135232
DA:454,432345564227567616
DA:458,864691128455135232
DA:462,864691128455135232
DA:463,432345564227567616
DA:464,864691128455135232
DA:466,432345564227567616
DA:467,864691128455135232
DA:470,864691128455135232
DA:472,1297036692682702848
DA:473,432345564227567616
DA:476,1297036692682702848
DA:477,1297036692682702848
DA:478,864691128455135232
DA:479,864691128455135232
DA:480,432345564227567616
DA:481,432345564227567616
DA:488,1729382256910270464
DA:502,2882303761517117440
DA:503,8646911284551352320
DA:504,2882303761517117440
DA:505,2882303761517117440
DA:508,5764607523034234880
DA:509,2882303761517117440
DA:510,2882303761517117440
DA:511,8646911284551352320
DA:514,7782220156096217088
DA:515,1729382256910270464
DA:517,1152921504606846976
DA:521,8646911284551352320
DA:523,2882303761517117440
DA:524,2882303761517117440
DA:526,4323455642275676160
DA:527,2882303761517117440
DA:529,2882303761517117440
DA:533,1873497444986126336
DA:534,1297036692682702848
DA:535,864691128455135232
DA:536,432345564227567616
DA:537,432345564227567616
DA:542,4323455642275676160
DA:543,1441151880758558720
DA:544,1441151880758558720
DA:549,2882303761517117440
DA:563,1729382256910270464
DA:564,3458764513820540928
DA:567,4755801206503243776
DA:568,864691128455135232
DA:570,864691128455135232
DA:573,5188146770730811392
DA:574,5188146770730811392
DA:576,0
DA:580,3458764513820540928
DA:581,3458764513820540928
DA:584,0
DA:588,5188146770730811392
DA:589,4035225266123964416
DA:590,2305843009213693952
DA:595,5188146770730811392
DA:596,3458764513820540928
DA:597,1729382256910270464
DA:601,5188146770730811392
DA:602,3458764513820540928
DA:604,3458764513820540928
DA:605,6917529027641081856
DA:606,5188146770730811392
DA:609,5188146770730811392
DA:610,3458764513820540928
DA:611,1729382256910270464
DA:612,3458764513820540928
DA:613,5188146770730811392
DA:614,1729382256910270464
DA:615,1729382256910270464
DA:616,1729382256910270464
DA:617,3458764513820540928
DA:618,5188146770730811392
DA:619,1729382256910270464
DA:621,1729382256910270464
DA:624,1729382256910270464
DA:627,1729382256910270464
DA:631,1297036692682702848
DA:632,1297036692682702848
DA:634,1297036692682702848
DA:635,1297036692682702848
DA:640,3891110078048108544
DA:641,432345564227567616
DA:646,3458764513820540928
DA:647,2594073385365405696
DA:648,3170534137668829184
DA:649,2305843009213693952
DA:651,2594073385365405696
DA:652,1729382256910270464
DA:653,2594073385365405696
DA:654,864691128455135232
DA:660,1729382256910270464
DA:661,1297036692682702848
DA:662,1297036692682702848
DA:663,864691128455135232
DA:664,864691128455135232
DA:668,1297036692682702848
DA:669,864691128455135232
DA:670,1297036692682702848
DA:671,864691128455135232
DA:672,432345564227567616
DA:677,1729382256910270464
LF:260
LH:225
end_of_record
TN:
SF:C:\Repos\mpmahj\crates\mahjong_core\src\table\handlers\playing.rs
FN:26,draw_tile
FN:168,discard_tile
FN:290,declare_call_intent
FN:345,pass
FN:382,resolve_call_window
FNF:5
FNDA:720575940379279360,draw_tile
FNDA:2666130979403333632,discard_tile
FNDA:1441151880758558720,declare_call_intent
FNDA:3458764513820540928,pass
FNDA:1945555039024054272,resolve_call_window
DA:26,720575940379279360
DA:27,1441151880758558720
DA:30,2161727821137838080
DA:31,720575940379279360
DA:33,576460752303423488
DA:36,1008806316530991104
DA:38,432345564227567616
DA:39,144115188075855872
DA:40,144115188075855872
DA:41,144115188075855872
DA:45,432345564227567616
DA:46,144115188075855872
DA:48,1873497444986126336
DA:52,144115188075855872
DA:53,144115188075855872
DA:54,144115188075855872
DA:57,288230376151711744
DA:59,432345564227567616
DA:60,144115188075855872
DA:61,144115188075855872
DA:62,144115188075855872
DA:66,144115188075855872
DA:70,0
DA:71,0
DA:73,0
DA:74,0
DA:75,0
DA:76,0
DA:79,0
DA:80,0
DA:81,0
DA:82,0
DA:87,0
DA:91,1008806316530991104
DA:93,1729382256910270464
DA:94,864691128455135232
DA:98,432345564227567616
DA:101,1297036692682702848
DA:102,864691128455135232
DA:103,432345564227567616
DA:107,1297036692682702848
DA:108,432345564227567616
DA:112,864691128455135232
DA:113,2594073385365405696
DA:114,1297036692682702848
DA:115,864691128455135232
DA:116,1297036692682702848
DA:117,432345564227567616
DA:118,432345564227567616
DA:124,432345564227567616
DA:125,144115188075855872
DA:129,432345564227567616
DA:130,144115188075855872
DA:132,1873497444986126336
DA:136,576460752303423488
DA:138,432345564227567616
DA:140,432345564227567616
DA:141,144115188075855872
DA:142,144115188075855872
DA:146,576460752303423488
DA:168,2666130979403333632
DA:169,5332261958806667264
DA:172,10664523917613334528
DA:173,5332261958806667264
DA:177,2666130979403333632
DA:180,7998392938210000896
DA:181,2666130979403333632
DA:182,2666130979403333632
DA:185,7998392938210000896
DA:188,5332261958806667264
DA:190,1152921504606846976
DA:191,1729382256910270464
DA:192,0
DA:193,0
DA:194,0
DA:197,0
DA:198,0
DA:200,0
DA:204,0
DA:205,0
DA:206,0
DA:209,0
DA:211,0
DA:212,0
DA:213,0
DA:216,0
DA:223,576460752303423488
DA:224,288230376151711744
DA:225,288230376151711744
DA:227,864691128455135232
DA:228,288230376151711744
DA:229,288230376151711744
DA:232,288230376151711744
DA:236,4755801206503243776
DA:237,9511602413006487552
DA:239,7133701809754865664
DA:240,2377900603251621888
DA:241,10232178353385766912
DA:244,4755801206503243776
DA:247,4755801206503243776
DA:248,4755801206503243776
DA:249,288230376151711744
DA:250,72057594037927936
DA:256,2305843009213693952
DA:257,2305843009213693952
DA:258,2305843009213693952
DA:259,2305843009213693952
DA:261,2305843009213693952
DA:263,6917529027641081856
DA:264,4611686018427387904
DA:265,4611686018427387904
DA:266,11529215046068469760
DA:267,4611686018427387904
DA:268,2305843009213693952
DA:269,2305843009213693952
DA:275,2305843009213693952
DA:290,1441151880758558720
DA:295,2882303761517117440
DA:299,1441151880758558720
DA:300,1441151880758558720
DA:302,1441151880758558720
DA:306,2882303761517117440
DA:309,7205759403792793600
DA:310,4323455642275676160
DA:313,4323455642275676160
DA:315,2882303761517117440
DA:316,5764607523034234880
DA:317,7782220156096217088
DA:321,2882303761517117440
DA:322,576460752303423488
DA:323,144115188075855872
DA:327,1297036692682702848
DA:345,3458764513820540928
DA:346,6917529027641081856
DA:350,3458764513820540928
DA:351,3458764513820540928
DA:353,3458764513820540928
DA:355,10376293541461622784
DA:357,6917529027641081856
DA:358,13835058055282163712
DA:359,13258597302978740224
DA:363,6917529027641081856
DA:364,5764607523034234880
DA:365,1441151880758558720
DA:369,2017612633061982208
DA:382,1945555039024054272
DA:383,3891110078048108544
DA:386,1945555039024054272
DA:387,1945555039024054272
DA:388,1945555039024054272
DA:390,1945555039024054272
DA:392,5836665117072162816
DA:393,3891110078048108544
DA:394,3891110078048108544
DA:397,3891110078048108544
DA:398,3891110078048108544
DA:400,5836665117072162816
DA:401,3891110078048108544
DA:402,1945555039024054272
DA:406,1945555039024054272
DA:409,2377900603251621888
DA:411,3170534137668829184
DA:412,4755801206503243776
DA:413,0
DA:414,0
DA:415,0
DA:418,0
DA:419,0
DA:421,0
DA:425,0
DA:426,0
DA:427,0
DA:430,0
DA:432,0
DA:433,0
DA:434,0
DA:437,0
DA:440,1585267068834414592
DA:441,1585267068834414592
DA:442,792633534417207296
DA:443,792633534417207296
DA:444,2377900603251621888
DA:445,792633534417207296
DA:446,792633534417207296
DA:449,864691128455135232
DA:452,1729382256910270464
DA:453,432345564227567616
DA:457,1729382256910270464
DA:458,1297036692682702848
DA:461,1297036692682702848
DA:462,864691128455135232
DA:463,864691128455135232
DA:464,432345564227567616
DA:465,432345564227567616
DA:469,864691128455135232
DA:470,2161727821137838080
DA:471,432345564227567616
DA:472,432345564227567616
DA:474,1297036692682702848
DA:475,864691128455135232
DA:476,864691128455135232
DA:477,1297036692682702848
DA:478,432345564227567616
DA:479,432345564227567616
DA:484,720575940379279360
DA:487,2161727821137838080
DA:490,2882303761517117440
DA:491,720575940379279360
DA:494,2882303761517117440
DA:495,1441151880758558720
DA:504,1441151880758558720
DA:506,2161727821137838080
DA:507,720575940379279360
DA:508,720575940379279360
DA:512,2161727821137838080
DA:513,1441151880758558720
DA:514,720575940379279360
DA:515,720575940379279360
DA:521,1945555039024054272
LF:219
LH:180
end_of_record
TN:
SF:C:\Repos\mpmahj\crates\mahjong_core\src\table\handlers\setup.rs
FN:26,roll_dice
FN:82,ready_to_start
FNF:2
FNDA:1513209474796486656,roll_dice
FNDA:7493989779944505344,ready_to_start
DA:26,1513209474796486656
DA:28,3026418949592973312
DA:29,6052837899185946624
DA:32,6052837899185946624
DA:34,3026418949592973312
DA:35,1513209474796486656
DA:36,1513209474796486656
DA:37,1513209474796486656
DA:42,3026418949592973312
DA:43,3026418949592973312
DA:46,3026418949592973312
DA:48,16645304222761353216
DA:49,5332261958806667264
DA:50,10736581511651262464
DA:51,11673330234144325632
DA:54,17509995351216488448
DA:55,5836665117072162816
DA:61,3026418949592973312
DA:64,1513209474796486656
DA:82,7493989779944505344
DA:83,4035225266123964416
DA:85,14987979559889010688
DA:88,7493989779944505344
DA:90,5620492334958379008
DA:91,3746994889972252672
DA:92,1873497444986126336
DA:94,6629298651489370166
DA:95,1873497444986126336
DA:97,0
DA:98,0
DA:99,0
DA:102,0
DA:103,0
DA:104,0
DA:107,0
DA:113,0
DA:117,0
DA:118,0
DA:119,0
DA:120,0
DA:125,0
DA:126,0
DA:127,0
DA:128,0
DA:129,0
DA:130,0
DA:131,0
DA:135,0
DA:136,0
DA:137,0
DA:138,0
DA:141,0
DA:142,0
DA:143,0
DA:144,0
DA:145,0
DA:147,0
DA:148,0
DA:152,0
DA:153,0
DA:154,0
DA:158,0
DA:160,0
DA:165,3746994889972252672
DA:168,3746994889972252672
DA:169,3746994889972252672
DA:171,5620492334958379008
DA:172,1873497444986126336
DA:175,5620492334958379008
DA:176,3746994889972252672
DA:177,3746994889972252672
DA:178,1873497444986126336
DA:179,1873497444986126336
DA:183,7493989779944505344
LF:74
LH:39
end_of_record
TN:
SF:C:\Repos\mpmahj\crates\mahjong_core\src\table\handlers\win.rs
FN:45,declare_mahjong
FN:345,abandon_game
FN:388,exchange_joker
FN:436,exchange_blank
FN:495,add_to_exposure
FNF:5
FNDA:2305843009213693952,declare_mahjong
FNDA:0,abandon_game
FNDA:288230376151711744,exchange_joker
FNDA:72057594037927936,exchange_blank
FNDA:720575940379279360,add_to_exposure
DA:45,2305843009213693952
DA:51,4611686018427387904
DA:54,6485183463413514240
DA:56,864691128455135232
DA:57,864691128455135232
DA:58,864691128455135232
DA:59,2017612633061982208
DA:61,864691128455135232
DA:63,432345564227567616
DA:64,288230376151711744
DA:65,144115188075855872
DA:67,144115188075855872
DA:69,720575940379279360
DA:71,1441151880758558720
DA:75,6485183463413514240
DA:76,6485183463413514240
DA:78,0
DA:79,0
DA:80,0
DA:82,0
DA:87,2161727821137838080
DA:88,1441151880758558720
DA:89,720575940379279360
DA:90,1297036692682702848
DA:91,1729382256910270464
DA:92,864691128455135232
DA:99,4323455642275676160
DA:100,2161727821137838080
DA:102,4755801206503243776
DA:105,2161727821137838080
DA:107,2161727821137838080
DA:109,2161727821137838080
DA:110,720575940379279360
DA:111,720575940379279360
DA:112,720575940379279360
DA:114,2161727821137838080
DA:115,1441151880758558720
DA:116,1441151880758558720
DA:117,720575940379279360
DA:118,720575940379279360
DA:121,2161727821137838080
DA:122,1441151880758558720
DA:123,720575940379279360
DA:126,720575940379279360
DA:127,1152921504606846976
DA:128,1729382256910270464
DA:129,0
DA:130,0
DA:131,0
DA:134,0
DA:135,0
DA:137,0
DA:141,0
DA:142,0
DA:143,0
DA:146,0
DA:148,0
DA:149,0
DA:150,0
DA:153,0
DA:160,576460752303423488
DA:161,288230376151711744
DA:162,288230376151711744
DA:164,864691128455135232
DA:165,288230376151711744
DA:166,288230376151711744
DA:169,720575940379279360
DA:173,3746994889972252672
DA:176,864691128455135232
DA:178,864691128455135232
DA:179,288230376151711744
DA:180,288230376151711744
DA:181,288230376151711744
DA:183,864691128455135232
DA:184,576460752303423488
DA:185,288230376151711744
DA:187,864691128455135232
DA:188,576460752303423488
DA:189,288230376151711744
DA:194,288230376151711744
DA:196,576460752303423488
DA:197,864691128455135232
DA:198,0
DA:199,0
DA:200,0
DA:203,0
DA:204,0
DA:206,0
DA:210,0
DA:211,0
DA:212,0
DA:215,0
DA:217,0
DA:218,0
DA:219,0
DA:222,0
DA:229,288230376151711744
DA:230,144115188075855872
DA:231,144115188075855872
DA:233,432345564227567616
DA:234,144115188075855872
DA:235,144115188075855872
DA:239,288230376151711744
DA:243,4323455642275676160
DA:245,2594073385365405696
DA:247,864691128455135232
DA:254,2305843009213693952
DA:256,576460752303423488
DA:259,0
DA:261,0
DA:262,0
DA:264,0
DA:268,864691128455135232
DA:277,1152921504606846976
DA:281,3458764513820540928
DA:283,2305843009213693952
DA:285,1441151880758558720
DA:286,3170534137668829184
DA:288,2305843009213693952
DA:290,1441151880758558720
DA:294,2305843009213693952
DA:296,1152921504606846976
DA:300,3458764513820540928
DA:301,1152921504606846976
DA:303,14987979559889010688
DA:308,1152921504606846976
DA:309,2305843009213693952
DA:310,1152921504606846976
DA:311,1152921504606846976
DA:312,1152921504606846976
DA:313,1152921504606846976
DA:314,1152921504606846976
DA:317,3458764513820540928
DA:319,3458764513820540928
DA:320,1152921504606846976
DA:321,1152921504606846976
DA:322,1152921504606846976
DA:325,3458764513820540928
DA:326,1152921504606846976
DA:327,1152921504606846976
DA:330,1152921504606846976
DA:345,0
DA:346,0
DA:347,0
DA:348,0
DA:352,0
DA:353,0
DA:355,0
DA:359,0
DA:362,0
DA:364,0
DA:365,0
DA:366,0
DA:369,0
DA:388,288230376151711744
DA:395,576460752303423488
DA:398,864691128455135232
DA:399,864691128455135232
DA:400,1152921504606846976
DA:401,288230376151711744
DA:407,1729382256910270464
DA:408,576460752303423488
DA:409,864691128455135232
DA:412,288230376151711744
DA:414,576460752303423488
DA:415,576460752303423488
DA:416,576460752303423488
DA:417,288230376151711744
DA:418,288230376151711744
DA:422,0
DA:436,72057594037927936
DA:438,216172782113783808
DA:439,72057594037927936
DA:441,0
DA:445,216172782113783808
DA:447,432345564227567616
DA:448,144115188075855872
DA:452,216172782113783808
DA:453,144115188075855872
DA:458,216172782113783808
DA:459,144115188075855872
DA:462,144115188075855872
DA:495,720575940379279360
DA:501,1441151880758558720
DA:503,2161727821137838080
DA:504,1441151880758558720
DA:505,0
DA:508,1441151880758558720
DA:511,1441151880758558720
DA:512,288230376151711744
DA:513,144115188075855872
DA:514,288230376151711744
DA:517,0
DA:522,2161727821137838080
DA:523,720575940379279360
DA:526,1441151880758558720
DA:528,2161727821137838080
DA:529,1441151880758558720
DA:530,720575940379279360
DA:531,720575940379279360
DA:535,720575940379279360
LF:201
LH:148
end_of_record
TN:
SF:C:\Repos\mpmahj\crates\mahjong_core\src\table\mod.rs
FN:125,Table::new
FN:140,Table::new_with_rules
FN:168,Table::get_player
FN:182,Table::get_player_mut
FN:188,Table::is_player_turn
FN:193,Table::set_validator
FN:212,Table::has_correct_tile_count
FN:243,Table::mark_hand_dead
FN:265,Table::next_active_player
FN:298,Table::advance_turn
FN:318,Table::transition_phase
FN:352,Table::process_command
FN:466,Table::create_snapshot
FN:480,Table::create_full_snapshot
FN:496,Table::from_snapshot
FN:567,Table::get_bot_command
FNF:16
FNDA:4683743612465315840,Table::new
FNDA:7205759403792793600,Table::new_with_rules
FNDA:8718968878589280255,Table::get_player
FNDA:6629298651489370112,Table::get_player_mut
FNDA:0,Table::is_player_turn
FNDA:1729382256910270464,Table::set_validator
FNDA:576460752303423488,Table::has_correct_tile_count
FNDA:2738188573441261568,Table::mark_hand_dead
FNDA:1801439850948198400,Table::next_active_player
FNDA:288230376151711744,Table::advance_turn
FNDA:10736581511651262464,Table::transition_phase
FNDA:9223372036854775808,Table::process_command
FNDA:864691128455135264,Table::create_snapshot
FNDA:0,Table::create_full_snapshot
FNDA:144115188075855872,Table::from_snapshot
FNDA:0,Table::get_bot_command
DA:125,4683743612465315840
DA:126,288230376151711744
DA:140,7205759403792793600
DA:142,3170534137668829184
DA:146,14411518807585587200
DA:148,14411518807585587200
DA:157,7205759403792793600
DA:168,8718968878589280255
DA:169,7710162562058289149
DA:182,6629298651489370112
DA:183,1441151880758558720
DA:188,0
DA:189,0
DA:193,1729382256910270464
DA:194,3458764513820540928
DA:212,576460752303423488
DA:213,1729382256910270464
DA:214,1729382256910270464
DA:218,864691128455135232
DA:220,0
DA:243,2738188573441261568
DA:244,10952754293765046272
DA:245,2738188573441261568
DA:265,1801439850948198400
DA:266,5404319552844595200
DA:267,3602879701896396800
DA:270,1801439850948198400
DA:271,8863084066665136128
DA:272,5620492334958379008
DA:273,1657324662872342528
DA:276,1369094286720630784
DA:277,1369094286720630784
DA:280,144115188075855872
DA:285,288230376151711744
DA:298,288230376151711744
DA:299,288230376151711744
DA:300,288230376151711744
DA:318,10736581511651262464
DA:319,3026418949592973312
DA:320,10736581511651262464
DA:321,3026418949592973312
DA:322,10736581511651262464
DA:323,10736581511651262464
DA:352,9223372036854775808
DA:354,12465963768561532928
DA:357,5980780305148018688
DA:358,216172782113783808
DA:359,1152921504606846976
DA:360,2305843009213693952
DA:364,6629298651489370112
DA:365,6629298651489370112
DA:366,6629298651489370112
[...]
FNDA:1152921504606846976,Session::to_stored
FNDA:504403158265495552,StoredSession::is_expired
FNDA:3746994889972252672,SessionStore::new
FNDA:5476377146882523136,SessionStore::add_guest_session
FNDA:288230376151711744,SessionStore::restore_session
FNDA:9439544818968559616,SessionStore::get_active
FNDA:2305843009213693952,SessionStore::disconnect_session
FNDA:72057594037927936,SessionStore::cleanup_expired
FNDA:0,SessionStore::take_stored_by_player_id
FNDA:288230376151711744,SessionStore::active_count
FNDA:432345564227567616,SessionStore::stored_count
FNDA:0,<impl Default for SessionStore>::default
DA:94,5476377146882523136
DA:95,16429131440647569408
DA:96,16429131440647569408
DA:97,16429131440647569408
DA:105,16429131440647569408
DA:106,5476377146882523136
DA:114,144115188075855872
DA:119,432345564227567616
DA:120,432345564227567616
DA:121,432345564227567616
DA:122,432345564227567616
DA:123,288230376151711744
DA:124,432345564227567616
DA:125,144115188075855872
DA:131,144115188075855872
DA:132,144115188075855872
DA:136,4467570830351532032
DA:137,8935141660703064064
DA:138,4467570830351532032
DA:139,4467570830351532032
DA:140,4467570830351532032
DA:144,1152921504606846976
DA:145,1152921504606846976
DA:149,1152921504606846976
DA:151,2305843009213693952
DA:152,2305843009213693952
DA:153,2305843009213693952
DA:154,2305843009213693952
DA:155,1152921504606846976
DA:156,1152921504606846976
DA:186,504403158265495552
DA:187,936748722493063168
DA:188,864691128455135232
DA:189,432345564227567616
DA:190,432345564227567616
DA:191,432345564227567616
DA:193,72057594037927936
DA:247,3746994889972252672
DA:249,7493989779944505344
DA:250,3746994889972252672
DA:251,3746994889972252672
DA:258,5476377146882523136
DA:262,16429131440647569408
DA:263,16429131440647569408
DA:264,16429131440647569408
DA:266,3458764513820540928
DA:267,14411518807585587200
DA:269,16429131440647569408
DA:276,288230376151711744
DA:282,720575940379279360
DA:283,288230376151711744
DA:285,288230376151711744
DA:290,288230376151711744
DA:291,0
DA:292,0
DA:293,0
DA:297,432345564227567616
DA:298,432345564227567616
DA:299,432345564227567616
DA:300,432345564227567616
DA:301,288230376151711744
DA:303,576460752303423488
DA:304,576460752303423488
DA:307,432345564227567616
DA:308,432345564227567616
DA:309,864691128455135232
DA:311,144115188075855872
DA:312,288230376151711744
DA:313,288230376151711744
DA:314,288230376151711744
DA:315,288230376151711744
DA:316,144115188075855872
DA:317,144115188075855872
DA:322,9439544818968559616
DA:323,17293822569102704640
DA:329,2305843009213693952
DA:330,3458764513820540928
DA:331,2305843009213693952
DA:332,1152921504606846976
DA:334,2305843009213693952
DA:335,3458764513820540928
DA:337,5764607523034234880
DA:338,5764607523034234880
DA:371,72057594037927936
DA:372,144115188075855872
DA:373,288230376151711744
DA:374,288230376151711744
DA:375,216172782113783808
DA:376,216172782113783808
DA:377,72057594037927936
DA:379,144115188075855872
DA:381,72057594037927936
DA:385,0
DA:386,0
DA:387,0
DA:388,0
DA:389,0
DA:390,0
DA:392,0
DA:396,288230376151711744
DA:397,576460752303423488
DA:401,432345564227567616
DA:402,864691128455135232
DA:407,0
DA:408,0
LF:105
LH:93
end_of_record
TN:
SF:C:\Repos\mpmahj\crates\mahjong_server\src\network\visibility.rs
FN:19,compute_event_delivery
FNF:1
FNDA:3026418949592973312,compute_event_delivery
DA:19,3026418949592973312
DA:28,0
DA:29,0
DA:30,0
DA:31,0
DA:32,11961560610296037376
DA:36,864691128455135232
DA:39,2161727821137838080
DA:40,9511602413006487552
DA:43,11096869481840902144
DA:45,0
DA:46,2017612633061982208
DA:47,2594073385365405696
DA:48,288230376151711744
DA:49,4899916394579099648
DA:52,0
DA:53,576460752303423488
DA:54,576460752303423488
DA:55,0
DA:57,288230376151711744
DA:61,0
DA:62,17726168133330272256
DA:65,0
LF:23
LH:14
end_of_record
TN:
SF:C:\Repos\mpmahj\crates\mahjong_server\src\network\websocket\auth.rs
FN:76,wait_for_auth_and_create_session
FN:191,process_authenticate
FN:433,rate_limit_context
FNF:3
FNDA:5908722711110090752,wait_for_auth_and_create_session
FNDA:5764607523034234880,process_authenticate
FNDA:1080863910568919041,rate_limit_context
DA:76,5908722711110090752
DA:83,5188146770730811392
DA:84,5908722711110090752
DA:85,5908722711110090752
DA:87,11817445422220181504
DA:88,11817445422220181504
DA:89,0
DA:91,0
DA:92,0
DA:94,0
DA:95,0
DA:100,5908722711110090752
DA:101,5908722711110090752
DA:102,17870283321406128128
DA:104,144115188075855872
DA:105,144115188075855872
DA:107,144115188075855872
DA:109,144115188075855872
DA:110,144115188075855872
DA:113,11529215046068469760
DA:114,11529215046068469760
DA:115,11529215046068469760
DA:116,11529215046068469760
DA:117,11529215046068469760
DA:118,5764607523034234880
DA:120,5764607523034234880
DA:124,0
DA:125,0
DA:126,0
DA:131,0
DA:135,0
DA:137,0
DA:138,0
DA:143,0
DA:191,5764607523034234880
DA:198,5764607523034234880
DA:201,16429131440647569408
DA:203,16429131440647569408
DA:204,16429131440647569408
DA:205,16429131440647569408
DA:206,16429131440647569408
DA:207,10952754293765046272
DA:211,10952754293765046272
DA:212,5476377146882523136
DA:213,5476377146882523136
DA:214,5476377146882523136
DA:215,5476377146882523136
DA:220,10952754293765046272
DA:221,10952754293765046272
DA:223,5476377146882523136
DA:224,10952754293765046272
DA:225,5476377146882523136
DA:226,5476377146882523136
DA:227,5476377146882523136
DA:231,16429131440647569408
DA:233,5476377146882523136
DA:236,0
DA:237,0
DA:239,0
DA:240,0
DA:244,0
DA:245,0
DA:247,0
DA:249,0
DA:250,0
DA:251,0
DA:253,0
DA:259,0
DA:262,0
DA:263,0
DA:264,0
DA:265,0
DA:266,0
DA:267,0
DA:268,0
DA:270,0
DA:271,0
DA:272,0
DA:276,0
DA:281,0
DA:290,0
DA:291,0
DA:292,0
DA:293,0
DA:298,0
DA:301,0
DA:302,0
DA:304,0
DA:305,0
DA:309,0
DA:310,0
DA:311,0
DA:312,0
DA:313,0
DA:317,0
DA:320,0
DA:321,0
DA:322,0
DA:323,0
DA:325,0
DA:326,0
DA:332,0
DA:333,0
DA:334,0
DA:335,0
DA:336,0
DA:340,0
DA:341,0
DA:343,0
DA:344,0
DA:345,0
DA:346,0
DA:347,0
DA:351,0
DA:355,0
DA:359,864691128455135232
DA:360,576460752303423488
DA:362,0
DA:363,0
DA:367,864691128455135232
DA:369,0
DA:370,0
DA:372,0
DA:374,0
DA:375,0
DA:378,864691128455135232
DA:379,864691128455135232
DA:380,288230376151711744
DA:381,288230376151711744
DA:383,144115188075855872
DA:384,144115188075855872
DA:386,144115188075855872
DA:387,144115188075855872
DA:393,288230376151711744
DA:394,144115188075855872
DA:395,144115188075855872
DA:396,144115188075855872
DA:397,144115188075855872
DA:402,432345564227567616
DA:403,288230376151711744
DA:404,144115188075855872
DA:406,288230376151711744
DA:407,288230376151711744
DA:408,288230376151711744
DA:410,144115188075855872
DA:411,288230376151711744
DA:412,144115188075855872
DA:413,144115188075855872
DA:414,144115188075855872
DA:417,144115188075855872
DA:433,1080863910568919041
DA:434,2161727821137838082
LF:152
LH:73
end_of_record
TN:
SF:C:\Repos\mpmahj\crates\mahjong_server\src\network\websocket\command.rs
FN:47,handle_command
FN:138,map_command_error
FNF:2
FNDA:8502796096475496448,handle_command
FNDA:792633534417207296,map_command_error
DA:47,8502796096475496448
DA:53,7782220156096217088
DA:54,1441151880758558720
DA:55,1441151880758558720
DA:56,2161727821137838080
DA:57,720575940379279360
DA:62,12682136550675316736
DA:63,12682136550675316736
DA:64,0
DA:66,15564440312192434176
DA:67,12682136550675316736
DA:68,1441151880758558720
DA:69,1441151880758558720
DA:70,2882303761517117440
DA:73,576460752303423488
DA:74,0
DA:75,0
DA:76,0
DA:79,6341068275337658368
DA:82,6341068275337658368
DA:90,576460752303423488
DA:91,12682136550675316736
DA:92,6341068275337658368
DA:93,6341068275337658368
DA:95,6341068275337658368
DA:96,0
DA:97,0
DA:98,0
DA:99,0
DA:103,0
DA:104,0
DA:105,0
DA:107,0
DA:110,0
DA:111,0
DA:112,0
DA:113,0
DA:116,0
DA:119,12682136550675316736
DA:120,576460752303423488
DA:121,6341068275337658368
DA:122,7638104968020361216
DA:127,5908722711110090752
DA:138,792633534417207296
DA:141,792633534417207296
DA:142,288230376151711744
DA:144,144115188075855872
DA:145,288230376151711744
DA:146,288230376151711744
DA:149,72057594037927936
DA:150,144115188075855872
DA:151,144115188075855872
DA:154,288230376151711744
DA:156,1729382256910270464
LF:54
LH:37
end_of_record
TN:
SF:C:\Repos\mpmahj\crates\mahjong_server\src\network\websocket\heartbeat.rs
FN:30,spawn_heartbeat
FNF:1
FNDA:5620492334958379008,spawn_heartbeat
DA:30,5620492334958379008
DA:31,4035225266123964416
LF:2
LH:2
end_of_record
TN:
SF:C:\Repos\mpmahj\crates\mahjong_server\src\network\websocket\mod.rs
FN:83,ws_handler
FN:99,handle_socket
FN:208,handle_text_message
FNF:3
FNDA:5908722711110090752,ws_handler
FNDA:11817445422220181504,handle_socket
FNDA:12249790986447749120,handle_text_message
DA:83,5908722711110090752
DA:88,17005592192950992896
DA:99,11817445422220181504
DA:100,17726168133330272256
DA:101,17726168133330272256
DA:102,17005592192950992896
DA:104,5908722711110090752
DA:107,11529215046068469760
DA:108,5908722711110090752
DA:109,5908722711110090752
DA:110,5908722711110090752
DA:111,5908722711110090752
DA:112,5908722711110090752
DA:113,5908722711110090752
DA:114,5908722711110090752
DA:117,5908722711110090752
DA:119,11240984669916758016
DA:120,288230376151711744
DA:121,288230376151711744
DA:123,288230376151711744
DA:126,0
DA:128,0
DA:132,5620492334958379008
DA:136,11240984669916758016
DA:137,11240984669916758016
DA:138,11240984669916758016
DA:142,4035225266123964416
DA:146,11529215046068469760
DA:147,12538021362599460864
DA:148,12249790986447749120
DA:149,8502796096475496448
DA:150,2594073385365405696
DA:158,12970366926827028480
DA:160,2594073385365405696
DA:164,288230376151711744
DA:165,288230376151711744
DA:169,0
DA:172,0
DA:174,0
DA:175,0
DA:176,0
DA:179,0
DA:181,720575940379279360
DA:182,720575940379279360
DA:183,720575940379279360
DA:189,1008806316530991104
DA:190,2017612633061982208
DA:192,2017612633061982208
DA:193,2017612633061982208
DA:194,2017612633061982208
DA:208,12249790986447749120
DA:214,12105675798371893248
DA:215,0
DA:219,12105675798371893248
LF:54
LH:45
end_of_record
TN:
SF:C:\Repos\mpmahj\crates\mahjong_server\src\network\websocket\responses.rs
FN:40,WsError::new
FN:51,WsError::with_context
FN:65,send_error_to_player
FN:79,send_error_to_player_with_context
FN:116,send_event_to_player
FN:129,send_envelope_to_player
FN:156,broadcast_room_event
FN:171,broadcast_room_envelope
FN:197,send_error_on_sender
FN:225,send_auth_failure
FNF:10
FNDA:2377900603251621888,WsError::new
FNDA:936748722493063168,WsError::with_context
FNDA:0,send_error_to_player
FNDA:2594073385365405696,send_error_to_player_with_context
FNDA:1585267068834414592,send_event_to_player
FNDA:5332261958806667264,send_envelope_to_player
FNDA:3314649325744685056,broadcast_room_event
FNDA:144115188075855872,broadcast_room_envelope
FNDA:144115188075855872,send_error_on_sender
FNDA:144115188075855872,send_auth_failure
DA:40,2377900603251621888
DA:51,936748722493063168
DA:55,936748722493063168
DA:65,0
DA:71,0
DA:79,2594073385365405696
DA:86,7782220156096217088
DA:87,5188146770730811392
DA:88,2594073385365405696
DA:91,5188146770730811392
DA:92,5188146770730811392
DA:94,5908722711110090752
DA:95,2882303761517117440
DA:97,5620492334958379008
DA:99,5188146770730811392
DA:101,2594073385365405696
DA:103,5188146770730811392
DA:104,2594073385365405696
DA:105,2594073385365405696
DA:106,2594073385365405696
DA:108,2594073385365405696
DA:116,1585267068834414592
DA:121,7926335344172072960
DA:129,5332261958806667264
DA:134,15996785876420001792
DA:135,10664523917613334528
DA:136,5332261958806667264
DA:138,10664523917613334528
DA:139,10664523917613334528
DA:141,10664523917613334528
DA:143,5332261958806667264
DA:144,10664523917613334528
DA:145,5332261958806667264
DA:146,5332261958806667264
DA:147,5332261958806667264
DA:148,5332261958806667264
DA:156,3314649325744685056
DA:160,6629298651489370112
DA:161,9943947977234055168
DA:162,3314649325744685056
DA:163,3314649325744685056
DA:171,144115188075855872
DA:175,288230376151711744
DA:176,432345564227567616
DA:177,288230376151711744
DA:178,288230376151711744
DA:179,288230376151711744
DA:181,144115188075855872
DA:182,288230376151711744
DA:183,144115188075855872
DA:184,144115188075855872
DA:185,144115188075855872
DA:187,144115188075855872
DA:197,144115188075855872
DA:203,432345564227567616
DA:204,576460752303423488
DA:206,0
DA:208,288230376151711744
DA:210,144115188075855872
DA:211,288230376151711744
DA:212,288230376151711744
DA:213,144115188075855872
DA:214,144115188075855872
DA:215,144115188075855872
DA:225,144115188075855872
DA:229,432345564227567616
DA:230,288230376151711744
DA:232,144115188075855872
DA:233,288230376151711744
DA:234,288230376151711744
DA:235,144115188075855872
DA:236,144115188075855872
DA:237,144115188075855872
LF:73
LH:70
end_of_record
TN:
SF:C:\Repos\mpmahj\crates\mahjong_server\src\network\websocket\room_actions.rs
FN:73,handle_create_room
FN:269,handle_join_room
FN:381,handle_leave_room
FN:488,handle_close_room
FNF:4
FNDA:1585267068834414592,handle_create_room
FNDA:1801439850948198400,handle_join_room
FNDA:216172782113783808,handle_leave_room
FNDA:216172782113783808,handle_close_room
DA:73,1585267068834414592
DA:78,3170534137668829184
DA:79,0
DA:80,0
DA:81,0
DA:82,0
DA:86,4755801206503243776
DA:87,3170534137668829184
DA:88,1585267068834414592
DA:89,1585267068834414592
DA:91,3170534137668829184
DA:92,3170534137668829184
DA:93,0
DA:94,0
DA:95,0
DA:98,3170534137668829184
DA:99,0
DA:100,0
DA:101,0
DA:104,4755801206503243776
DA:108,3170534137668829184
DA:109,1585267068834414592
DA:110,4755801206503243776
DA:113,4755801206503243776
DA:116,1585267068834414592
DA:117,1585267068834414592
DA:118,1585267068834414592
DA:119,1585267068834414592
DA:121,1585267068834414592
DA:126,3170534137668829184
DA:131,4755801206503243776
DA:132,3170534137668829184
DA:133,4755801206503243776
DA:136,4755801206503243776
DA:137,3170534137668829184
DA:138,1585267068834414592
DA:139,1585267068834414592
DA:142,1585267068834414592
DA:143,0
DA:147,3170534137668829184
DA:148,0
DA:149,0
DA:155,1585267068834414592
DA:158,3170534137668829184
DA:159,3170534137668829184
DA:162,1585267068834414592
DA:172,1585267068834414592
DA:173,3170534137668829184
DA:174,4755801206503243776
DA:178,3170534137668829184
DA:179,3170534137668829184
DA:180,9511602413006487552
DA:182,1585267068834414592
DA:183,1585267068834414592
DA:186,3170534137668829184
DA:187,3170534137668829184
DA:188,1585267068834414592
DA:189,3170534137668829184
DA:190,1585267068834414592
DA:193,1585267068834414592
DA:194,1585267068834414592
DA:197,3170534137668829184
DA:198,1585267068834414592
DA:199,3170534137668829184
DA:200,1585267068834414592
DA:201,1585267068834414592
DA:204,1585267068834414592
DA:207,1585267068834414592
DA:209,0
DA:210,0
DA:211,0
DA:212,0
DA:213,0
DA:216,0
DA:220,1585267068834414592
DA:221,0
DA:222,0
DA:223,0
DA:224,0
DA:227,0
DA:228,0
DA:232,1585267068834414592
DA:269,1801439850948198400
DA:274,3602879701896396800
DA:275,0
DA:276,0
DA:277,0
DA:278,0
DA:282,5332261958806667264
DA:283,3602879701896396800
DA:284,1801439850948198400
DA:285,2161727821137838080
DA:287,5188146770730811392
DA:288,3458764513820540928
DA:289,1729382256910270464
DA:290,1729382256910270464
DA:292,5188146770730811392
DA:293,3458764513820540928
DA:294,5188146770730811392
DA:295,1729382256910270464
DA:296,1729382256910270464
DA:297,1729382256910270464
DA:298,3458764513820540928
DA:299,6917529027641081856
DA:300,3458764513820540928
DA:303,1729382256910270464
DA:314,3458764513820540928
DA:315,3458764513820540928
DA:316,8646911284551352320
DA:318,1729382256910270464
DA:319,1729382256910270464
DA:322,3458764513820540928
DA:323,1729382256910270464
DA:324,3458764513820540928
DA:325,1729382256910270464
DA:326,1729382256910270464
DA:329,1729382256910270464
DA:332,1729382256910270464
DA:333,576460752303423488
DA:334,1152921504606846976
DA:335,576460752303423488
DA:336,720575940379279360
DA:339,720575940379279360
DA:340,288230376151711744
DA:344,1729382256910270464
DA:381,216172782113783808
DA:385,432345564227567616
DA:386,0
DA:387,0
DA:388,0
DA:389,0
DA:393,576460752303423488
DA:394,432345564227567616
DA:395,216172782113783808
DA:396,576460752303423488
DA:398,288230376151711744
DA:399,288230376151711744
DA:400,288230376151711744
DA:401,144115188075855872
DA:403,144115188075855872
DA:404,432345564227567616
DA:405,0
DA:407,144115188075855872
DA:410,432345564227567616
DA:411,288230376151711744
DA:412,144115188075855872
DA:413,144115188075855872
DA:415,144115188075855872
DA:416,288230376151711744
DA:417,288230376151711744
DA:418,0
DA:419,0
DA:420,0
DA:423,144115188075855872
DA:426,144115188075855872
DA:434,144115188075855872
DA:435,0
DA:436,0
DA:437,0
DA:438,0
DA:439,0
DA:442,864691128455135232
DA:443,144115188075855872
DA:444,144115188075855872
DA:447,288230376151711744
DA:448,720575940379279360
DA:450,144115188075855872
DA:451,144115188075855872
DA:453,144115188075855872
DA:488,216172782113783808
DA:492,432345564227567616
DA:493,0
DA:494,0
DA:495,0
DA:496,0
DA:500,144115188075855872
DA:501,864691128455135232
DA:502,288230376151711744
DA:504,288230376151711744
DA:505,144115188075855872
DA:506,144115188075855872
DA:508,144115188075855872
DA:511,432345564227567616
DA:512,288230376151711744
DA:513,144115188075855872
DA:514,144115188075855872
DA:516,144115188075855872
DA:517,288230376151711744
DA:518,288230376151711744
DA:519,576460752303423488
DA:520,576460752303423488
DA:521,1152921504606846976
DA:523,144115188075855872
DA:526,144115188075855872
DA:529,0
DA:533,432345564227567616
DA:534,864691128455135232
DA:535,576460752303423488
DA:536,576460752303423488
DA:537,288230376151711744
DA:541,288230376151711744
DA:543,432345564227567616
DA:544,2017612633061982208
DA:547,144115188075855872
LF:204
LH:157
end_of_record
TN:
SF:C:\Repos\mpmahj\crates\mahjong_server\src\network\websocket\router.rs
FN:67,dispatch_envelope
FN:118,envelope_type
FN:146,handle_pong
FNF:3
FNDA:12393906174523604992,dispatch_envelope
FNDA:12826251738751172608,envelope_type
FNDA:216172782113783808,handle_pong
DA:67,12393906174523604992
DA:78,12393906174523604992
DA:118,12826251738751172608
DA:119,12826251738751172608
DA:120,8574853690513424384
DA:121,1657324662872342528
DA:122,1801439850948198400
DA:123,144115188075855872
DA:124,144115188075855872
DA:125,360287970189639680
DA:126,72057594037927936
DA:127,72057594037927936
DA:128,0
DA:129,0
DA:130,0
DA:131,0
DA:132,0
DA:133,0
DA:134,0
DA:135,0
DA:136,0
DA:146,216172782113783808
DA:151,576460752303423488
DA:152,432345564227567616
DA:153,216172782113783808
DA:154,576460752303423488
DA:156,288230376151711744
DA:157,144115188075855872
DA:159,144115188075855872
DA:165,144115188075855872
LF:30
LH:21
end_of_record
TN:
SF:C:\Repos\mpmahj\crates\mahjong_server\src\network\websocket\state.rs
FN:72,NetworkState::new
FNF:1
FNDA:3530822107858468866,NetworkState::new
DA:72,3530822107858468866
DA:74,10592466323575406598
DA:75,10592466323575406598
DA:76,7061644215716937732
DA:114,72057594037927936
DA:115,72057594037927936
LF:6
LH:6
end_of_record
TN:
SF:C:\Repos\mpmahj\crates\mahjong_server\src\network\websocket\types.rs
FN:22,ConnectionCtx::new
FNF:1
FNDA:5764607523034234880,ConnectionCtx::new
DA:22,5764607523034234880
LF:1
LH:1
end_of_record
TN:
SF:C:\Repos\mpmahj\crates\mahjong_server\src\resources.rs
FN:71,load_card_resources
FN:144,load_validator
FNF:2
FNDA:1585267068834414592,load_card_resources
FNDA:144115188075855872,load_validator
DA:71,1585267068834414592
DA:74,3098476543630901248
DA:75,1513209474796486656
DA:76,0
DA:77,0
DA:78,0
DA:79,0
DA:81,72057594037927936
DA:82,72057594037927936
DA:87,3026418949592973312
DA:88,6052837899185946624
DA:89,3026418949592973312
DA:92,4539628424389459968
DA:93,4539628424389459968
DA:94,1513209474796486656
DA:95,1513209474796486656
DA:96,4539628424389459968
DA:97,3026418949592973312
DA:98,1513209474796486656
DA:100,17365880163140632572
DA:102,1513209474796486656
DA:103,1513209474796486656
DA:104,1513209474796486656
DA:107,0
DA:108,0
DA:109,0
DA:115,0
DA:120,0
DA:144,144115188075855872
DA:145,432345564227567616
LF:30
LH:21
end_of_record
